<?xml version="1.0" encoding="UTF-8"?>
<testsuite xmlns:xsi="http://www.w3.org/2001/XMLSchema-instance" xsi:noNamespaceSchemaLocation="https://maven.apache.org/surefire/maven-surefire-plugin/xsd/surefire-test-report-3.0.xsd" version="3.0" name="RickAndMorty.RickyMortyTest" time="2.248" tests="5" errors="0" skipped="0" failures="0">
  <properties>
[...]
</properties>
  <testcase name="[1.1:18] Get Rick Sanchez data" classname="RickAndMorty/Rick/rick-get" time="0.42">
    <system-out><![CDATA[12:33:59.801 [main] DEBUG org.apache.http.client.protocol.RequestAddCookies - CookieSpec selected: karate
12:33:59.804 [main] DEBUG org.apache.http.client.protocol.RequestAuthCache - Auth cache not set in the context
12:33:59.805 [main] DEBUG com.intuit.karate - request:
1 > GET https://rickandmortyapi.com/api/character/1
1 > Host: rickandmortyapi.com
1 > Connection: Keep-Alive
1 > User-Agent: Apache-HttpClient/4.5.14 (Java/20.0.2)
1 > Accept-Encoding: gzip,deflate


12:33:59.806 [main] DEBUG org.apache.http.impl.conn.PoolingHttpClientConnectionManager - Connection request: [route: {s}->https://rickandmortyapi.com:443][total available: 0; route allocated: 0 of 5; total allocated: 0 of 10]
12:33:59.809 [main] DEBUG org.apache.http.impl.conn.PoolingHttpClientConnectionManager - Connection leased: [id: 0][route: {s}->https://rickandmortyapi.com:443][total available: 0; route allocated: 1 of 5; total allocated: 1 of 10]
12:33:59.809 [main] DEBUG org.apache.http.impl.execchain.MainClientExec - Opening connection {s}->https://rickandmortyapi.com:443
12:33:59.816 [main] DEBUG org.apache.http.impl.conn.DefaultHttpClientConnectionOperator - Connecting to rickandmortyapi.com/52.58.254.253:443
12:33:59.817 [main] DEBUG org.apache.http.conn.ssl.SSLConnectionSocketFactory - Connecting socket to rickandmortyapi.com/52.58.254.253:443 with timeout 30000
12:33:59.893 [main] DEBUG org.apache.http.conn.ssl.SSLConnectionSocketFactory - Enabled protocols: [TLSv1.3, TLSv1.2]
12:33:59.893 [main] DEBUG org.apache.http.conn.ssl.SSLConnectionSocketFactory - Enabled cipher suites:[TLS_AES_256_GCM_SHA384, TLS_AES_128_GCM_SHA256, TLS_CHACHA20_POLY1305_SHA256, TLS_ECDHE_ECDSA_WITH_AES_256_GCM_SHA384, TLS_ECDHE_ECDSA_WITH_AES_128_GCM_SHA256, TLS_ECDHE_ECDSA_WITH_CHACHA20_POLY1305_SHA256, TLS_ECDHE_RSA_WITH_AES_256_GCM_SHA384, TLS_ECDHE_RSA_WITH_CHACHA20_POLY1305_SHA256, TLS_ECDHE_RSA_WITH_AES_128_GCM_SHA256, TLS_DHE_RSA_WITH_AES_256_GCM_SHA384, TLS_DHE_RSA_WITH_CHACHA20_POLY1305_SHA256, TLS_DHE_DSS_WITH_AES_256_GCM_SHA384, TLS_DHE_RSA_WITH_AES_128_GCM_SHA256, TLS_DHE_DSS_WITH_AES_128_GCM_SHA256, TLS_ECDHE_ECDSA_WITH_AES_256_CBC_SHA384, TLS_ECDHE_RSA_WITH_AES_256_CBC_SHA384, TLS_ECDHE_ECDSA_WITH_AES_128_CBC_SHA256, TLS_ECDHE_RSA_WITH_AES_128_CBC_SHA256, TLS_DHE_RSA_WITH_AES_256_CBC_SHA256, TLS_DHE_DSS_WITH_AES_256_CBC_SHA256, TLS_DHE_RSA_WITH_AES_128_CBC_SHA256, TLS_DHE_DSS_WITH_AES_128_CBC_SHA256, TLS_ECDHE_ECDSA_WITH_AES_256_CBC_SHA, TLS_ECDHE_RSA_WITH_AES_256_CBC_SHA, TLS_ECDHE_ECDSA_WITH_AES_128_CBC_SHA, TLS_ECDHE_RSA_WITH_AES_128_CBC_SHA, TLS_DHE_RSA_WITH_AES_256_CBC_SHA, TLS_DHE_DSS_WITH_AES_256_CBC_SHA, TLS_DHE_RSA_WITH_AES_128_CBC_SHA, TLS_DHE_DSS_WITH_AES_128_CBC_SHA, TLS_RSA_WITH_AES_256_GCM_SHA384, TLS_RSA_WITH_AES_128_GCM_SHA256, TLS_RSA_WITH_AES_256_CBC_SHA256, TLS_RSA_WITH_AES_128_CBC_SHA256, TLS_RSA_WITH_AES_256_CBC_SHA, TLS_RSA_WITH_AES_128_CBC_SHA, TLS_EMPTY_RENEGOTIATION_INFO_SCSV]
12:33:59.893 [main] DEBUG org.apache.http.conn.ssl.SSLConnectionSocketFactory - Starting handshake
12:33:59.993 [main] DEBUG org.apache.http.conn.ssl.SSLConnectionSocketFactory - Secure session established
12:33:59.993 [main] DEBUG org.apache.http.conn.ssl.SSLConnectionSocketFactory -  negotiated protocol: TLSv1.3
12:33:59.993 [main] DEBUG org.apache.http.conn.ssl.SSLConnectionSocketFactory -  negotiated cipher suite: TLS_AES_128_GCM_SHA256
12:33:59.993 [main] DEBUG org.apache.http.conn.ssl.SSLConnectionSocketFactory -  peer principal: CN=*.rickandmortyapi.com
12:33:59.993 [main] DEBUG org.apache.http.conn.ssl.SSLConnectionSocketFactory -  peer alternative names: [*.rickandmortyapi.com, rickandmortyapi.com]
12:33:59.993 [main] DEBUG org.apache.http.conn.ssl.SSLConnectionSocketFactory -  issuer principal: CN=R3, O=Let's Encrypt, C=US
12:33:59.994 [main] DEBUG org.apache.http.impl.conn.DefaultHttpClientConnectionOperator - Connection established 192.168.1.19:53799<->52.58.254.253:443
12:33:59.994 [main] DEBUG org.apache.http.impl.conn.DefaultManagedHttpClientConnection - http-outgoing-0: set socket timeout to 30000
12:33:59.994 [main] DEBUG org.apache.http.impl.execchain.MainClientExec - Executing request GET /api/character/1 HTTP/1.1
12:33:59.994 [main] DEBUG org.apache.http.impl.execchain.MainClientExec - Target auth state: UNCHALLENGED
12:33:59.995 [main] DEBUG org.apache.http.impl.execchain.MainClientExec - Proxy auth state: UNCHALLENGED
12:33:59.995 [main] DEBUG org.apache.http.headers - http-outgoing-0 >> GET /api/character/1 HTTP/1.1
12:33:59.995 [main] DEBUG org.apache.http.headers - http-outgoing-0 >> Host: rickandmortyapi.com
12:33:59.995 [main] DEBUG org.apache.http.headers - http-outgoing-0 >> Connection: Keep-Alive
12:33:59.995 [main] DEBUG org.apache.http.headers - http-outgoing-0 >> User-Agent: Apache-HttpClient/4.5.14 (Java/20.0.2)
12:33:59.995 [main] DEBUG org.apache.http.headers - http-outgoing-0 >> Accept-Encoding: gzip,deflate
12:33:59.995 [main] DEBUG org.apache.http.wire - http-outgoing-0 >> "GET /api/character/1 HTTP/1.1[\r][\n]"
12:33:59.995 [main] DEBUG org.apache.http.wire - http-outgoing-0 >> "Host: rickandmortyapi.com[\r][\n]"
12:33:59.995 [main] DEBUG org.apache.http.wire - http-outgoing-0 >> "Connection: Keep-Alive[\r][\n]"
12:33:59.995 [main] DEBUG org.apache.http.wire - http-outgoing-0 >> "User-Agent: Apache-HttpClient/4.5.14 (Java/20.0.2)[\r][\n]"
12:33:59.995 [main] DEBUG org.apache.http.wire - http-outgoing-0 >> "Accept-Encoding: gzip,deflate[\r][\n]"
12:33:59.995 [main] DEBUG org.apache.http.wire - http-outgoing-0 >> "[\r][\n]"
12:34:00.036 [main] DEBUG org.apache.http.wire - http-outgoing-0 << "HTTP/1.1 200 OK[\r][\n]"
12:34:00.036 [main] DEBUG org.apache.http.wire - http-outgoing-0 << "Access-Control-Allow-Origin: *[\r][\n]"
12:34:00.036 [main] DEBUG org.apache.http.wire - http-outgoing-0 << "Age: 87328[\r][\n]"
12:34:00.036 [main] DEBUG org.apache.http.wire - http-outgoing-0 << "Cache-Control: max-age=259200[\r][\n]"
12:34:00.036 [main] DEBUG org.apache.http.wire - http-outgoing-0 << "Content-Encoding: gzip[\r][\n]"
12:34:00.036 [main] DEBUG org.apache.http.wire - http-outgoing-0 << "Content-Length: 403[\r][\n]"
12:34:00.036 [main] DEBUG org.apache.http.wire - http-outgoing-0 << "Content-Type: application/json; charset=utf-8[\r][\n]"
12:34:00.036 [main] DEBUG org.apache.http.wire - http-outgoing-0 << "Date: Sat, 23 Sep 2023 10:34:00 GMT[\r][\n]"
12:34:00.036 [main] DEBUG org.apache.http.wire - http-outgoing-0 << "Etag: W/"a9f-I68Cx5oSPFclkl+Wy2Fr9jNsFS8"[\r][\n]"
12:34:00.036 [main] DEBUG org.apache.http.wire - http-outgoing-0 << "Expires: Mon, 25 Sep 2023 10:18:32 GMT[\r][\n]"
12:34:00.036 [main] DEBUG org.apache.http.wire - http-outgoing-0 << "Server: Netlify[\r][\n]"
12:34:00.036 [main] DEBUG org.apache.http.wire - http-outgoing-0 << "Strict-Transport-Security: max-age=31536000[\r][\n]"
12:34:00.036 [main] DEBUG org.apache.http.wire - http-outgoing-0 << "Vary: Accept-Encoding[\r][\n]"
12:34:00.036 [main] DEBUG org.apache.http.wire - http-outgoing-0 << "X-Nf-Request-Id: 01HB0SMXFZAK7BDHVZYTD31TW1[\r][\n]"
12:34:00.036 [main] DEBUG org.apache.http.wire - http-outgoing-0 << "X-Powered-By: Express[\r][\n]"
12:34:00.036 [main] DEBUG org.apache.http.wire - http-outgoing-0 << "[\r][\n]"
12:34:00.036 [main] DEBUG org.apache.http.wire - http-outgoing-0 << "[0x1f][0x8b][0x8][0x0][0x0][0x0][0x0][0x0][0x0][0x3][0x94][0xd6]OK[0xc3]0[0x18][0x6][0xf0][0xaf]RrR[0xe8][0xd6][0xbe]I[0xba][0xcd][0xde]d[0x8]^[0xbc][0xa8]'[0xc5][0xc3]K[0x1a][0xdb]h[0xff][0x91]f[0x83]9[0xf6][0xdd]M[0xc1][0xa1]7[0xf7]@[0xa1][0xe9][0xcb][0x93]7-?[0xda][0xe6](\%JJE[0xcf][0x9d][0x15][0xa5]xt[0xe6]3y[0xe2][0xde]4[0xf6]K[0xa4]b[\n]"
12:34:00.037 [main] DEBUG org.apache.http.wire - http-outgoing-0 << "[0x1c]vS[0xac][0xdf][0xb6]no[0xe7][0xc2]h[0x8d][0xb3]s[0xe5]~[0xd7]q[0x1f]+[0xe1]0[0xce][0x13][0xe3][0xa8][0xb6]}e}[0x1c]?p;g[0x7][0xef]j[0xd7][0x8b][0xf2]xn~[0xc7]>4[0xc9][0xd5]vAj}[0x1d][0x3];[0xdf][0xc6]j[0x13][0xc2]8[0x95]Y[0xe6][0xe3][0xd2][0xdc]W[0xdd][0xe0][0xc3][0x81]G[0xb7]4C[0x97][0xc5]s[0xd6][0xe][0x86][0x83][0x1b][0xfa][0x8c][0xc4])[0x15][0xe7][0xab]?m[0xb7].pe[0xdb]dxO[0xe6][0xdb][0x9f][0xf0][0xce]j[0xee][0xec]:[0xae][0xed][0x5][0xb3]L[0xc3][0x9e]M[0xb0]>[0xe3]=[0x7][0xf6][0x19]-?F[[0xc7]U[0xed][0xe8][0xa6][0xa1][0x8a]=^[0xff]m[0xf2][0x13][0x8d][0xcf][0x94]^[0x9c][0x95]@V[0x1]Y[\r]d[0xb] [0xbb][0x2][0xb2]k [0xbb][0x1][0xb2]7@[0x96]r$[0x8c][0xc8][0x11]BG[0x88][0x1d]!x[0x84][0xe8][0x11][0xc2]G[0x88][0x1f]![0x80][0x84][0x8]JDPB[0xef][0x1e]"([0x11]A[0x89][0x8]JDP"[0x82][0x12][0x11][0x94][0x88][0xa0]D[0x4][0x15]"[0xa8][0x10]A[0x5]}>[0x11]A[0x85][0x8]*DP![0x82][\n]"
12:34:00.037 [main] DEBUG org.apache.http.wire - http-outgoing-0 << "[0x11]T[0x88][0xa0]B[0x4]5"[0xa8][0x11]A[0x8d][0x8]j[0xe8][0xf][0x88][0x8]jDP#[0x82][0x1a][0x11][0xd4][0x88][0xa0]F[0x4][0xb]D[0xb0] [0xf1]v[0xe9]~[0xeb]w[0xe7]4[0xb3][0x1b]o9[0xd8][0xb8][0xfb][0x14]2[0xa7][0xf5][0x82]h[0x91][0xeb]g[0xda][0x94]:[0x1e][0xab][0xa5],[0xf2][0x17]q[0xfa][0x6][0x0][0x0][0xff][0xff][0x3][0x0][0x89][0xcc][0xd2]8[0x9f][\n]"
12:34:00.037 [main] DEBUG org.apache.http.wire - http-outgoing-0 << "[0x0][0x0]"
12:34:00.037 [main] DEBUG org.apache.http.headers - http-outgoing-0 << HTTP/1.1 200 OK
12:34:00.038 [main] DEBUG org.apache.http.headers - http-outgoing-0 << Access-Control-Allow-Origin: *
12:34:00.038 [main] DEBUG org.apache.http.headers - http-outgoing-0 << Age: 87328
12:34:00.038 [main] DEBUG org.apache.http.headers - http-outgoing-0 << Cache-Control: max-age=259200
12:34:00.038 [main] DEBUG org.apache.http.headers - http-outgoing-0 << Content-Encoding: gzip
12:34:00.038 [main] DEBUG org.apache.http.headers - http-outgoing-0 << Content-Length: 403
12:34:00.038 [main] DEBUG org.apache.http.headers - http-outgoing-0 << Content-Type: application/json; charset=utf-8
12:34:00.038 [main] DEBUG org.apache.http.headers - http-outgoing-0 << Date: Sat, 23 Sep 2023 10:34:00 GMT
12:34:00.038 [main] DEBUG org.apache.http.headers - http-outgoing-0 << Etag: W/"a9f-I68Cx5oSPFclkl+Wy2Fr9jNsFS8"
12:34:00.038 [main] DEBUG org.apache.http.headers - http-outgoing-0 << Expires: Mon, 25 Sep 2023 10:18:32 GMT
12:34:00.038 [main] DEBUG org.apache.http.headers - http-outgoing-0 << Server: Netlify
12:34:00.038 [main] DEBUG org.apache.http.headers - http-outgoing-0 << Strict-Transport-Security: max-age=31536000
12:34:00.038 [main] DEBUG org.apache.http.headers - http-outgoing-0 << Vary: Accept-Encoding
12:34:00.038 [main] DEBUG org.apache.http.headers - http-outgoing-0 << X-Nf-Request-Id: 01HB0SMXFZAK7BDHVZYTD31TW1
12:34:00.038 [main] DEBUG org.apache.http.headers - http-outgoing-0 << X-Powered-By: Express
12:34:00.039 [main] DEBUG org.apache.http.impl.execchain.MainClientExec - Connection can be kept alive indefinitely
12:34:00.040 [main] DEBUG org.apache.http.impl.conn.DefaultManagedHttpClientConnection - http-outgoing-0: Close connection
12:34:00.100 [main] DEBUG org.apache.http.impl.execchain.MainClientExec - Connection discarded
12:34:00.100 [main] DEBUG org.apache.http.impl.conn.PoolingHttpClientConnectionManager - Connection released: [id: 0][route: {s}->https://rickandmortyapi.com:443][total available: 0; route allocated: 0 of 5; total allocated: 0 of 10]
12:34:00.100 [main] DEBUG org.apache.http.impl.conn.PoolingHttpClientConnectionManager - Connection manager is shutting down
12:34:00.100 [main] DEBUG org.apache.http.impl.conn.PoolingHttpClientConnectionManager - Connection manager shut down
12:34:00.101 [main] DEBUG com.intuit.karate - response time in milliseconds: 234
1 < 200
1 < Access-Control-Allow-Origin: *
1 < Age: 87328
1 < Cache-Control: max-age=259200
1 < Content-Type: application/json; charset=utf-8
1 < Date: Sat, 23 Sep 2023 10:34:00 GMT
1 < Etag: W/"a9f-I68Cx5oSPFclkl+Wy2Fr9jNsFS8"
1 < Expires: Mon, 25 Sep 2023 10:18:32 GMT
1 < Server: Netlify
1 < Strict-Transport-Security: max-age=31536000
1 < Vary: Accept-Encoding
1 < X-Nf-Request-Id: 01HB0SMXFZAK7BDHVZYTD31TW1
1 < X-Powered-By: Express
{"id":1,"name":"Rick Sanchez","status":"Alive","species":"Human","type":"","gender":"Male","origin":{"name":"Earth (C-137)","url":"https://rickandmortyapi.com/api/location/1"},"location":{"name":"Citadel of Ricks","url":"https://rickandmortyapi.com/api/location/3"},"image":"https://rickandmortyapi.com/api/character/avatar/1.jpeg","episode":["https://rickandmortyapi.com/api/episode/1","https://rickandmortyapi.com/api/episode/2","https://rickandmortyapi.com/api/episode/3","https://rickandmortyapi.com/api/episode/4","https://rickandmortyapi.com/api/episode/5","https://rickandmortyapi.com/api/episode/6","https://rickandmortyapi.com/api/episode/7","https://rickandmortyapi.com/api/episode/8","https://rickandmortyapi.com/api/episode/9","https://rickandmortyapi.com/api/episode/10","https://rickandmortyapi.com/api/episode/11","https://rickandmortyapi.com/api/episode/12","https://rickandmortyapi.com/api/episode/13","https://rickandmortyapi.com/api/episode/14","https://rickandmortyapi.com/api/episode/15","https://rickandmortyapi.com/api/episode/16","https://rickandmortyapi.com/api/episode/17","https://rickandmortyapi.com/api/episode/18","https://rickandmortyapi.com/api/episode/19","https://rickandmortyapi.com/api/episode/20","https://rickandmortyapi.com/api/episode/21","https://rickandmortyapi.com/api/episode/22","https://rickandmortyapi.com/api/episode/23","https://rickandmortyapi.com/api/episode/24","https://rickandmortyapi.com/api/episode/25","https://rickandmortyapi.com/api/episode/26","https://rickandmortyapi.com/api/episode/27","https://rickandmortyapi.com/api/episode/28","https://rickandmortyapi.com/api/episode/29","https://rickandmortyapi.com/api/episode/30","https://rickandmortyapi.com/api/episode/31","https://rickandmortyapi.com/api/episode/32","https://rickandmortyapi.com/api/episode/33","https://rickandmortyapi.com/api/episode/34","https://rickandmortyapi.com/api/episode/35","https://rickandmortyapi.com/api/episode/36","https://rickandmortyapi.com/api/episode/37","https://rickandmortyapi.com/api/episode/38","https://rickandmortyapi.com/api/episode/39","https://rickandmortyapi.com/api/episode/40","https://rickandmortyapi.com/api/episode/41","https://rickandmortyapi.com/api/episode/42","https://rickandmortyapi.com/api/episode/43","https://rickandmortyapi.com/api/episode/44","https://rickandmortyapi.com/api/episode/45","https://rickandmortyapi.com/api/episode/46","https://rickandmortyapi.com/api/episode/47","https://rickandmortyapi.com/api/episode/48","https://rickandmortyapi.com/api/episode/49","https://rickandmortyapi.com/api/episode/50","https://rickandmortyapi.com/api/episode/51"],"url":"https://rickandmortyapi.com/api/character/1","created":"2017-11-04T18:48:46.250Z"}

12:34:00.123 [main] DEBUG com.jayway.jsonpath.internal.path.CompiledPath - Evaluating path: $['origin']
12:34:00.125 [main] DEBUG com.jayway.jsonpath.internal.path.CompiledPath - Evaluating path: $['name']
12:34:00.128 [main] DEBUG com.jayway.jsonpath.internal.path.CompiledPath - Evaluating path: $['name']
]]></system-out>
  </testcase>
  <testcase name="[1.2:19] Get Morty Smith data" classname="RickAndMorty/Rick/rick-get" time="0.271">
    <system-out><![CDATA[12:34:00.136 [main] DEBUG org.apache.http.client.protocol.RequestAddCookies - CookieSpec selected: karate
12:34:00.136 [main] DEBUG org.apache.http.client.protocol.RequestAuthCache - Auth cache not set in the context
12:34:00.136 [main] DEBUG com.intuit.karate - request:
1 > GET https://rickandmortyapi.com/api/character/2
1 > Host: rickandmortyapi.com
1 > Connection: Keep-Alive
1 > User-Agent: Apache-HttpClient/4.5.14 (Java/20.0.2)
1 > Accept-Encoding: gzip,deflate


12:34:00.136 [main] DEBUG org.apache.http.impl.conn.PoolingHttpClientConnectionManager - Connection request: [route: {s}->https://rickandmortyapi.com:443][total available: 0; route allocated: 0 of 5; total allocated: 0 of 10]
12:34:00.136 [main] DEBUG org.apache.http.impl.conn.PoolingHttpClientConnectionManager - Connection leased: [id: 1][route: {s}->https://rickandmortyapi.com:443][total available: 0; route allocated: 1 of 5; total allocated: 1 of 10]
12:34:00.136 [main] DEBUG org.apache.http.impl.execchain.MainClientExec - Opening connection {s}->https://rickandmortyapi.com:443
12:34:00.136 [main] DEBUG org.apache.http.impl.conn.DefaultHttpClientConnectionOperator - Connecting to rickandmortyapi.com/52.58.254.253:443
12:34:00.136 [main] DEBUG org.apache.http.conn.ssl.SSLConnectionSocketFactory - Connecting socket to rickandmortyapi.com/52.58.254.253:443 with timeout 30000
12:34:00.172 [main] DEBUG org.apache.http.conn.ssl.SSLConnectionSocketFactory - Enabled protocols: [TLSv1.3, TLSv1.2]
12:34:00.172 [main] DEBUG org.apache.http.conn.ssl.SSLConnectionSocketFactory - Enabled cipher suites:[TLS_AES_256_GCM_SHA384, TLS_AES_128_GCM_SHA256, TLS_CHACHA20_POLY1305_SHA256, TLS_ECDHE_ECDSA_WITH_AES_256_GCM_SHA384, TLS_ECDHE_ECDSA_WITH_AES_128_GCM_SHA256, TLS_ECDHE_ECDSA_WITH_CHACHA20_POLY1305_SHA256, TLS_ECDHE_RSA_WITH_AES_256_GCM_SHA384, TLS_ECDHE_RSA_WITH_CHACHA20_POLY1305_SHA256, TLS_ECDHE_RSA_WITH_AES_128_GCM_SHA256, TLS_DHE_RSA_WITH_AES_256_GCM_SHA384, TLS_DHE_RSA_WITH_CHACHA20_POLY1305_SHA256, TLS_DHE_DSS_WITH_AES_256_GCM_SHA384, TLS_DHE_RSA_WITH_AES_128_GCM_SHA256, TLS_DHE_DSS_WITH_AES_128_GCM_SHA256, TLS_ECDHE_ECDSA_WITH_AES_256_CBC_SHA384, TLS_ECDHE_RSA_WITH_AES_256_CBC_SHA384, TLS_ECDHE_ECDSA_WITH_AES_128_CBC_SHA256, TLS_ECDHE_RSA_WITH_AES_128_CBC_SHA256, TLS_DHE_RSA_WITH_AES_256_CBC_SHA256, TLS_DHE_DSS_WITH_AES_256_CBC_SHA256, TLS_DHE_RSA_WITH_AES_128_CBC_SHA256, TLS_DHE_DSS_WITH_AES_128_CBC_SHA256, TLS_ECDHE_ECDSA_WITH_AES_256_CBC_SHA, TLS_ECDHE_RSA_WITH_AES_256_CBC_SHA, TLS_ECDHE_ECDSA_WITH_AES_128_CBC_SHA, TLS_ECDHE_RSA_WITH_AES_128_CBC_SHA, TLS_DHE_RSA_WITH_AES_256_CBC_SHA, TLS_DHE_DSS_WITH_AES_256_CBC_SHA, TLS_DHE_RSA_WITH_AES_128_CBC_SHA, TLS_DHE_DSS_WITH_AES_128_CBC_SHA, TLS_RSA_WITH_AES_256_GCM_SHA384, TLS_RSA_WITH_AES_128_GCM_SHA256, TLS_RSA_WITH_AES_256_CBC_SHA256, TLS_RSA_WITH_AES_128_CBC_SHA256, TLS_RSA_WITH_AES_256_CBC_SHA, TLS_RSA_WITH_AES_128_CBC_SHA, TLS_EMPTY_RENEGOTIATION_INFO_SCSV]
12:34:00.172 [main] DEBUG org.apache.http.conn.ssl.SSLConnectionSocketFactory - Starting handshake
12:34:00.216 [main] DEBUG org.apache.http.conn.ssl.SSLConnectionSocketFactory - Secure session established
12:34:00.216 [main] DEBUG org.apache.http.conn.ssl.SSLConnectionSocketFactory -  negotiated protocol: TLSv1.3
12:34:00.216 [main] DEBUG org.apache.http.conn.ssl.SSLConnectionSocketFactory -  negotiated cipher suite: TLS_AES_128_GCM_SHA256
12:34:00.216 [main] DEBUG org.apache.http.conn.ssl.SSLConnectionSocketFactory -  peer principal: CN=*.rickandmortyapi.com
12:34:00.216 [main] DEBUG org.apache.http.conn.ssl.SSLConnectionSocketFactory -  peer alternative names: [*.rickandmortyapi.com, rickandmortyapi.com]
12:34:00.216 [main] DEBUG org.apache.http.conn.ssl.SSLConnectionSocketFactory -  issuer principal: CN=R3, O=Let's Encrypt, C=US
12:34:00.217 [main] DEBUG org.apache.http.impl.conn.DefaultHttpClientConnectionOperator - Connection established 192.168.1.19:53800<->52.58.254.253:443
12:34:00.217 [main] DEBUG org.apache.http.impl.conn.DefaultManagedHttpClientConnection - http-outgoing-1: set socket timeout to 30000
12:34:00.217 [main] DEBUG org.apache.http.impl.execchain.MainClientExec - Executing request GET /api/character/2 HTTP/1.1
12:34:00.217 [main] DEBUG org.apache.http.impl.execchain.MainClientExec - Target auth state: UNCHALLENGED
12:34:00.217 [main] DEBUG org.apache.http.impl.execchain.MainClientExec - Proxy auth state: UNCHALLENGED
12:34:00.217 [main] DEBUG org.apache.http.headers - http-outgoing-1 >> GET /api/character/2 HTTP/1.1
12:34:00.217 [main] DEBUG org.apache.http.headers - http-outgoing-1 >> Host: rickandmortyapi.com
12:34:00.217 [main] DEBUG org.apache.http.headers - http-outgoing-1 >> Connection: Keep-Alive
12:34:00.217 [main] DEBUG org.apache.http.headers - http-outgoing-1 >> User-Agent: Apache-HttpClient/4.5.14 (Java/20.0.2)
12:34:00.217 [main] DEBUG org.apache.http.headers - http-outgoing-1 >> Accept-Encoding: gzip,deflate
12:34:00.217 [main] DEBUG org.apache.http.wire - http-outgoing-1 >> "GET /api/character/2 HTTP/1.1[\r][\n]"
12:34:00.217 [main] DEBUG org.apache.http.wire - http-outgoing-1 >> "Host: rickandmortyapi.com[\r][\n]"
12:34:00.217 [main] DEBUG org.apache.http.wire - http-outgoing-1 >> "Connection: Keep-Alive[\r][\n]"
12:34:00.217 [main] DEBUG org.apache.http.wire - http-outgoing-1 >> "User-Agent: Apache-HttpClient/4.5.14 (Java/20.0.2)[\r][\n]"
12:34:00.217 [main] DEBUG org.apache.http.wire - http-outgoing-1 >> "Accept-Encoding: gzip,deflate[\r][\n]"
12:34:00.217 [main] DEBUG org.apache.http.wire - http-outgoing-1 >> "[\r][\n]"
12:34:00.344 [main] DEBUG org.apache.http.wire - http-outgoing-1 << "HTTP/1.1 200 OK[\r][\n]"
12:34:00.344 [main] DEBUG org.apache.http.wire - http-outgoing-1 << "Access-Control-Allow-Origin: *[\r][\n]"
12:34:00.344 [main] DEBUG org.apache.http.wire - http-outgoing-1 << "Age: 0[\r][\n]"
12:34:00.344 [main] DEBUG org.apache.http.wire - http-outgoing-1 << "Cache-Control: max-age=259200[\r][\n]"
12:34:00.344 [main] DEBUG org.apache.http.wire - http-outgoing-1 << "Content-Encoding: gzip[\r][\n]"
12:34:00.344 [main] DEBUG org.apache.http.wire - http-outgoing-1 << "Content-Length: 392[\r][\n]"
12:34:00.344 [main] DEBUG org.apache.http.wire - http-outgoing-1 << "Content-Type: application/json; charset=utf-8[\r][\n]"
12:34:00.344 [main] DEBUG org.apache.http.wire - http-outgoing-1 << "Date: Sat, 23 Sep 2023 10:34:00 GMT[\r][\n]"
12:34:00.344 [main] DEBUG org.apache.http.wire - http-outgoing-1 << "Etag: W/"a6e-zQHAPIKFfD+Wv+P+4aCju24Mapw"[\r][\n]"
12:34:00.344 [main] DEBUG org.apache.http.wire - http-outgoing-1 << "Expires: Tue, 26 Sep 2023 10:34:00 GMT[\r][\n]"
12:34:00.344 [main] DEBUG org.apache.http.wire - http-outgoing-1 << "Server: Netlify[\r][\n]"
12:34:00.344 [main] DEBUG org.apache.http.wire - http-outgoing-1 << "Strict-Transport-Security: max-age=31536000[\r][\n]"
12:34:00.344 [main] DEBUG org.apache.http.wire - http-outgoing-1 << "Vary: Accept-Encoding[\r][\n]"
12:34:00.345 [main] DEBUG org.apache.http.wire - http-outgoing-1 << "X-Nf-Request-Id: 01HB0SMXPTFH0RDVFWA4ZBH86Y[\r][\n]"
12:34:00.345 [main] DEBUG org.apache.http.wire - http-outgoing-1 << "X-Powered-By: Express[\r][\n]"
12:34:00.345 [main] DEBUG org.apache.http.wire - http-outgoing-1 << "[\r][\n]"
12:34:00.345 [main] DEBUG org.apache.http.wire - http-outgoing-1 << "[0x1f][0x8b][0x8][0x0][0x0][0x0][0x0][0x0][0x0][0x3][0x94][0xd6][0xb1]N[0xc3]0[0x10][0x6][0xe0]W[0xa9]<[0xb7]u[0xcf]v[0xda][0x92][\r][0xb1][0xb0][0xb0][0x0][0x13][0x88][0xe1][0x94][0x98][0xd4]4[0x89]#[0xc7])[0xaa][0xaa][0xbe];[0xb6]D[0x81][0x8d][0xfe]S[0xa2][0xd3][0x17]K[0x9f][0x92][0xdc]I[0xb8]Z[0x94]j.z[0xee][0xac]([0xc5][0x83][0xf][0xf1]8{[0xea]\[0xdc][0x89][0xb9][0x18]#[0xc7]iL[0xe5][0xdb][0xd6][0x1d]l.[0xc][0xb6]r6W[0xee][0xa7][0x8e][0xfb]T[0x89][0xc7]![0xf7][0xa5][0xbb][0xc6][0xf6][0xb5][\r]y[0x6][0xb7]9[0xeb][0x83]k\/[0xca][0xd3]e[0xf6][0xd4][0xef]{[0xff][0x99][0x9b][0xa6][0xd0][0xe6][0x9e][0xf3]\[0xb4][0xbe][0xe2][0xe8][0xfc][0xdf][0xd8][0x9d][0x8b]\[0xdb]v[0xe6][0xdf]g[0x8f][0xae][0xda][0x8f]?[0xf9]][0x8c][0xc3]XJ[0x19]R[0x95][0xfb][0xba][0xcb]G[0xe5][0xc1]-+[0xdf][0xc9]t[0x95][0x97]YR[0xe7][0xc9][0xae][0xe3][0xc6]^[0xd1]U[0xed]8p[0x15]m[0x90]|[0xe0][0xc8]A[0xaa][0xe5][0xc7]`[0x9b][0xf4]T;[0xb8][0xd1][0xd7]i[0xc6][0xeb][0xbf]C[0xbe][0xa3][0x92]R[0xdb][0xb5]Y[0x5]d5[0x90]5@[0xb6][0x0][0xb2]k [0xbb][0x1][0xb2][ {[0x3]di[0x85][0x84][0x11]9B[0xe8][0x8][0xb1]#[0x4][0x8f][0x10]=B[0xf8][0x8][0xf1]#[0x4][0x90][0x10]A[0x85][0x8]*[0xe8][0xdd]C[0x4][0x15]"[0xa8][0x10]A[0x85][0x8]*DP![0x82][\n]"
12:34:00.345 [main] DEBUG org.apache.http.wire - http-outgoing-1 << "[0x11]T[0x88][0xa0]F[0x4]5"[0xa8][0xa1][0xcf]'"[0xa8][0x11]A[0x8d][0x8]jDP#[0x82][0x1a][0x11][0xd4][0x88][0xa0]A[0x4][\r]"h[0x10]A[0x3][0xfd][0x1][0x11]A[0x83][0x8][0x1a]D[0xd0] [0x82][0x6][0x11]4[0x88]`[0x81][0x8][0x16]$[0xde][0xae][0xdd][0xb7]~7[0xa7],Y[0x5][0xcb][0xd1][0xa6]eR[0xa8][0x15]m[0x16]D[0x8b][0x95]y[0xa6]mY[0xac]JE[0xcb]uA/[0xe2][0xfc][0x5][0x0][0x0][0xff][0xff][0x3][0x0]{s[0x0][0x98]n[\n]"
12:34:00.345 [main] DEBUG org.apache.http.wire - http-outgoing-1 << "[0x0][0x0]"
12:34:00.345 [main] DEBUG org.apache.http.headers - http-outgoing-1 << HTTP/1.1 200 OK
12:34:00.345 [main] DEBUG org.apache.http.headers - http-outgoing-1 << Access-Control-Allow-Origin: *
12:34:00.345 [main] DEBUG org.apache.http.headers - http-outgoing-1 << Age: 0
12:34:00.345 [main] DEBUG org.apache.http.headers - http-outgoing-1 << Cache-Control: max-age=259200
12:34:00.345 [main] DEBUG org.apache.http.headers - http-outgoing-1 << Content-Encoding: gzip
12:34:00.345 [main] DEBUG org.apache.http.headers - http-outgoing-1 << Content-Length: 392
12:34:00.345 [main] DEBUG org.apache.http.headers - http-outgoing-1 << Content-Type: application/json; charset=utf-8
12:34:00.345 [main] DEBUG org.apache.http.headers - http-outgoing-1 << Date: Sat, 23 Sep 2023 10:34:00 GMT
12:34:00.345 [main] DEBUG org.apache.http.headers - http-outgoing-1 << Etag: W/"a6e-zQHAPIKFfD+Wv+P+4aCju24Mapw"
12:34:00.345 [main] DEBUG org.apache.http.headers - http-outgoing-1 << Expires: Tue, 26 Sep 2023 10:34:00 GMT
12:34:00.345 [main] DEBUG org.apache.http.headers - http-outgoing-1 << Server: Netlify
12:34:00.345 [main] DEBUG org.apache.http.headers - http-outgoing-1 << Strict-Transport-Security: max-age=31536000
12:34:00.345 [main] DEBUG org.apache.http.headers - http-outgoing-1 << Vary: Accept-Encoding
12:34:00.345 [main] DEBUG org.apache.http.headers - http-outgoing-1 << X-Nf-Request-Id: 01HB0SMXPTFH0RDVFWA4ZBH86Y
12:34:00.345 [main] DEBUG org.apache.http.headers - http-outgoing-1 << X-Powered-By: Express
12:34:00.345 [main] DEBUG org.apache.http.impl.execchain.MainClientExec - Connection can be kept alive indefinitely
12:34:00.345 [main] DEBUG org.apache.http.impl.conn.DefaultManagedHttpClientConnection - http-outgoing-1: Close connection
12:34:00.395 [main] DEBUG org.apache.http.impl.execchain.MainClientExec - Connection discarded
12:34:00.395 [main] DEBUG org.apache.http.impl.conn.PoolingHttpClientConnectionManager - Connection released: [id: 1][route: {s}->https://rickandmortyapi.com:443][total available: 0; route allocated: 0 of 5; total allocated: 0 of 10]
12:34:00.395 [main] DEBUG org.apache.http.impl.conn.PoolingHttpClientConnectionManager - Connection manager is shutting down
12:34:00.395 [main] DEBUG org.apache.http.impl.conn.PoolingHttpClientConnectionManager - Connection manager shut down
12:34:00.396 [main] DEBUG com.intuit.karate - response time in milliseconds: 209
1 < 200
1 < Access-Control-Allow-Origin: *
1 < Age: 0
1 < Cache-Control: max-age=259200
1 < Content-Type: application/json; charset=utf-8
1 < Date: Sat, 23 Sep 2023 10:34:00 GMT
1 < Etag: W/"a6e-zQHAPIKFfD+Wv+P+4aCju24Mapw"
1 < Expires: Tue, 26 Sep 2023 10:34:00 GMT
1 < Server: Netlify
1 < Strict-Transport-Security: max-age=31536000
1 < Vary: Accept-Encoding
1 < X-Nf-Request-Id: 01HB0SMXPTFH0RDVFWA4ZBH86Y
1 < X-Powered-By: Express
{"id":2,"name":"Morty Smith","status":"Alive","species":"Human","type":"","gender":"Male","origin":{"name":"unknown","url":""},"location":{"name":"Citadel of Ricks","url":"https://rickandmortyapi.com/api/location/3"},"image":"https://rickandmortyapi.com/api/character/avatar/2.jpeg","episode":["https://rickandmortyapi.com/api/episode/1","https://rickandmortyapi.com/api/episode/2","https://rickandmortyapi.com/api/episode/3","https://rickandmortyapi.com/api/episode/4","https://rickandmortyapi.com/api/episode/5","https://rickandmortyapi.com/api/episode/6","https://rickandmortyapi.com/api/episode/7","https://rickandmortyapi.com/api/episode/8","https://rickandmortyapi.com/api/episode/9","https://rickandmortyapi.com/api/episode/10","https://rickandmortyapi.com/api/episode/11","https://rickandmortyapi.com/api/episode/12","https://rickandmortyapi.com/api/episode/13","https://rickandmortyapi.com/api/episode/14","https://rickandmortyapi.com/api/episode/15","https://rickandmortyapi.com/api/episode/16","https://rickandmortyapi.com/api/episode/17","https://rickandmortyapi.com/api/episode/18","https://rickandmortyapi.com/api/episode/19","https://rickandmortyapi.com/api/episode/20","https://rickandmortyapi.com/api/episode/21","https://rickandmortyapi.com/api/episode/22","https://rickandmortyapi.com/api/episode/23","https://rickandmortyapi.com/api/episode/24","https://rickandmortyapi.com/api/episode/25","https://rickandmortyapi.com/api/episode/26","https://rickandmortyapi.com/api/episode/27","https://rickandmortyapi.com/api/episode/28","https://rickandmortyapi.com/api/episode/29","https://rickandmortyapi.com/api/episode/30","https://rickandmortyapi.com/api/episode/31","https://rickandmortyapi.com/api/episode/32","https://rickandmortyapi.com/api/episode/33","https://rickandmortyapi.com/api/episode/34","https://rickandmortyapi.com/api/episode/35","https://rickandmortyapi.com/api/episode/36","https://rickandmortyapi.com/api/episode/37","https://rickandmortyapi.com/api/episode/38","https://rickandmortyapi.com/api/episode/39","https://rickandmortyapi.com/api/episode/40","https://rickandmortyapi.com/api/episode/41","https://rickandmortyapi.com/api/episode/42","https://rickandmortyapi.com/api/episode/43","https://rickandmortyapi.com/api/episode/44","https://rickandmortyapi.com/api/episode/45","https://rickandmortyapi.com/api/episode/46","https://rickandmortyapi.com/api/episode/47","https://rickandmortyapi.com/api/episode/48","https://rickandmortyapi.com/api/episode/49","https://rickandmortyapi.com/api/episode/50","https://rickandmortyapi.com/api/episode/51"],"url":"https://rickandmortyapi.com/api/character/2","created":"2017-11-04T18:50:21.651Z"}

12:34:00.398 [main] DEBUG com.jayway.jsonpath.internal.path.CompiledPath - Evaluating path: $['origin']
12:34:00.398 [main] DEBUG com.jayway.jsonpath.internal.path.CompiledPath - Evaluating path: $['name']
12:34:00.399 [main] DEBUG com.jayway.jsonpath.internal.path.CompiledPath - Evaluating path: $['name']
]]></system-out>
  </testcase>
  <testcase name="[1.3:20] Get Summer Smith data" classname="RickAndMorty/Rick/rick-get" time="0.171">
    <system-out><![CDATA[12:34:00.407 [main] DEBUG org.apache.http.client.protocol.RequestAddCookies - CookieSpec selected: karate
12:34:00.407 [main] DEBUG org.apache.http.client.protocol.RequestAuthCache - Auth cache not set in the context
12:34:00.407 [main] DEBUG com.intuit.karate - request:
1 > GET https://rickandmortyapi.com/api/character/3
1 > Host: rickandmortyapi.com
1 > Connection: Keep-Alive
1 > User-Agent: Apache-HttpClient/4.5.14 (Java/20.0.2)
1 > Accept-Encoding: gzip,deflate


12:34:00.407 [main] DEBUG org.apache.http.impl.conn.PoolingHttpClientConnectionManager - Connection request: [route: {s}->https://rickandmortyapi.com:443][total available: 0; route allocated: 0 of 5; total allocated: 0 of 10]
12:34:00.408 [main] DEBUG org.apache.http.impl.conn.PoolingHttpClientConnectionManager - Connection leased: [id: 2][route: {s}->https://rickandmortyapi.com:443][total available: 0; route allocated: 1 of 5; total allocated: 1 of 10]
12:34:00.408 [main] DEBUG org.apache.http.impl.execchain.MainClientExec - Opening connection {s}->https://rickandmortyapi.com:443
12:34:00.408 [main] DEBUG org.apache.http.impl.conn.DefaultHttpClientConnectionOperator - Connecting to rickandmortyapi.com/52.58.254.253:443
12:34:00.408 [main] DEBUG org.apache.http.conn.ssl.SSLConnectionSocketFactory - Connecting socket to rickandmortyapi.com/52.58.254.253:443 with timeout 30000
12:34:00.446 [main] DEBUG org.apache.http.conn.ssl.SSLConnectionSocketFactory - Enabled protocols: [TLSv1.3, TLSv1.2]
12:34:00.446 [main] DEBUG org.apache.http.conn.ssl.SSLConnectionSocketFactory - Enabled cipher suites:[TLS_AES_256_GCM_SHA384, TLS_AES_128_GCM_SHA256, TLS_CHACHA20_POLY1305_SHA256, TLS_ECDHE_ECDSA_WITH_AES_256_GCM_SHA384, TLS_ECDHE_ECDSA_WITH_AES_128_GCM_SHA256, TLS_ECDHE_ECDSA_WITH_CHACHA20_POLY1305_SHA256, TLS_ECDHE_RSA_WITH_AES_256_GCM_SHA384, TLS_ECDHE_RSA_WITH_CHACHA20_POLY1305_SHA256, TLS_ECDHE_RSA_WITH_AES_128_GCM_SHA256, TLS_DHE_RSA_WITH_AES_256_GCM_SHA384, TLS_DHE_RSA_WITH_CHACHA20_POLY1305_SHA256, TLS_DHE_DSS_WITH_AES_256_GCM_SHA384, TLS_DHE_RSA_WITH_AES_128_GCM_SHA256, TLS_DHE_DSS_WITH_AES_128_GCM_SHA256, TLS_ECDHE_ECDSA_WITH_AES_256_CBC_SHA384, TLS_ECDHE_RSA_WITH_AES_256_CBC_SHA384, TLS_ECDHE_ECDSA_WITH_AES_128_CBC_SHA256, TLS_ECDHE_RSA_WITH_AES_128_CBC_SHA256, TLS_DHE_RSA_WITH_AES_256_CBC_SHA256, TLS_DHE_DSS_WITH_AES_256_CBC_SHA256, TLS_DHE_RSA_WITH_AES_128_CBC_SHA256, TLS_DHE_DSS_WITH_AES_128_CBC_SHA256, TLS_ECDHE_ECDSA_WITH_AES_256_CBC_SHA, TLS_ECDHE_RSA_WITH_AES_256_CBC_SHA, TLS_ECDHE_ECDSA_WITH_AES_128_CBC_SHA, TLS_ECDHE_RSA_WITH_AES_128_CBC_SHA, TLS_DHE_RSA_WITH_AES_256_CBC_SHA, TLS_DHE_DSS_WITH_AES_256_CBC_SHA, TLS_DHE_RSA_WITH_AES_128_CBC_SHA, TLS_DHE_DSS_WITH_AES_128_CBC_SHA, TLS_RSA_WITH_AES_256_GCM_SHA384, TLS_RSA_WITH_AES_128_GCM_SHA256, TLS_RSA_WITH_AES_256_CBC_SHA256, TLS_RSA_WITH_AES_128_CBC_SHA256, TLS_RSA_WITH_AES_256_CBC_SHA, TLS_RSA_WITH_AES_128_CBC_SHA, TLS_EMPTY_RENEGOTIATION_INFO_SCSV]
12:34:00.446 [main] DEBUG org.apache.http.conn.ssl.SSLConnectionSocketFactory - Starting handshake
12:34:00.492 [main] DEBUG org.apache.http.conn.ssl.SSLConnectionSocketFactory - Secure session established
12:34:00.492 [main] DEBUG org.apache.http.conn.ssl.SSLConnectionSocketFactory -  negotiated protocol: TLSv1.3
12:34:00.492 [main] DEBUG org.apache.http.conn.ssl.SSLConnectionSocketFactory -  negotiated cipher suite: TLS_AES_128_GCM_SHA256
12:34:00.492 [main] DEBUG org.apache.http.conn.ssl.SSLConnectionSocketFactory -  peer principal: CN=*.rickandmortyapi.com
12:34:00.492 [main] DEBUG org.apache.http.conn.ssl.SSLConnectionSocketFactory -  peer alternative names: [*.rickandmortyapi.com, rickandmortyapi.com]
12:34:00.492 [main] DEBUG org.apache.http.conn.ssl.SSLConnectionSocketFactory -  issuer principal: CN=R3, O=Let's Encrypt, C=US
12:34:00.492 [main] DEBUG org.apache.http.impl.conn.DefaultHttpClientConnectionOperator - Connection established 192.168.1.19:53801<->52.58.254.253:443
12:34:00.492 [main] DEBUG org.apache.http.impl.conn.DefaultManagedHttpClientConnection - http-outgoing-2: set socket timeout to 30000
12:34:00.493 [main] DEBUG org.apache.http.impl.execchain.MainClientExec - Executing request GET /api/character/3 HTTP/1.1
12:34:00.493 [main] DEBUG org.apache.http.impl.execchain.MainClientExec - Target auth state: UNCHALLENGED
12:34:00.493 [main] DEBUG org.apache.http.impl.execchain.MainClientExec - Proxy auth state: UNCHALLENGED
12:34:00.493 [main] DEBUG org.apache.http.headers - http-outgoing-2 >> GET /api/character/3 HTTP/1.1
12:34:00.493 [main] DEBUG org.apache.http.headers - http-outgoing-2 >> Host: rickandmortyapi.com
12:34:00.493 [main] DEBUG org.apache.http.headers - http-outgoing-2 >> Connection: Keep-Alive
12:34:00.493 [main] DEBUG org.apache.http.headers - http-outgoing-2 >> User-Agent: Apache-HttpClient/4.5.14 (Java/20.0.2)
12:34:00.493 [main] DEBUG org.apache.http.headers - http-outgoing-2 >> Accept-Encoding: gzip,deflate
12:34:00.493 [main] DEBUG org.apache.http.wire - http-outgoing-2 >> "GET /api/character/3 HTTP/1.1[\r][\n]"
12:34:00.493 [main] DEBUG org.apache.http.wire - http-outgoing-2 >> "Host: rickandmortyapi.com[\r][\n]"
12:34:00.493 [main] DEBUG org.apache.http.wire - http-outgoing-2 >> "Connection: Keep-Alive[\r][\n]"
12:34:00.493 [main] DEBUG org.apache.http.wire - http-outgoing-2 >> "User-Agent: Apache-HttpClient/4.5.14 (Java/20.0.2)[\r][\n]"
12:34:00.493 [main] DEBUG org.apache.http.wire - http-outgoing-2 >> "Accept-Encoding: gzip,deflate[\r][\n]"
12:34:00.493 [main] DEBUG org.apache.http.wire - http-outgoing-2 >> "[\r][\n]"
12:34:00.530 [main] DEBUG org.apache.http.wire - http-outgoing-2 << "HTTP/1.1 200 OK[\r][\n]"
12:34:00.530 [main] DEBUG org.apache.http.wire - http-outgoing-2 << "Access-Control-Allow-Origin: *[\r][\n]"
12:34:00.530 [main] DEBUG org.apache.http.wire - http-outgoing-2 << "Age: 155422[\r][\n]"
12:34:00.530 [main] DEBUG org.apache.http.wire - http-outgoing-2 << "Cache-Control: max-age=259200[\r][\n]"
12:34:00.530 [main] DEBUG org.apache.http.wire - http-outgoing-2 << "Content-Encoding: gzip[\r][\n]"
12:34:00.530 [main] DEBUG org.apache.http.wire - http-outgoing-2 << "Content-Length: 380[\r][\n]"
12:34:00.530 [main] DEBUG org.apache.http.wire - http-outgoing-2 << "Content-Type: application/json; charset=utf-8[\r][\n]"
12:34:00.530 [main] DEBUG org.apache.http.wire - http-outgoing-2 << "Date: Sat, 23 Sep 2023 10:34:00 GMT[\r][\n]"
12:34:00.530 [main] DEBUG org.apache.http.wire - http-outgoing-2 << "Etag: W/"930-PQWz5VRpXC1n6b2qB2pbyeCUIpo"[\r][\n]"
12:34:00.530 [main] DEBUG org.apache.http.wire - http-outgoing-2 << "Expires: Sun, 24 Sep 2023 15:23:38 GMT[\r][\n]"
12:34:00.530 [main] DEBUG org.apache.http.wire - http-outgoing-2 << "Server: Netlify[\r][\n]"
12:34:00.531 [main] DEBUG org.apache.http.wire - http-outgoing-2 << "Strict-Transport-Security: max-age=31536000[\r][\n]"
12:34:00.531 [main] DEBUG org.apache.http.wire - http-outgoing-2 << "Vary: Accept-Encoding[\r][\n]"
12:34:00.531 [main] DEBUG org.apache.http.wire - http-outgoing-2 << "X-Nf-Request-Id: 01HB0SMXZK9YPGKQQ07K2FBPWJ[\r][\n]"
12:34:00.531 [main] DEBUG org.apache.http.wire - http-outgoing-2 << "X-Powered-By: Express[\r][\n]"
12:34:00.531 [main] DEBUG org.apache.http.wire - http-outgoing-2 << "[\r][\n]"
12:34:00.531 [main] DEBUG org.apache.http.wire - http-outgoing-2 << "[0x1f][0x8b][0x8][0x0][0x0][0x0][0x0][0x0][0x0][0x3][0xb4][0xd6]OK[0xc3]0[0x18][0x6][0xf0][0xaf]2rR[0xd8][0x96][0xe6][0xcf][0xdc][0xd6][0x9b][0xa0][0xe2][0xd9]yR<[0xbc][0xa4]/m[0xb4]iK[0x9a][\r][0xc6][0xd8]w7[0x5][0x87]G[0xf7][0x1c]<%}y[0xde][0x4][0xf2]#[0xa4]'[0xe1]+Q[0x9a][0xb9][0xe8]([0xb0]([0xc5]n[0x1f][0x2][0xc7][0xd9].[0xf8][0xd4][0x88][0xb9][0x18][0x13][0xa5][0xfd][0x98][0xeb][0xf7][0xad]?[0xf0]T[0x18][0xd8]y[0x9e]*[0xcf][0xfb]@][0xae][0xa4][0xe3]05[0xe6]Y[0xcd]][0xc5]1[0xcf][0x9f]8P;[0xa5][0xfb][0xe8]k[0xdf][0x89][0xf2]tY[0xfe][0x91]bjf7/<[0xb4][0xe4]8p[0x97]f[0xf]>[0xf][0xa3][0xef][0xbb][0xdb][0xdc][0xb0][0x8f]mN5)[\r]c)e[0xf4][0xee][0x8b][0xba]*[0xf4]1[0x1d]i[0xf0]K[0xd7][0x7][0x99]G[0xd9][0xf6][0x8e]R[0xee][0x90][0xba][0x10][0xe7][0xb9][0xb8]|[0xfe][0xf7]>>P[0xcd]W[0xb4][0xb9][0x86]"[0xb9][0xc4]Q[0xd2][0x81][0x12]Ei[0x96][0x9f][0x3][0xd7]y[[0x1e][0xfc][0xd8]Wy[0x8d][0xf7]?[0x17][0xf9][0x89][0xca][0xbb][0xdc]vmv[\r]d7@v[0xb]dU[0x81][0x84][0x15][0x12][0xd6]H[0xd8]"[0xe1][0x15][0x12]FD[0x14]B[0xa2][0x10][0x13][0x85][0xa0]h[0x4]E#([0x1a]A[0xd1][0x6][0x9]#[0x82][0x1a][0x11][0xd4][0x88][0xa0]F[0x4]5[0x82]b[0x10][0x14][0x83][0xa0][0x18][0x4][0xc5] ([0x6]A1[0x8][0x8a]AP[0xc]rS[0xc][0x82]b[0x11][0x14][0x8b][0xa0]X[0x4][0xc5]"([0x16]A[0xb1][0x8][0x8a]EP,rS,"h[0x11][0xc1][0x95][0x12][0x1f][0xd7]>[0xf0][0xbf]/[0xf5]t[0xde].2%[0xce][0xbf]CB[0x17]j[0xbd]PjQ[0xd8]W[0xb5]-[0x8b]m[0xb9][0xba][Z[0xbd]y[0x13][0xe7]o[0x0][0x0][0x0][0xff][0xff][0x3][0x0]_;[0x91][0xf]0[0x9][0x0][0x0]"
12:34:00.531 [main] DEBUG org.apache.http.headers - http-outgoing-2 << HTTP/1.1 200 OK
12:34:00.531 [main] DEBUG org.apache.http.headers - http-outgoing-2 << Access-Control-Allow-Origin: *
12:34:00.531 [main] DEBUG org.apache.http.headers - http-outgoing-2 << Age: 155422
12:34:00.531 [main] DEBUG org.apache.http.headers - http-outgoing-2 << Cache-Control: max-age=259200
12:34:00.531 [main] DEBUG org.apache.http.headers - http-outgoing-2 << Content-Encoding: gzip
12:34:00.531 [main] DEBUG org.apache.http.headers - http-outgoing-2 << Content-Length: 380
12:34:00.531 [main] DEBUG org.apache.http.headers - http-outgoing-2 << Content-Type: application/json; charset=utf-8
12:34:00.531 [main] DEBUG org.apache.http.headers - http-outgoing-2 << Date: Sat, 23 Sep 2023 10:34:00 GMT
12:34:00.531 [main] DEBUG org.apache.http.headers - http-outgoing-2 << Etag: W/"930-PQWz5VRpXC1n6b2qB2pbyeCUIpo"
12:34:00.531 [main] DEBUG org.apache.http.headers - http-outgoing-2 << Expires: Sun, 24 Sep 2023 15:23:38 GMT
12:34:00.531 [main] DEBUG org.apache.http.headers - http-outgoing-2 << Server: Netlify
12:34:00.531 [main] DEBUG org.apache.http.headers - http-outgoing-2 << Strict-Transport-Security: max-age=31536000
12:34:00.531 [main] DEBUG org.apache.http.headers - http-outgoing-2 << Vary: Accept-Encoding
12:34:00.531 [main] DEBUG org.apache.http.headers - http-outgoing-2 << X-Nf-Request-Id: 01HB0SMXZK9YPGKQQ07K2FBPWJ
12:34:00.531 [main] DEBUG org.apache.http.headers - http-outgoing-2 << X-Powered-By: Express
12:34:00.531 [main] DEBUG org.apache.http.impl.execchain.MainClientExec - Connection can be kept alive indefinitely
12:34:00.531 [main] DEBUG org.apache.http.impl.conn.DefaultManagedHttpClientConnection - http-outgoing-2: Close connection
12:34:00.568 [main] DEBUG org.apache.http.impl.execchain.MainClientExec - Connection discarded
12:34:00.569 [main] DEBUG org.apache.http.impl.conn.PoolingHttpClientConnectionManager - Connection released: [id: 2][route: {s}->https://rickandmortyapi.com:443][total available: 0; route allocated: 0 of 5; total allocated: 0 of 10]
12:34:00.569 [main] DEBUG org.apache.http.impl.conn.PoolingHttpClientConnectionManager - Connection manager is shutting down
12:34:00.569 [main] DEBUG org.apache.http.impl.conn.PoolingHttpClientConnectionManager - Connection manager shut down
12:34:00.569 [main] DEBUG com.intuit.karate - response time in milliseconds: 124
1 < 200
1 < Access-Control-Allow-Origin: *
1 < Age: 155422
1 < Cache-Control: max-age=259200
1 < Content-Type: application/json; charset=utf-8
1 < Date: Sat, 23 Sep 2023 10:34:00 GMT
1 < Etag: W/"930-PQWz5VRpXC1n6b2qB2pbyeCUIpo"
1 < Expires: Sun, 24 Sep 2023 15:23:38 GMT
1 < Server: Netlify
1 < Strict-Transport-Security: max-age=31536000
1 < Vary: Accept-Encoding
1 < X-Nf-Request-Id: 01HB0SMXZK9YPGKQQ07K2FBPWJ
1 < X-Powered-By: Express
{"id":3,"name":"Summer Smith","status":"Alive","species":"Human","type":"","gender":"Female","origin":{"name":"Earth (Replacement Dimension)","url":"https://rickandmortyapi.com/api/location/20"},"location":{"name":"Earth (Replacement Dimension)","url":"https://rickandmortyapi.com/api/location/20"},"image":"https://rickandmortyapi.com/api/character/avatar/3.jpeg","episode":["https://rickandmortyapi.com/api/episode/6","https://rickandmortyapi.com/api/episode/7","https://rickandmortyapi.com/api/episode/8","https://rickandmortyapi.com/api/episode/9","https://rickandmortyapi.com/api/episode/10","https://rickandmortyapi.com/api/episode/11","https://rickandmortyapi.com/api/episode/12","https://rickandmortyapi.com/api/episode/14","https://rickandmortyapi.com/api/episode/15","https://rickandmortyapi.com/api/episode/16","https://rickandmortyapi.com/api/episode/17","https://rickandmortyapi.com/api/episode/18","https://rickandmortyapi.com/api/episode/19","https://rickandmortyapi.com/api/episode/20","https://rickandmortyapi.com/api/episode/21","https://rickandmortyapi.com/api/episode/22","https://rickandmortyapi.com/api/episode/23","https://rickandmortyapi.com/api/episode/24","https://rickandmortyapi.com/api/episode/25","https://rickandmortyapi.com/api/episode/26","https://rickandmortyapi.com/api/episode/27","https://rickandmortyapi.com/api/episode/29","https://rickandmortyapi.com/api/episode/30","https://rickandmortyapi.com/api/episode/31","https://rickandmortyapi.com/api/episode/32","https://rickandmortyapi.com/api/episode/33","https://rickandmortyapi.com/api/episode/34","https://rickandmortyapi.com/api/episode/35","https://rickandmortyapi.com/api/episode/36","https://rickandmortyapi.com/api/episode/38","https://rickandmortyapi.com/api/episode/39","https://rickandmortyapi.com/api/episode/40","https://rickandmortyapi.com/api/episode/41","https://rickandmortyapi.com/api/episode/42","https://rickandmortyapi.com/api/episode/43","https://rickandmortyapi.com/api/episode/44","https://rickandmortyapi.com/api/episode/45","https://rickandmortyapi.com/api/episode/46","https://rickandmortyapi.com/api/episode/47","https://rickandmortyapi.com/api/episode/48","https://rickandmortyapi.com/api/episode/49","https://rickandmortyapi.com/api/episode/51"],"url":"https://rickandmortyapi.com/api/character/3","created":"2017-11-04T19:09:56.428Z"}

12:34:00.570 [main] DEBUG com.jayway.jsonpath.internal.path.CompiledPath - Evaluating path: $['origin']
12:34:00.570 [main] DEBUG com.jayway.jsonpath.internal.path.CompiledPath - Evaluating path: $['name']
12:34:00.571 [main] DEBUG com.jayway.jsonpath.internal.path.CompiledPath - Evaluating path: $['name']
]]></system-out>
  </testcase>
  <testcase name="[1.4:21] Get Beth Smith data" classname="RickAndMorty/Rick/rick-get" time="0.145">
    <system-out><![CDATA[12:34:00.579 [main] DEBUG org.apache.http.client.protocol.RequestAddCookies - CookieSpec selected: karate
12:34:00.579 [main] DEBUG org.apache.http.client.protocol.RequestAuthCache - Auth cache not set in the context
12:34:00.579 [main] DEBUG com.intuit.karate - request:
1 > GET https://rickandmortyapi.com/api/character/4
1 > Host: rickandmortyapi.com
1 > Connection: Keep-Alive
1 > User-Agent: Apache-HttpClient/4.5.14 (Java/20.0.2)
1 > Accept-Encoding: gzip,deflate


12:34:00.579 [main] DEBUG org.apache.http.impl.conn.PoolingHttpClientConnectionManager - Connection request: [route: {s}->https://rickandmortyapi.com:443][total available: 0; route allocated: 0 of 5; total allocated: 0 of 10]
12:34:00.579 [main] DEBUG org.apache.http.impl.conn.PoolingHttpClientConnectionManager - Connection leased: [id: 3][route: {s}->https://rickandmortyapi.com:443][total available: 0; route allocated: 1 of 5; total allocated: 1 of 10]
12:34:00.579 [main] DEBUG org.apache.http.impl.execchain.MainClientExec - Opening connection {s}->https://rickandmortyapi.com:443
12:34:00.579 [main] DEBUG org.apache.http.impl.conn.DefaultHttpClientConnectionOperator - Connecting to rickandmortyapi.com/52.58.254.253:443
12:34:00.579 [main] DEBUG org.apache.http.conn.ssl.SSLConnectionSocketFactory - Connecting socket to rickandmortyapi.com/52.58.254.253:443 with timeout 30000
12:34:00.610 [main] DEBUG org.apache.http.conn.ssl.SSLConnectionSocketFactory - Enabled protocols: [TLSv1.3, TLSv1.2]
12:34:00.610 [main] DEBUG org.apache.http.conn.ssl.SSLConnectionSocketFactory - Enabled cipher suites:[TLS_AES_256_GCM_SHA384, TLS_AES_128_GCM_SHA256, TLS_CHACHA20_POLY1305_SHA256, TLS_ECDHE_ECDSA_WITH_AES_256_GCM_SHA384, TLS_ECDHE_ECDSA_WITH_AES_128_GCM_SHA256, TLS_ECDHE_ECDSA_WITH_CHACHA20_POLY1305_SHA256, TLS_ECDHE_RSA_WITH_AES_256_GCM_SHA384, TLS_ECDHE_RSA_WITH_CHACHA20_POLY1305_SHA256, TLS_ECDHE_RSA_WITH_AES_128_GCM_SHA256, TLS_DHE_RSA_WITH_AES_256_GCM_SHA384, TLS_DHE_RSA_WITH_CHACHA20_POLY1305_SHA256, TLS_DHE_DSS_WITH_AES_256_GCM_SHA384, TLS_DHE_RSA_WITH_AES_128_GCM_SHA256, TLS_DHE_DSS_WITH_AES_128_GCM_SHA256, TLS_ECDHE_ECDSA_WITH_AES_256_CBC_SHA384, TLS_ECDHE_RSA_WITH_AES_256_CBC_SHA384, TLS_ECDHE_ECDSA_WITH_AES_128_CBC_SHA256, TLS_ECDHE_RSA_WITH_AES_128_CBC_SHA256, TLS_DHE_RSA_WITH_AES_256_CBC_SHA256, TLS_DHE_DSS_WITH_AES_256_CBC_SHA256, TLS_DHE_RSA_WITH_AES_128_CBC_SHA256, TLS_DHE_DSS_WITH_AES_128_CBC_SHA256, TLS_ECDHE_ECDSA_WITH_AES_256_CBC_SHA, TLS_ECDHE_RSA_WITH_AES_256_CBC_SHA, TLS_ECDHE_ECDSA_WITH_AES_128_CBC_SHA, TLS_ECDHE_RSA_WITH_AES_128_CBC_SHA, TLS_DHE_RSA_WITH_AES_256_CBC_SHA, TLS_DHE_DSS_WITH_AES_256_CBC_SHA, TLS_DHE_RSA_WITH_AES_128_CBC_SHA, TLS_DHE_DSS_WITH_AES_128_CBC_SHA, TLS_RSA_WITH_AES_256_GCM_SHA384, TLS_RSA_WITH_AES_128_GCM_SHA256, TLS_RSA_WITH_AES_256_CBC_SHA256, TLS_RSA_WITH_AES_128_CBC_SHA256, TLS_RSA_WITH_AES_256_CBC_SHA, TLS_RSA_WITH_AES_128_CBC_SHA, TLS_EMPTY_RENEGOTIATION_INFO_SCSV]
12:34:00.610 [main] DEBUG org.apache.http.conn.ssl.SSLConnectionSocketFactory - Starting handshake
12:34:00.649 [main] DEBUG org.apache.http.conn.ssl.SSLConnectionSocketFactory - Secure session established
12:34:00.649 [main] DEBUG org.apache.http.conn.ssl.SSLConnectionSocketFactory -  negotiated protocol: TLSv1.3
12:34:00.649 [main] DEBUG org.apache.http.conn.ssl.SSLConnectionSocketFactory -  negotiated cipher suite: TLS_AES_128_GCM_SHA256
12:34:00.649 [main] DEBUG org.apache.http.conn.ssl.SSLConnectionSocketFactory -  peer principal: CN=*.rickandmortyapi.com
12:34:00.649 [main] DEBUG org.apache.http.conn.ssl.SSLConnectionSocketFactory -  peer alternative names: [*.rickandmortyapi.com, rickandmortyapi.com]
12:34:00.649 [main] DEBUG org.apache.http.conn.ssl.SSLConnectionSocketFactory -  issuer principal: CN=R3, O=Let's Encrypt, C=US
12:34:00.649 [main] DEBUG org.apache.http.impl.conn.DefaultHttpClientConnectionOperator - Connection established 192.168.1.19:53802<->52.58.254.253:443
12:34:00.649 [main] DEBUG org.apache.http.impl.conn.DefaultManagedHttpClientConnection - http-outgoing-3: set socket timeout to 30000
12:34:00.649 [main] DEBUG org.apache.http.impl.execchain.MainClientExec - Executing request GET /api/character/4 HTTP/1.1
12:34:00.649 [main] DEBUG org.apache.http.impl.execchain.MainClientExec - Target auth state: UNCHALLENGED
12:34:00.649 [main] DEBUG org.apache.http.impl.execchain.MainClientExec - Proxy auth state: UNCHALLENGED
12:34:00.649 [main] DEBUG org.apache.http.headers - http-outgoing-3 >> GET /api/character/4 HTTP/1.1
12:34:00.649 [main] DEBUG org.apache.http.headers - http-outgoing-3 >> Host: rickandmortyapi.com
12:34:00.649 [main] DEBUG org.apache.http.headers - http-outgoing-3 >> Connection: Keep-Alive
12:34:00.649 [main] DEBUG org.apache.http.headers - http-outgoing-3 >> User-Agent: Apache-HttpClient/4.5.14 (Java/20.0.2)
12:34:00.649 [main] DEBUG org.apache.http.headers - http-outgoing-3 >> Accept-Encoding: gzip,deflate
12:34:00.649 [main] DEBUG org.apache.http.wire - http-outgoing-3 >> "GET /api/character/4 HTTP/1.1[\r][\n]"
12:34:00.649 [main] DEBUG org.apache.http.wire - http-outgoing-3 >> "Host: rickandmortyapi.com[\r][\n]"
12:34:00.650 [main] DEBUG org.apache.http.wire - http-outgoing-3 >> "Connection: Keep-Alive[\r][\n]"
12:34:00.650 [main] DEBUG org.apache.http.wire - http-outgoing-3 >> "User-Agent: Apache-HttpClient/4.5.14 (Java/20.0.2)[\r][\n]"
12:34:00.650 [main] DEBUG org.apache.http.wire - http-outgoing-3 >> "Accept-Encoding: gzip,deflate[\r][\n]"
12:34:00.650 [main] DEBUG org.apache.http.wire - http-outgoing-3 >> "[\r][\n]"
12:34:00.682 [main] DEBUG org.apache.http.wire - http-outgoing-3 << "HTTP/1.1 200 OK[\r][\n]"
12:34:00.683 [main] DEBUG org.apache.http.wire - http-outgoing-3 << "Access-Control-Allow-Origin: *[\r][\n]"
12:34:00.683 [main] DEBUG org.apache.http.wire - http-outgoing-3 << "Age: 90483[\r][\n]"
12:34:00.683 [main] DEBUG org.apache.http.wire - http-outgoing-3 << "Cache-Control: max-age=259200[\r][\n]"
12:34:00.683 [main] DEBUG org.apache.http.wire - http-outgoing-3 << "Content-Encoding: gzip[\r][\n]"
12:34:00.683 [main] DEBUG org.apache.http.wire - http-outgoing-3 << "Content-Length: 379[\r][\n]"
12:34:00.683 [main] DEBUG org.apache.http.wire - http-outgoing-3 << "Content-Type: application/json; charset=utf-8[\r][\n]"
12:34:00.683 [main] DEBUG org.apache.http.wire - http-outgoing-3 << "Date: Sat, 23 Sep 2023 10:34:00 GMT[\r][\n]"
12:34:00.683 [main] DEBUG org.apache.http.wire - http-outgoing-3 << "Etag: W/"92e-0Fmkqa9vwg5DLNhS+oM3U77JA8Q"[\r][\n]"
12:34:00.683 [main] DEBUG org.apache.http.wire - http-outgoing-3 << "Expires: Mon, 25 Sep 2023 09:25:57 GMT[\r][\n]"
12:34:00.683 [main] DEBUG org.apache.http.wire - http-outgoing-3 << "Server: Netlify[\r][\n]"
12:34:00.683 [main] DEBUG org.apache.http.wire - http-outgoing-3 << "Strict-Transport-Security: max-age=31536000[\r][\n]"
12:34:00.683 [main] DEBUG org.apache.http.wire - http-outgoing-3 << "Vary: Accept-Encoding[\r][\n]"
12:34:00.683 [main] DEBUG org.apache.http.wire - http-outgoing-3 << "X-Nf-Request-Id: 01HB0SMY4BBE9D7VRTBF53AWTM[\r][\n]"
12:34:00.683 [main] DEBUG org.apache.http.wire - http-outgoing-3 << "X-Powered-By: Express[\r][\n]"
12:34:00.683 [main] DEBUG org.apache.http.wire - http-outgoing-3 << "[\r][\n]"
12:34:00.683 [main] DEBUG org.apache.http.wire - http-outgoing-3 << "[0x1f][0x8b][0x8][0x0][0x0][0x0][0x0][0x0][0x0][0x3][0xb4][0x96][0xcf]K[0xc3]0[0x14][0xc7][0xff][0x95][0x91][0x93][0xc2][0xb6]4?[0xb6][0xb9][0xde][0x14][0x15][0xcf][0xea]I[0xf1][0xf0]H[0x1f]m[0xb4]iK[0x9a][\r][0xc6][0xd8][0xff]n[\n]"
12:34:00.683 [main] DEBUG org.apache.http.wire - http-outgoing-3 << "[0xe][0x8f][0xee]{[0xf0][0x94][0xf4][0xf1]y/[0xf0][0xfd][0x10][0xd2][0xa3][0xf0][0x95]([0xed]\t[0x14]X[0x94][0xe2][0x8e]S3{[0x9]>5b.[0xc6]Di7[0xe6][0xea]m[0xeb][0xf7]<[0x15][0x6]v[0x9e][0xa7][0xca][0xd3].P[0x97]+[0xe9]0LmyWsWq[0xcc][0xfb]G[0xe][0xd4]Nt[0x1f]}[0xed];Q[0x1e][0xcf][0xc3][0x1f]([0xe6][0xe9]W[0xcf]<[0xb4][0xe4]8p[0x97]f[0xf7]>/[0xa3][0xef][0xbb][0xeb][0xdc][0xb0][0x8b]m[0xa6][0x9a][0x94][0x86][0xb1][0x94]2z[0xf7]E][0x15][0xfa][0x98][0xe]4[0xf8][0xa5][0xeb][0x83][0xcc][0xab]l{G)wH][0x88][0xd3]\[0x9c]?[0xff][0xfb][0x1c][0x1f][0xa8][0xe6][0xb][0xda]\C[0x91]\[0xe2](iO[0x89][0xa2][0xb4][0xcb][0xcf][0x81][0xeb]|,[0xf]~[0xec][0xab]<[0xe3][0xfd][0xcf]!?[0xa8]\[0xe7][0xb6]K[0xd9][\r][0xc0][0xde][0x0][0xec][0x16]`U[0x81][0xc0][\n]"
12:34:00.683 [main] DEBUG org.apache.http.wire - http-outgoing-3 << "[0x81]5[0x2][[0x4]^!0bD!1+$g[0x8d][0xe4][0xac][0x91][0x9c]5[0x92][0xb3]6[0x8][0x8c]H[0xd1][0x88][0x14][0x8d]H[0xd1][0xc8]=[0xd1][0x88]A[0x8d][0x18]4[0x88]A[0x83][0x18]4[0x88]A[0x83][0x18]4[0x88]A[0x83][0x18]4[0x88]A[0x83]H1[0x88][0x14][0x8b]H[0xb1][0x88][0x14][0x8b]H[0xb1][0x88][0x14][0x8b]H[0xb1][0x88][0x14][0x8b]H[0xb1][0xc8][0xb5][0xb2][0x88]A[0x8b][0x18]\)[0xf1]q[0xe9][0x3][0xff][0xfb]RO[0x11][0xba][0xc8][0x94]8[0xff][0xc][0x9]][0xa8][0xcd]B[0xa9]Ea_[0xd5][0xb6][0xd4][0xba][0xb4]f[0xb9]^[0xaf][0xde][0xc4][0xe9][0x1b][0x0][0x0][0xff][0xff][0x3][0x0][0xec]*[0xa4][0xa8].[0x9][0x0][0x0]"
12:34:00.683 [main] DEBUG org.apache.http.headers - http-outgoing-3 << HTTP/1.1 200 OK
12:34:00.683 [main] DEBUG org.apache.http.headers - http-outgoing-3 << Access-Control-Allow-Origin: *
12:34:00.683 [main] DEBUG org.apache.http.headers - http-outgoing-3 << Age: 90483
12:34:00.683 [main] DEBUG org.apache.http.headers - http-outgoing-3 << Cache-Control: max-age=259200
12:34:00.683 [main] DEBUG org.apache.http.headers - http-outgoing-3 << Content-Encoding: gzip
12:34:00.683 [main] DEBUG org.apache.http.headers - http-outgoing-3 << Content-Length: 379
12:34:00.683 [main] DEBUG org.apache.http.headers - http-outgoing-3 << Content-Type: application/json; charset=utf-8
12:34:00.683 [main] DEBUG org.apache.http.headers - http-outgoing-3 << Date: Sat, 23 Sep 2023 10:34:00 GMT
12:34:00.683 [main] DEBUG org.apache.http.headers - http-outgoing-3 << Etag: W/"92e-0Fmkqa9vwg5DLNhS+oM3U77JA8Q"
12:34:00.683 [main] DEBUG org.apache.http.headers - http-outgoing-3 << Expires: Mon, 25 Sep 2023 09:25:57 GMT
12:34:00.683 [main] DEBUG org.apache.http.headers - http-outgoing-3 << Server: Netlify
12:34:00.683 [main] DEBUG org.apache.http.headers - http-outgoing-3 << Strict-Transport-Security: max-age=31536000
12:34:00.683 [main] DEBUG org.apache.http.headers - http-outgoing-3 << Vary: Accept-Encoding
12:34:00.683 [main] DEBUG org.apache.http.headers - http-outgoing-3 << X-Nf-Request-Id: 01HB0SMY4BBE9D7VRTBF53AWTM
12:34:00.683 [main] DEBUG org.apache.http.headers - http-outgoing-3 << X-Powered-By: Express
12:34:00.683 [main] DEBUG org.apache.http.impl.execchain.MainClientExec - Connection can be kept alive indefinitely
12:34:00.683 [main] DEBUG org.apache.http.impl.conn.DefaultManagedHttpClientConnection - http-outgoing-3: Close connection
12:34:00.714 [main] DEBUG org.apache.http.impl.execchain.MainClientExec - Connection discarded
12:34:00.714 [main] DEBUG org.apache.http.impl.conn.PoolingHttpClientConnectionManager - Connection released: [id: 3][route: {s}->https://rickandmortyapi.com:443][total available: 0; route allocated: 0 of 5; total allocated: 0 of 10]
12:34:00.714 [main] DEBUG org.apache.http.impl.conn.PoolingHttpClientConnectionManager - Connection manager is shutting down
12:34:00.714 [main] DEBUG org.apache.http.impl.conn.PoolingHttpClientConnectionManager - Connection manager shut down
12:34:00.714 [main] DEBUG com.intuit.karate - response time in milliseconds: 104
1 < 200
1 < Access-Control-Allow-Origin: *
1 < Age: 90483
1 < Cache-Control: max-age=259200
1 < Content-Type: application/json; charset=utf-8
1 < Date: Sat, 23 Sep 2023 10:34:00 GMT
1 < Etag: W/"92e-0Fmkqa9vwg5DLNhS+oM3U77JA8Q"
1 < Expires: Mon, 25 Sep 2023 09:25:57 GMT
1 < Server: Netlify
1 < Strict-Transport-Security: max-age=31536000
1 < Vary: Accept-Encoding
1 < X-Nf-Request-Id: 01HB0SMY4BBE9D7VRTBF53AWTM
1 < X-Powered-By: Express
{"id":4,"name":"Beth Smith","status":"Alive","species":"Human","type":"","gender":"Female","origin":{"name":"Earth (Replacement Dimension)","url":"https://rickandmortyapi.com/api/location/20"},"location":{"name":"Earth (Replacement Dimension)","url":"https://rickandmortyapi.com/api/location/20"},"image":"https://rickandmortyapi.com/api/character/avatar/4.jpeg","episode":["https://rickandmortyapi.com/api/episode/6","https://rickandmortyapi.com/api/episode/7","https://rickandmortyapi.com/api/episode/8","https://rickandmortyapi.com/api/episode/9","https://rickandmortyapi.com/api/episode/10","https://rickandmortyapi.com/api/episode/11","https://rickandmortyapi.com/api/episode/12","https://rickandmortyapi.com/api/episode/14","https://rickandmortyapi.com/api/episode/15","https://rickandmortyapi.com/api/episode/16","https://rickandmortyapi.com/api/episode/18","https://rickandmortyapi.com/api/episode/19","https://rickandmortyapi.com/api/episode/20","https://rickandmortyapi.com/api/episode/21","https://rickandmortyapi.com/api/episode/22","https://rickandmortyapi.com/api/episode/23","https://rickandmortyapi.com/api/episode/24","https://rickandmortyapi.com/api/episode/25","https://rickandmortyapi.com/api/episode/26","https://rickandmortyapi.com/api/episode/27","https://rickandmortyapi.com/api/episode/28","https://rickandmortyapi.com/api/episode/29","https://rickandmortyapi.com/api/episode/30","https://rickandmortyapi.com/api/episode/31","https://rickandmortyapi.com/api/episode/32","https://rickandmortyapi.com/api/episode/33","https://rickandmortyapi.com/api/episode/34","https://rickandmortyapi.com/api/episode/35","https://rickandmortyapi.com/api/episode/36","https://rickandmortyapi.com/api/episode/38","https://rickandmortyapi.com/api/episode/39","https://rickandmortyapi.com/api/episode/40","https://rickandmortyapi.com/api/episode/41","https://rickandmortyapi.com/api/episode/42","https://rickandmortyapi.com/api/episode/43","https://rickandmortyapi.com/api/episode/44","https://rickandmortyapi.com/api/episode/45","https://rickandmortyapi.com/api/episode/46","https://rickandmortyapi.com/api/episode/47","https://rickandmortyapi.com/api/episode/48","https://rickandmortyapi.com/api/episode/49","https://rickandmortyapi.com/api/episode/51"],"url":"https://rickandmortyapi.com/api/character/4","created":"2017-11-04T19:22:43.665Z"}

12:34:00.716 [main] DEBUG com.jayway.jsonpath.internal.path.CompiledPath - Evaluating path: $['origin']
12:34:00.716 [main] DEBUG com.jayway.jsonpath.internal.path.CompiledPath - Evaluating path: $['name']
12:34:00.717 [main] DEBUG com.jayway.jsonpath.internal.path.CompiledPath - Evaluating path: $['name']
]]></system-out>
  </testcase>
  <testcase name="[2:24] Get Morty name" classname="RickAndMorty/Rick/rick-get" time="0.529">
    <system-out><![CDATA[12:34:00.726 [main] DEBUG org.apache.http.client.protocol.RequestAddCookies - CookieSpec selected: karate
12:34:00.726 [main] DEBUG org.apache.http.client.protocol.RequestAuthCache - Auth cache not set in the context
12:34:00.726 [main] DEBUG com.intuit.karate - request:
1 > GET https://rickandmortyapi.com/api/character/2
1 > Host: rickandmortyapi.com
1 > Connection: Keep-Alive
1 > User-Agent: Apache-HttpClient/4.5.14 (Java/20.0.2)
1 > Accept-Encoding: gzip,deflate


12:34:00.726 [main] DEBUG org.apache.http.impl.conn.PoolingHttpClientConnectionManager - Connection request: [route: {s}->https://rickandmortyapi.com:443][total available: 0; route allocated: 0 of 5; total allocated: 0 of 10]
12:34:00.726 [main] DEBUG org.apache.http.impl.conn.PoolingHttpClientConnectionManager - Connection leased: [id: 4][route: {s}->https://rickandmortyapi.com:443][total available: 0; route allocated: 1 of 5; total allocated: 1 of 10]
12:34:00.726 [main] DEBUG org.apache.http.impl.execchain.MainClientExec - Opening connection {s}->https://rickandmortyapi.com:443
12:34:00.726 [main] DEBUG org.apache.http.impl.conn.DefaultHttpClientConnectionOperator - Connecting to rickandmortyapi.com/52.58.254.253:443
12:34:00.726 [main] DEBUG org.apache.http.conn.ssl.SSLConnectionSocketFactory - Connecting socket to rickandmortyapi.com/52.58.254.253:443 with timeout 30000
12:34:00.772 [main] DEBUG org.apache.http.conn.ssl.SSLConnectionSocketFactory - Enabled protocols: [TLSv1.3, TLSv1.2]
12:34:00.773 [main] DEBUG org.apache.http.conn.ssl.SSLConnectionSocketFactory - Enabled cipher suites:[TLS_AES_256_GCM_SHA384, TLS_AES_128_GCM_SHA256, TLS_CHACHA20_POLY1305_SHA256, TLS_ECDHE_ECDSA_WITH_AES_256_GCM_SHA384, TLS_ECDHE_ECDSA_WITH_AES_128_GCM_SHA256, TLS_ECDHE_ECDSA_WITH_CHACHA20_POLY1305_SHA256, TLS_ECDHE_RSA_WITH_AES_256_GCM_SHA384, TLS_ECDHE_RSA_WITH_CHACHA20_POLY1305_SHA256, TLS_ECDHE_RSA_WITH_AES_128_GCM_SHA256, TLS_DHE_RSA_WITH_AES_256_GCM_SHA384, TLS_DHE_RSA_WITH_CHACHA20_POLY1305_SHA256, TLS_DHE_DSS_WITH_AES_256_GCM_SHA384, TLS_DHE_RSA_WITH_AES_128_GCM_SHA256, TLS_DHE_DSS_WITH_AES_128_GCM_SHA256, TLS_ECDHE_ECDSA_WITH_AES_256_CBC_SHA384, TLS_ECDHE_RSA_WITH_AES_256_CBC_SHA384, TLS_ECDHE_ECDSA_WITH_AES_128_CBC_SHA256, TLS_ECDHE_RSA_WITH_AES_128_CBC_SHA256, TLS_DHE_RSA_WITH_AES_256_CBC_SHA256, TLS_DHE_DSS_WITH_AES_256_CBC_SHA256, TLS_DHE_RSA_WITH_AES_128_CBC_SHA256, TLS_DHE_DSS_WITH_AES_128_CBC_SHA256, TLS_ECDHE_ECDSA_WITH_AES_256_CBC_SHA, TLS_ECDHE_RSA_WITH_AES_256_CBC_SHA, TLS_ECDHE_ECDSA_WITH_AES_128_CBC_SHA, TLS_ECDHE_RSA_WITH_AES_128_CBC_SHA, TLS_DHE_RSA_WITH_AES_256_CBC_SHA, TLS_DHE_DSS_WITH_AES_256_CBC_SHA, TLS_DHE_RSA_WITH_AES_128_CBC_SHA, TLS_DHE_DSS_WITH_AES_128_CBC_SHA, TLS_RSA_WITH_AES_256_GCM_SHA384, TLS_RSA_WITH_AES_128_GCM_SHA256, TLS_RSA_WITH_AES_256_CBC_SHA256, TLS_RSA_WITH_AES_128_CBC_SHA256, TLS_RSA_WITH_AES_256_CBC_SHA, TLS_RSA_WITH_AES_128_CBC_SHA, TLS_EMPTY_RENEGOTIATION_INFO_SCSV]
12:34:00.773 [main] DEBUG org.apache.http.conn.ssl.SSLConnectionSocketFactory - Starting handshake
12:34:00.834 [main] DEBUG org.apache.http.conn.ssl.SSLConnectionSocketFactory - Secure session established
12:34:00.834 [main] DEBUG org.apache.http.conn.ssl.SSLConnectionSocketFactory -  negotiated protocol: TLSv1.3
12:34:00.834 [main] DEBUG org.apache.http.conn.ssl.SSLConnectionSocketFactory -  negotiated cipher suite: TLS_AES_128_GCM_SHA256
12:34:00.834 [main] DEBUG org.apache.http.conn.ssl.SSLConnectionSocketFactory -  peer principal: CN=*.rickandmortyapi.com
12:34:00.834 [main] DEBUG org.apache.http.conn.ssl.SSLConnectionSocketFactory -  peer alternative names: [*.rickandmortyapi.com, rickandmortyapi.com]
12:34:00.834 [main] DEBUG org.apache.http.conn.ssl.SSLConnectionSocketFactory -  issuer principal: CN=R3, O=Let's Encrypt, C=US
12:34:00.834 [main] DEBUG org.apache.http.impl.conn.DefaultHttpClientConnectionOperator - Connection established 192.168.1.19:53803<->52.58.254.253:443
12:34:00.834 [main] DEBUG org.apache.http.impl.conn.DefaultManagedHttpClientConnection - http-outgoing-4: set socket timeout to 30000
12:34:00.834 [main] DEBUG org.apache.http.impl.execchain.MainClientExec - Executing request GET /api/character/2 HTTP/1.1
12:34:00.834 [main] DEBUG org.apache.http.impl.execchain.MainClientExec - Target auth state: UNCHALLENGED
12:34:00.834 [main] DEBUG org.apache.http.impl.execchain.MainClientExec - Proxy auth state: UNCHALLENGED
12:34:00.834 [main] DEBUG org.apache.http.headers - http-outgoing-4 >> GET /api/character/2 HTTP/1.1
12:34:00.835 [main] DEBUG org.apache.http.headers - http-outgoing-4 >> Host: rickandmortyapi.com
12:34:00.835 [main] DEBUG org.apache.http.headers - http-outgoing-4 >> Connection: Keep-Alive
12:34:00.835 [main] DEBUG org.apache.http.headers - http-outgoing-4 >> User-Agent: Apache-HttpClient/4.5.14 (Java/20.0.2)
12:34:00.835 [main] DEBUG org.apache.http.headers - http-outgoing-4 >> Accept-Encoding: gzip,deflate
12:34:00.835 [main] DEBUG org.apache.http.wire - http-outgoing-4 >> "GET /api/character/2 HTTP/1.1[\r][\n]"
12:34:00.835 [main] DEBUG org.apache.http.wire - http-outgoing-4 >> "Host: rickandmortyapi.com[\r][\n]"
12:34:00.835 [main] DEBUG org.apache.http.wire - http-outgoing-4 >> "Connection: Keep-Alive[\r][\n]"
12:34:00.835 [main] DEBUG org.apache.http.wire - http-outgoing-4 >> "User-Agent: Apache-HttpClient/4.5.14 (Java/20.0.2)[\r][\n]"
12:34:00.835 [main] DEBUG org.apache.http.wire - http-outgoing-4 >> "Accept-Encoding: gzip,deflate[\r][\n]"
12:34:00.835 [main] DEBUG org.apache.http.wire - http-outgoing-4 >> "[\r][\n]"
12:34:00.871 [main] DEBUG org.apache.http.wire - http-outgoing-4 << "HTTP/1.1 200 OK[\r][\n]"
12:34:00.871 [main] DEBUG org.apache.http.wire - http-outgoing-4 << "Access-Control-Allow-Origin: *[\r][\n]"
12:34:00.871 [main] DEBUG org.apache.http.wire - http-outgoing-4 << "Age: 0[\r][\n]"
12:34:00.871 [main] DEBUG org.apache.http.wire - http-outgoing-4 << "Cache-Control: max-age=259200[\r][\n]"
12:34:00.871 [main] DEBUG org.apache.http.wire - http-outgoing-4 << "Content-Encoding: gzip[\r][\n]"
12:34:00.871 [main] DEBUG org.apache.http.wire - http-outgoing-4 << "Content-Length: 392[\r][\n]"
12:34:00.871 [main] DEBUG org.apache.http.wire - http-outgoing-4 << "Content-Type: application/json; charset=utf-8[\r][\n]"
12:34:00.871 [main] DEBUG org.apache.http.wire - http-outgoing-4 << "Date: Sat, 23 Sep 2023 10:34:00 GMT[\r][\n]"
12:34:00.871 [main] DEBUG org.apache.http.wire - http-outgoing-4 << "Etag: W/"a6e-zQHAPIKFfD+Wv+P+4aCju24Mapw"[\r][\n]"
12:34:00.871 [main] DEBUG org.apache.http.wire - http-outgoing-4 << "Expires: Tue, 26 Sep 2023 10:34:00 GMT[\r][\n]"
12:34:00.871 [main] DEBUG org.apache.http.wire - http-outgoing-4 << "Server: Netlify[\r][\n]"
12:34:00.871 [main] DEBUG org.apache.http.wire - http-outgoing-4 << "Strict-Transport-Security: max-age=31536000[\r][\n]"
12:34:00.871 [main] DEBUG org.apache.http.wire - http-outgoing-4 << "Vary: Accept-Encoding[\r][\n]"
12:34:00.871 [main] DEBUG org.apache.http.wire - http-outgoing-4 << "X-Nf-Request-Id: 01HB0SMYA4C8K5W4QHW11G7VA8[\r][\n]"
12:34:00.871 [main] DEBUG org.apache.http.wire - http-outgoing-4 << "X-Powered-By: Express[\r][\n]"
12:34:00.871 [main] DEBUG org.apache.http.wire - http-outgoing-4 << "[\r][\n]"
12:34:00.871 [main] DEBUG org.apache.http.wire - http-outgoing-4 << "[0x1f][0x8b][0x8][0x0][0x0][0x0][0x0][0x0][0x0][0x3][0x94][0xd6][0xb1]N[0xc3]0[0x10][0x6][0xe0]W[0xa9]<[0xb7]u[0xcf]v[0xda][0x92][\r][0xb1][0xb0][0xb0][0x0][0x13][0x88][0xe1][0x94][0x98][0xd4]4[0x89]#[0xc7])[0xaa][0xaa][0xbe];[0xb6]D[0x81][0x8d][0xfe]S[0xa2][0xd3][0x17]K[0x9f][0x92][0xdc]I[0xb8]Z[0x94]j.z[0xee][0xac]([0xc5][0x83][0xf][0xf1]8{[0xea]\[0xdc][0x89][0xb9][0x18]#[0xc7]iL[0xe5][0xdb][0xd6][0x1d]l.[0xc][0xb6]r6W[0xee][0xa7][0x8e][0xfb]T[0x89][0xc7]![0xf7][0xa5][0xbb][0xc6][0xf6][0xb5][\r]y[0x6][0xb7]9[0xeb][0x83]k\/[0xca][0xd3]e[0xf6][0xd4][0xef]{[0xff][0x99][0x9b][0xa6][0xd0][0xe6][0x9e][0xf3]\[0xb4][0xbe][0xe2][0xe8][0xfc][0xdf][0xd8][0x9d][0x8b]\[0xdb]v[0xe6][0xdf]g[0x8f][0xae][0xda][0x8f]?[0xf9]][0x8c][0xc3]XJ[0x19]R[0x95][0xfb][0xba][0xcb]G[0xe5][0xc1]-+[0xdf][0xc9]t[0x95][0x97]YR[0xe7][0xc9][0xae][0xe3][0xc6]^[0xd1]U[0xed]8p[0x15]m[0x90]|[0xe0][0xc8]A[0xaa][0xe5][0xc7]`[0x9b][0xf4]T;[0xb8][0xd1][0xd7]i[0xc6][0xeb][0xbf]C[0xbe][0xa3][0x92]R[0xdb][0xb5]Y[0x5]d5[0x90]5@[0xb6][0x0][0xb2]k [0xbb][0x1][0xb2][ {[0x3]di[0x85][0x84][0x11]9B[0xe8][0x8][0xb1]#[0x4][0x8f][0x10]=B[0xf8][0x8][0xf1]#[0x4][0x90][0x10]A[0x85][0x8]*[0xe8][0xdd]C[0x4][0x15]"[0xa8][0x10]A[0x85][0x8]*DP![0x82][\n]"
12:34:00.871 [main] DEBUG org.apache.http.wire - http-outgoing-4 << "[0x11]T[0x88][0xa0]F[0x4]5"[0xa8][0xa1][0xcf]'"[0xa8][0x11]A[0x8d][0x8]jDP#[0x82][0x1a][0x11][0xd4][0x88][0xa0]A[0x4][\r]"h[0x10]A[0x3][0xfd][0x1][0x11]A[0x83][0x8][0x1a]D[0xd0] [0x82][0x6][0x11]4[0x88]`[0x81][0x8][0x16]$[0xde][0xae][0xdd][0xb7]~7[0xa7],Y[0x5][0xcb][0xd1][0xa6]eR[0xa8][0x15]m[0x16]D[0x8b][0x95]y[0xa6]mY[0xac]JE[0xcb]uA/[0xe2][0xfc][0x5][0x0][0x0][0xff][0xff][0x3][0x0]{s[0x0][0x98]n[\n]"
12:34:00.871 [main] DEBUG org.apache.http.wire - http-outgoing-4 << "[0x0][0x0]"
12:34:00.871 [main] DEBUG org.apache.http.headers - http-outgoing-4 << HTTP/1.1 200 OK
12:34:00.871 [main] DEBUG org.apache.http.headers - http-outgoing-4 << Access-Control-Allow-Origin: *
12:34:00.871 [main] DEBUG org.apache.http.headers - http-outgoing-4 << Age: 0
12:34:00.871 [main] DEBUG org.apache.http.headers - http-outgoing-4 << Cache-Control: max-age=259200
12:34:00.871 [main] DEBUG org.apache.http.headers - http-outgoing-4 << Content-Encoding: gzip
12:34:00.871 [main] DEBUG org.apache.http.headers - http-outgoing-4 << Content-Length: 392
12:34:00.871 [main] DEBUG org.apache.http.headers - http-outgoing-4 << Content-Type: application/json; charset=utf-8
12:34:00.871 [main] DEBUG org.apache.http.headers - http-outgoing-4 << Date: Sat, 23 Sep 2023 10:34:00 GMT
12:34:00.871 [main] DEBUG org.apache.http.headers - http-outgoing-4 << Etag: W/"a6e-zQHAPIKFfD+Wv+P+4aCju24Mapw"
12:34:00.871 [main] DEBUG org.apache.http.headers - http-outgoing-4 << Expires: Tue, 26 Sep 2023 10:34:00 GMT
12:34:00.871 [main] DEBUG org.apache.http.headers - http-outgoing-4 << Server: Netlify
12:34:00.871 [main] DEBUG org.apache.http.headers - http-outgoing-4 << Strict-Transport-Security: max-age=31536000
12:34:00.871 [main] DEBUG org.apache.http.headers - http-outgoing-4 << Vary: Accept-Encoding
12:34:00.871 [main] DEBUG org.apache.http.headers - http-outgoing-4 << X-Nf-Request-Id: 01HB0SMYA4C8K5W4QHW11G7VA8
12:34:00.871 [main] DEBUG org.apache.http.headers - http-outgoing-4 << X-Powered-By: Express
12:34:00.871 [main] DEBUG org.apache.http.impl.execchain.MainClientExec - Connection can be kept alive indefinitely
12:34:00.871 [main] DEBUG org.apache.http.impl.conn.DefaultManagedHttpClientConnection - http-outgoing-4: Close connection
12:34:00.907 [main] DEBUG org.apache.http.impl.execchain.MainClientExec - Connection discarded
12:34:00.907 [main] DEBUG org.apache.http.impl.conn.PoolingHttpClientConnectionManager - Connection released: [id: 4][route: {s}->https://rickandmortyapi.com:443][total available: 0; route allocated: 0 of 5; total allocated: 0 of 10]
12:34:00.907 [main] DEBUG org.apache.http.impl.conn.PoolingHttpClientConnectionManager - Connection manager is shutting down
12:34:00.907 [main] DEBUG org.apache.http.impl.conn.PoolingHttpClientConnectionManager - Connection manager shut down
12:34:00.907 [main] DEBUG com.intuit.karate - response time in milliseconds: 145
1 < 200
1 < Access-Control-Allow-Origin: *
1 < Age: 0
1 < Cache-Control: max-age=259200
1 < Content-Type: application/json; charset=utf-8
1 < Date: Sat, 23 Sep 2023 10:34:00 GMT
1 < Etag: W/"a6e-zQHAPIKFfD+Wv+P+4aCju24Mapw"
1 < Expires: Tue, 26 Sep 2023 10:34:00 GMT
1 < Server: Netlify
1 < Strict-Transport-Security: max-age=31536000
1 < Vary: Accept-Encoding
1 < X-Nf-Request-Id: 01HB0SMYA4C8K5W4QHW11G7VA8
1 < X-Powered-By: Express
{"id":2,"name":"Morty Smith","status":"Alive","species":"Human","type":"","gender":"Male","origin":{"name":"unknown","url":""},"location":{"name":"Citadel of Ricks","url":"https://rickandmortyapi.com/api/location/3"},"image":"https://rickandmortyapi.com/api/character/avatar/2.jpeg","episode":["https://rickandmortyapi.com/api/episode/1","https://rickandmortyapi.com/api/episode/2","https://rickandmortyapi.com/api/episode/3","https://rickandmortyapi.com/api/episode/4","https://rickandmortyapi.com/api/episode/5","https://rickandmortyapi.com/api/episode/6","https://rickandmortyapi.com/api/episode/7","https://rickandmortyapi.com/api/episode/8","https://rickandmortyapi.com/api/episode/9","https://rickandmortyapi.com/api/episode/10","https://rickandmortyapi.com/api/episode/11","https://rickandmortyapi.com/api/episode/12","https://rickandmortyapi.com/api/episode/13","https://rickandmortyapi.com/api/episode/14","https://rickandmortyapi.com/api/episode/15","https://rickandmortyapi.com/api/episode/16","https://rickandmortyapi.com/api/episode/17","https://rickandmortyapi.com/api/episode/18","https://rickandmortyapi.com/api/episode/19","https://rickandmortyapi.com/api/episode/20","https://rickandmortyapi.com/api/episode/21","https://rickandmortyapi.com/api/episode/22","https://rickandmortyapi.com/api/episode/23","https://rickandmortyapi.com/api/episode/24","https://rickandmortyapi.com/api/episode/25","https://rickandmortyapi.com/api/episode/26","https://rickandmortyapi.com/api/episode/27","https://rickandmortyapi.com/api/episode/28","https://rickandmortyapi.com/api/episode/29","https://rickandmortyapi.com/api/episode/30","https://rickandmortyapi.com/api/episode/31","https://rickandmortyapi.com/api/episode/32","https://rickandmortyapi.com/api/episode/33","https://rickandmortyapi.com/api/episode/34","https://rickandmortyapi.com/api/episode/35","https://rickandmortyapi.com/api/episode/36","https://rickandmortyapi.com/api/episode/37","https://rickandmortyapi.com/api/episode/38","https://rickandmortyapi.com/api/episode/39","https://rickandmortyapi.com/api/episode/40","https://rickandmortyapi.com/api/episode/41","https://rickandmortyapi.com/api/episode/42","https://rickandmortyapi.com/api/episode/43","https://rickandmortyapi.com/api/episode/44","https://rickandmortyapi.com/api/episode/45","https://rickandmortyapi.com/api/episode/46","https://rickandmortyapi.com/api/episode/47","https://rickandmortyapi.com/api/episode/48","https://rickandmortyapi.com/api/episode/49","https://rickandmortyapi.com/api/episode/50","https://rickandmortyapi.com/api/episode/51"],"url":"https://rickandmortyapi.com/api/character/2","created":"2017-11-04T18:50:21.651Z"}

12:34:00.909 [main] DEBUG com.jayway.jsonpath.internal.path.CompiledPath - Evaluating path: $['origin']
12:34:00.909 [main] DEBUG com.jayway.jsonpath.internal.path.CompiledPath - Evaluating path: $['name']
12:34:00.910 [main] DEBUG com.jayway.jsonpath.internal.path.CompiledPath - Evaluating path: $['name']
12:34:00.928 [main] DEBUG org.thymeleaf.TemplateEngine - [THYMELEAF] INITIALIZING TEMPLATE ENGINE
12:34:00.985 [main] DEBUG org.thymeleaf.TemplateEngine.CONFIG - Initializing Thymeleaf Template engine configuration...
[THYMELEAF] TEMPLATE ENGINE CONFIGURATION:
[THYMELEAF] * Thymeleaf version: 3.0.14.RELEASE (built 2021-12-08T00:45:29+0000)
[THYMELEAF] * Cache Manager implementation: org.thymeleaf.cache.StandardCacheManager
[THYMELEAF] * Template resolvers:
[THYMELEAF]     * [1] com.intuit.karate.template.ResourceHtmlTemplateResolver
[THYMELEAF] * Message resolvers:
[THYMELEAF]     * org.thymeleaf.messageresolver.StandardMessageResolver
[THYMELEAF] * Link builders:
[THYMELEAF]     * org.thymeleaf.linkbuilder.StandardLinkBuilder
[THYMELEAF] * Dialect [1 of 2]: Standard (com.intuit.karate.template.KarateStandardDialect)
[THYMELEAF]     * Prefix: "th"
[THYMELEAF]     * Processors for Template Mode: HTML
[THYMELEAF]         * Element Tag Processors by [matching element and attribute name] [precedence]:
[THYMELEAF]             * [* {th:include,data-th-include}] [100]: org.thymeleaf.standard.processor.StandardIncludeTagProcessor
[THYMELEAF]             * [* {th:insert,data-th-insert}] [100]: org.thymeleaf.standard.processor.StandardInsertTagProcessor
[THYMELEAF]             * [* {th:replace,data-th-replace}] [100]: org.thymeleaf.standard.processor.StandardReplaceTagProcessor
[THYMELEAF]             * [* {th:substituteby,data-th-substituteby}] [100]: org.thymeleaf.standard.processor.StandardSubstituteByTagProcessor
[THYMELEAF]             * [* {th:each,data-th-each}] [200]: com.intuit.karate.template.KarateEachTagProcessor
[THYMELEAF]             * [* {th:switch,data-th-switch}] [250]: org.thymeleaf.standard.processor.StandardSwitchTagProcessor
[THYMELEAF]             * [* {th:case,data-th-case}] [275]: org.thymeleaf.standard.processor.StandardCaseTagProcessor
[THYMELEAF]             * [* {th:if,data-th-if}] [300]: org.thymeleaf.standard.processor.StandardIfTagProcessor
[THYMELEAF]             * [* {th:unless,data-th-unless}] [400]: org.thymeleaf.standard.processor.StandardUnlessTagProcessor
[THYMELEAF]             * [* {th:object,data-th-object}] [500]: org.thymeleaf.standard.processor.StandardObjectTagProcessor
[THYMELEAF]             * [* {th:with,data-th-with}] [600]: com.intuit.karate.template.KarateWithTagProcessor
[THYMELEAF]             * [* {th:attr,data-th-attr}] [700]: com.intuit.karate.template.KarateAttributeTagProcessor.KarateAttrTagProcessor
[THYMELEAF]             * [* {th:attrappend,data-th-attrappend}] [900]: com.intuit.karate.template.KarateAttributeTagProcessor.KarateAttrappendTagProcessor
[THYMELEAF]             * [* {th:attrprepend,data-th-attrprepend}] [900]: com.intuit.karate.template.KarateAttributeTagProcessor.KarateAttrprependTagProcessor
[THYMELEAF]             * [* {th:alt-title,data-th-alt-title}] [990]: org.thymeleaf.standard.processor.StandardAltTitleTagProcessor
[THYMELEAF]             * [* {th:lang-xmllang,data-th-lang-xmllang}] [990]: org.thymeleaf.standard.processor.StandardLangXmlLangTagProcessor
[THYMELEAF]             * [* {th:action,data-th-action}] [1000]: org.thymeleaf.standard.processor.StandardActionTagProcessor
[THYMELEAF]             * [* {th:autofocus,data-th-autofocus}] [1000]: org.thymeleaf.standard.processor.StandardConditionalFixedValueTagProcessor
[THYMELEAF]             * [* {th:nowrap,data-th-nowrap}] [1000]: org.thymeleaf.standard.processor.StandardConditionalFixedValueTagProcessor
[THYMELEAF]             * [* {th:ismap,data-th-ismap}] [1000]: org.thymeleaf.standard.processor.StandardConditionalFixedValueTagProcessor
[THYMELEAF]             * [* {th:autoplay,data-th-autoplay}] [1000]: org.thymeleaf.standard.processor.StandardConditionalFixedValueTagProcessor
[THYMELEAF]             * [* {th:checked,data-th-checked}] [1000]: org.thymeleaf.standard.processor.StandardConditionalFixedValueTagProcessor
[THYMELEAF]             * [* {th:open,data-th-open}] [1000]: org.thymeleaf.standard.processor.StandardConditionalFixedValueTagProcessor
[THYMELEAF]             * [* {th:required,data-th-required}] [1000]: org.thymeleaf.standard.processor.StandardConditionalFixedValueTagProcessor
[THYMELEAF]             * [* {th:seamless,data-th-seamless}] [1000]: org.thymeleaf.standard.processor.StandardConditionalFixedValueTagProcessor
[THYMELEAF]             * [* {th:declare,data-th-declare}] [1000]: org.thymeleaf.standard.processor.StandardConditionalFixedValueTagProcessor
[THYMELEAF]             * [* {th:multiple,data-th-multiple}] [1000]: org.thymeleaf.standard.processor.StandardConditionalFixedValueTagProcessor
[THYMELEAF]             * [* {th:disabled,data-th-disabled}] [1000]: org.thymeleaf.standard.processor.StandardConditionalFixedValueTagProcessor
[THYMELEAF]             * [* {th:reversed,data-th-reversed}] [1000]: org.thymeleaf.standard.processor.StandardConditionalFixedValueTagProcessor
[THYMELEAF]             * [* {th:selected,data-th-selected}] [1000]: org.thymeleaf.standard.processor.StandardConditionalFixedValueTagProcessor
[THYMELEAF]             * [* {th:loop,data-th-loop}] [1000]: org.thymeleaf.standard.processor.StandardConditionalFixedValueTagProcessor
[THYMELEAF]             * [* {th:novalidate,data-th-novalidate}] [1000]: org.thymeleaf.standard.processor.StandardConditionalFixedValueTagProcessor
[...]
[THYMELEAF]             * [* {th:marginwidth,data-th-marginwidth}] [1000]: org.thymeleaf.standard.processor.StandardRemovableAttributeTagProcessor
[THYMELEAF]             * [* {th:rows,data-th-rows}] [1000]: org.thymeleaf.standard.processor.StandardRemovableAttributeTagProcessor
[THYMELEAF]             * [* {th:media,data-th-media}] [1000]: org.thymeleaf.standard.processor.StandardRemovableAttributeTagProcessor
[THYMELEAF]             * [* {th:accept-charset,data-th-accept-charset}] [1000]: org.thymeleaf.standard.processor.StandardRemovableAttributeTagProcessor
[THYMELEAF]             * [* {th:longdesc,data-th-longdesc}] [1000]: org.thymeleaf.standard.processor.StandardRemovableAttributeTagProcessor
[THYMELEAF]             * [* {th:formtarget,data-th-formtarget}] [1000]: org.thymeleaf.standard.processor.StandardRemovableAttributeTagProcessor
[THYMELEAF]             * [* {th:formmethod,data-th-formmethod}] [1000]: org.thymeleaf.standard.processor.StandardRemovableAttributeTagProcessor
[THYMELEAF]             * [* {th:label,data-th-label}] [1000]: org.thymeleaf.standard.processor.StandardRemovableAttributeTagProcessor
[THYMELEAF]             * [* {th:marginheight,data-th-marginheight}] [1000]: org.thymeleaf.standard.processor.StandardRemovableAttributeTagProcessor
[THYMELEAF]             * [* {th:summary,data-th-summary}] [1000]: org.thymeleaf.standard.processor.StandardRemovableAttributeTagProcessor
[THYMELEAF]             * [* {th:sizes,data-th-sizes}] [1000]: org.thymeleaf.standard.processor.StandardRemovableAttributeTagProcessor
[THYMELEAF]             * [* {th:frame,data-th-frame}] [1000]: org.thymeleaf.standard.processor.StandardRemovableAttributeTagProcessor
[THYMELEAF]             * [* {th:usemap,data-th-usemap}] [1000]: org.thymeleaf.standard.processor.StandardRemovableAttributeTagProcessor
[THYMELEAF]             * [* {th:dir,data-th-dir}] [1000]: org.thymeleaf.standard.processor.StandardRemovableAttributeTagProcessor
[THYMELEAF]             * [* {th:border,data-th-border}] [1000]: org.thymeleaf.standard.processor.StandardRemovableAttributeTagProcessor
[THYMELEAF]             * [* {th:cellspacing,data-th-cellspacing}] [1000]: org.thymeleaf.standard.processor.StandardRemovableAttributeTagProcessor
[THYMELEAF]             * [* {th:height,data-th-height}] [1000]: org.thymeleaf.standard.processor.StandardRemovableAttributeTagProcessor
[THYMELEAF]             * [* {th:abbr,data-th-abbr}] [1000]: org.thymeleaf.standard.processor.StandardRemovableAttributeTagProcessor
[THYMELEAF]             * [* {th:hreflang,data-th-hreflang}] [1000]: org.thymeleaf.standard.processor.StandardRemovableAttributeTagProcessor
[THYMELEAF]             * [* {th:class,data-th-class}] [1000]: org.thymeleaf.standard.processor.StandardRemovableAttributeTagProcessor
[THYMELEAF]             * [* {th:autocomplete,data-th-autocomplete}] [1000]: org.thymeleaf.standard.processor.StandardRemovableAttributeTagProcessor
[THYMELEAF]             * [* {th:title,data-th-title}] [1000]: org.thymeleaf.standard.processor.StandardRemovableAttributeTagProcessor
[THYMELEAF]             * [* {th:lang,data-th-lang}] [1000]: org.thymeleaf.standard.processor.StandardRemovableAttributeTagProcessor
[THYMELEAF]             * [* {th:max,data-th-max}] [1000]: org.thymeleaf.standard.processor.StandardRemovableAttributeTagProcessor
[THYMELEAF]             * [* {th:sandbox,data-th-sandbox}] [1000]: org.thymeleaf.standard.processor.StandardRemovableAttributeTagProcessor
[THYMELEAF]             * [* {th:data,data-th-data}] [1000]: org.thymeleaf.standard.processor.StandardRemovableAttributeTagProcessor
[THYMELEAF]             * [* {th:alt,data-th-alt}] [1000]: org.thymeleaf.standard.processor.StandardRemovableAttributeTagProcessor
[THYMELEAF]             * [* {th:id,data-th-id}] [1000]: org.thymeleaf.standard.processor.StandardRemovableAttributeTagProcessor
[THYMELEAF]             * [* {th:spellcheck,data-th-spellcheck}] [1000]: org.thymeleaf.standard.processor.StandardRemovableAttributeTagProcessor
[THYMELEAF]             * [* {th:wrap,data-th-wrap}] [1000]: org.thymeleaf.standard.processor.StandardRemovableAttributeTagProcessor
[THYMELEAF]             * [* {th:colspan,data-th-colspan}] [1000]: org.thymeleaf.standard.processor.StandardRemovableAttributeTagProcessor
[THYMELEAF]             * [* {th:rules,data-th-rules}] [1000]: org.thymeleaf.standard.processor.StandardRemovableAttributeTagProcessor
[THYMELEAF]             * [* {th:keytype,data-th-keytype}] [1000]: org.thymeleaf.standard.processor.StandardRemovableAttributeTagProcessor
[THYMELEAF]             * [* {th:enctype,data-th-enctype}] [1000]: org.thymeleaf.standard.processor.StandardRemovableAttributeTagProcessor
[THYMELEAF]             * [* {th:manifest,data-th-manifest}] [1000]: org.thymeleaf.standard.processor.StandardRemovableAttributeTagProcessor
[THYMELEAF]             * [* {th:standby,data-th-standby}] [1000]: org.thymeleaf.standard.processor.StandardRemovableAttributeTagProcessor
[THYMELEAF]             * [* {th:hspace,data-th-hspace}] [1000]: org.thymeleaf.standard.processor.StandardRemovableAttributeTagProcessor
[THYMELEAF]             * [* {th:bgcolor,data-th-bgcolor}] [1000]: org.thymeleaf.standard.processor.StandardRemovableAttributeTagProcessor
[THYMELEAF]             * [* {th:src,data-th-src}] [1000]: org.thymeleaf.standard.processor.StandardSrcTagProcessor
[THYMELEAF]             * [* {th:value,data-th-value}] [1000]: org.thymeleaf.standard.processor.StandardValueTagProcessor
[THYMELEAF]             * [* {th:xmlbase,data-th-xmlbase}] [1000]: org.thymeleaf.standard.processor.StandardXmlBaseTagProcessor
[THYMELEAF]             * [* {th:xmllang,data-th-xmllang}] [1000]: org.thymeleaf.standard.processor.StandardXmlLangTagProcessor
[THYMELEAF]             * [* {xmlns:th}] [1000]: org.thymeleaf.standard.processor.StandardXmlNsTagProcessor
[THYMELEAF]             * [* {th:xmlspace,data-th-xmlspace}] [1000]: org.thymeleaf.standard.processor.StandardXmlSpaceTagProcessor
[THYMELEAF]             * [* {th:classappend,data-th-classappend}] [1100]: org.thymeleaf.standard.processor.StandardClassappendTagProcessor
[THYMELEAF]             * [* {th:styleappend,data-th-styleappend}] [1100]: org.thymeleaf.standard.processor.StandardStyleappendTagProcessor
[THYMELEAF]             * [* {th:text,data-th-text}] [1300]: org.thymeleaf.standard.processor.StandardTextTagProcessor
[THYMELEAF]             * [* {th:utext,data-th-utext}] [1400]: org.thymeleaf.standard.processor.StandardUtextTagProcessor
[THYMELEAF]             * [* {th:fragment,data-th-fragment}] [1500]: org.thymeleaf.standard.processor.StandardFragmentTagProcessor
[THYMELEAF]             * [* {th:assert,data-th-assert}] [1550]: org.thymeleaf.standard.processor.StandardAssertTagProcessor
[THYMELEAF]             * [* {th:remove,data-th-remove}] [1600]: org.thymeleaf.standard.processor.StandardRemoveTagProcessor
[THYMELEAF]             * [* {th:ref,data-th-ref}] [10000]: org.thymeleaf.standard.processor.StandardRefAttributeTagProcessor
[THYMELEAF]             * [{th:block,th-block} *] [100000]: org.thymeleaf.standard.processor.StandardBlockTagProcessor
[THYMELEAF]             * [* th:*] [2147483647]: org.thymeleaf.standard.processor.StandardDefaultAttributesTagProcessor
[THYMELEAF]         * Text Processors by [precedence]:
[THYMELEAF]             * [1000]: org.thymeleaf.standard.processor.StandardInliningTextProcessor
[THYMELEAF]         * DOCTYPE Processors by [precedence]:
[THYMELEAF]             * [1000]: org.thymeleaf.standard.processor.StandardTranslationDocTypeProcessor
[THYMELEAF]         * CDATA Section Processors by [precedence]:
[THYMELEAF]             * [1000]: org.thymeleaf.standard.processor.StandardInliningCDATASectionProcessor
[THYMELEAF]         * Comment Processors by [precedence]:
[THYMELEAF]             * [1000]: org.thymeleaf.standard.processor.StandardInliningCommentProcessor
[THYMELEAF]             * [1100]: org.thymeleaf.standard.processor.StandardConditionalCommentProcessor
[THYMELEAF]     * Processors for Template Mode: XML
[THYMELEAF]         * Element Tag Processors by [matching element and attribute name] [precedence]:
[THYMELEAF]             * [* {th:include}] [100]: org.thymeleaf.standard.processor.StandardIncludeTagProcessor
[THYMELEAF]             * [* {th:insert}] [100]: org.thymeleaf.standard.processor.StandardInsertTagProcessor
[THYMELEAF]             * [* {th:replace}] [100]: org.thymeleaf.standard.processor.StandardReplaceTagProcessor
[THYMELEAF]             * [* {th:substituteby}] [100]: org.thymeleaf.standard.processor.StandardSubstituteByTagProcessor
[THYMELEAF]             * [* {th:each}] [200]: com.intuit.karate.template.KarateEachTagProcessor
[THYMELEAF]             * [* {th:switch}] [250]: org.thymeleaf.standard.processor.StandardSwitchTagProcessor
[THYMELEAF]             * [* {th:case}] [275]: org.thymeleaf.standard.processor.StandardCaseTagProcessor
[THYMELEAF]             * [* {th:if}] [300]: org.thymeleaf.standard.processor.StandardIfTagProcessor
[THYMELEAF]             * [* {th:unless}] [400]: org.thymeleaf.standard.processor.StandardUnlessTagProcessor
[THYMELEAF]             * [* {th:object}] [500]: org.thymeleaf.standard.processor.StandardObjectTagProcessor
[THYMELEAF]             * [* {th:with}] [600]: com.intuit.karate.template.KarateWithTagProcessor
[THYMELEAF]             * [* {th:attr}] [700]: com.intuit.karate.template.KarateAttributeTagProcessor.KarateAttrTagProcessor
[THYMELEAF]             * [* {th:attrappend}] [900]: com.intuit.karate.template.KarateAttributeTagProcessor.KarateAttrappendTagProcessor
[THYMELEAF]             * [* {th:attrprepend}] [900]: com.intuit.karate.template.KarateAttributeTagProcessor.KarateAttrprependTagProcessor
[THYMELEAF]             * [* {th:inline}] [1000]: org.thymeleaf.standard.processor.StandardInlineXMLTagProcessor
[THYMELEAF]             * [* {xmlns:th}] [1000]: org.thymeleaf.standard.processor.StandardXmlNsTagProcessor
[THYMELEAF]             * [* {th:text}] [1300]: org.thymeleaf.standard.processor.StandardTextTagProcessor
[THYMELEAF]             * [* {th:utext}] [1400]: org.thymeleaf.standard.processor.StandardUtextTagProcessor
[THYMELEAF]             * [* {th:fragment}] [1500]: org.thymeleaf.standard.processor.StandardFragmentTagProcessor
[THYMELEAF]             * [* {th:assert}] [1550]: org.thymeleaf.standard.processor.StandardAssertTagProcessor
[THYMELEAF]             * [* {th:remove}] [1600]: org.thymeleaf.standard.processor.StandardRemoveTagProcessor
[THYMELEAF]             * [* {th:ref}] [10000]: org.thymeleaf.standard.processor.StandardRefAttributeTagProcessor
[THYMELEAF]             * [{th:block} *] [100000]: org.thymeleaf.standard.processor.StandardBlockTagProcessor
[THYMELEAF]             * [* th:*] [2147483647]: org.thymeleaf.standard.processor.StandardDefaultAttributesTagProcessor
[THYMELEAF]         * Text Processors by [precedence]:
[THYMELEAF]             * [1000]: org.thymeleaf.standard.processor.StandardInliningTextProcessor
[THYMELEAF]         * CDATA Section Processors by [precedence]:
[THYMELEAF]             * [1000]: org.thymeleaf.standard.processor.StandardInliningCDATASectionProcessor
[THYMELEAF]         * Comment Processors by [precedence]:
[THYMELEAF]             * [1000]: org.thymeleaf.standard.processor.StandardInliningCommentProcessor
[THYMELEAF]     * Processors for Template Mode: TEXT
[THYMELEAF]         * Element Tag Processors by [matching element and attribute name] [precedence]:
[THYMELEAF]             * [* {th:insert}] [100]: org.thymeleaf.standard.processor.StandardInsertTagProcessor
[THYMELEAF]             * [* {th:replace}] [100]: org.thymeleaf.standard.processor.StandardReplaceTagProcessor
[THYMELEAF]             * [* {th:each}] [200]: com.intuit.karate.template.KarateEachTagProcessor
[THYMELEAF]             * [* {th:switch}] [250]: org.thymeleaf.standard.processor.StandardSwitchTagProcessor
[THYMELEAF]             * [* {th:case}] [275]: org.thymeleaf.standard.processor.StandardCaseTagProcessor
[THYMELEAF]             * [* {th:if}] [300]: org.thymeleaf.standard.processor.StandardIfTagProcessor
[THYMELEAF]             * [* {th:unless}] [400]: org.thymeleaf.standard.processor.StandardUnlessTagProcessor
[THYMELEAF]             * [* {th:object}] [500]: org.thymeleaf.standard.processor.StandardObjectTagProcessor
[THYMELEAF]             * [* {th:with}] [600]: com.intuit.karate.template.KarateWithTagProcessor
[THYMELEAF]             * [* {th:inline}] [1000]: org.thymeleaf.standard.processor.StandardInlineTextualTagProcessor
[THYMELEAF]             * [* {th:text}] [1300]: org.thymeleaf.standard.processor.StandardTextTagProcessor
[THYMELEAF]             * [* {th:utext}] [1400]: org.thymeleaf.standard.processor.StandardUtextTagProcessor
[THYMELEAF]             * [* {th:assert}] [1550]: org.thymeleaf.standard.processor.StandardAssertTagProcessor
[THYMELEAF]             * [* {th:remove}] [1600]: org.thymeleaf.standard.processor.StandardRemoveTagProcessor
[THYMELEAF]             * [{th:block} *] [100000]: org.thymeleaf.standard.processor.StandardBlockTagProcessor
[THYMELEAF]             * [* 100000] [org.thymeleaf.standard.processor.StandardBlockTagProcessor]: {}
[THYMELEAF]         * Text Processors by [precedence]:
[THYMELEAF]             * [1000]: org.thymeleaf.standard.processor.StandardInliningTextProcessor
[THYMELEAF]     * Processors for Template Mode: JAVASCRIPT
[THYMELEAF]         * Element Tag Processors by [matching element and attribute name] [precedence]:
[THYMELEAF]             * [* {th:insert}] [100]: org.thymeleaf.standard.processor.StandardInsertTagProcessor
[THYMELEAF]             * [* {th:replace}] [100]: org.thymeleaf.standard.processor.StandardReplaceTagProcessor
[THYMELEAF]             * [* {th:each}] [200]: com.intuit.karate.template.KarateEachTagProcessor
[THYMELEAF]             * [* {th:switch}] [250]: org.thymeleaf.standard.processor.StandardSwitchTagProcessor
[THYMELEAF]             * [* {th:case}] [275]: org.thymeleaf.standard.processor.StandardCaseTagProcessor
[THYMELEAF]             * [* {th:if}] [300]: org.thymeleaf.standard.processor.StandardIfTagProcessor
[THYMELEAF]             * [* {th:unless}] [400]: org.thymeleaf.standard.processor.StandardUnlessTagProcessor
[THYMELEAF]             * [* {th:object}] [500]: org.thymeleaf.standard.processor.StandardObjectTagProcessor
[THYMELEAF]             * [* {th:with}] [600]: com.intuit.karate.template.KarateWithTagProcessor
[THYMELEAF]             * [* {th:inline}] [1000]: org.thymeleaf.standard.processor.StandardInlineTextualTagProcessor
[THYMELEAF]             * [* {th:text}] [1300]: org.thymeleaf.standard.processor.StandardTextTagProcessor
[THYMELEAF]             * [* {th:utext}] [1400]: org.thymeleaf.standard.processor.StandardUtextTagProcessor
[THYMELEAF]             * [* {th:assert}] [1550]: org.thymeleaf.standard.processor.StandardAssertTagProcessor
[THYMELEAF]             * [* {th:remove}] [1600]: org.thymeleaf.standard.processor.StandardRemoveTagProcessor
[THYMELEAF]             * [* 100000] [org.thymeleaf.standard.processor.StandardBlockTagProcessor]: {}
[THYMELEAF]             * [{th:block} *] [100000]: org.thymeleaf.standard.processor.StandardBlockTagProcessor
[THYMELEAF]         * Text Processors by [precedence]:
[THYMELEAF]             * [1000]: org.thymeleaf.standard.processor.StandardInliningTextProcessor
[THYMELEAF]     * Processors for Template Mode: CSS
[THYMELEAF]         * Element Tag Processors by [matching element and attribute name] [precedence]:
[THYMELEAF]             * [* {th:insert}] [100]: org.thymeleaf.standard.processor.StandardInsertTagProcessor
[THYMELEAF]             * [* {th:replace}] [100]: org.thymeleaf.standard.processor.StandardReplaceTagProcessor
[THYMELEAF]             * [* {th:each}] [200]: com.intuit.karate.template.KarateEachTagProcessor
[THYMELEAF]             * [* {th:switch}] [250]: org.thymeleaf.standard.processor.StandardSwitchTagProcessor
[THYMELEAF]             * [* {th:case}] [275]: org.thymeleaf.standard.processor.StandardCaseTagProcessor
[THYMELEAF]             * [* {th:if}] [300]: org.thymeleaf.standard.processor.StandardIfTagProcessor
[THYMELEAF]             * [* {th:unless}] [400]: org.thymeleaf.standard.processor.StandardUnlessTagProcessor
[THYMELEAF]             * [* {th:object}] [500]: org.thymeleaf.standard.processor.StandardObjectTagProcessor
[THYMELEAF]             * [* {th:with}] [600]: com.intuit.karate.template.KarateWithTagProcessor
[THYMELEAF]             * [* {th:inline}] [1000]: org.thymeleaf.standard.processor.StandardInlineTextualTagProcessor
[THYMELEAF]             * [* {th:text}] [1300]: org.thymeleaf.standard.processor.StandardTextTagProcessor
[THYMELEAF]             * [* {th:utext}] [1400]: org.thymeleaf.standard.processor.StandardUtextTagProcessor
[THYMELEAF]             * [* {th:assert}] [1550]: org.thymeleaf.standard.processor.StandardAssertTagProcessor
[THYMELEAF]             * [* {th:remove}] [1600]: org.thymeleaf.standard.processor.StandardRemoveTagProcessor
[THYMELEAF]             * [* 100000] [org.thymeleaf.standard.processor.StandardBlockTagProcessor]: {}
[THYMELEAF]             * [{th:block} *] [100000]: org.thymeleaf.standard.processor.StandardBlockTagProcessor
[THYMELEAF]         * Text Processors by [precedence]:
[THYMELEAF]             * [1000]: org.thymeleaf.standard.processor.StandardInliningTextProcessor
[THYMELEAF]     * Expression Objects:
[THYMELEAF]         * #ctx
[THYMELEAF]         * #root
[THYMELEAF]         * #vars
[THYMELEAF]         * #object
[THYMELEAF]         * #locale
[THYMELEAF]         * #request
[THYMELEAF]         * #response
[THYMELEAF]         * #session
[THYMELEAF]         * #servletContext
[THYMELEAF]         * #conversions
[THYMELEAF]         * #uris
[THYMELEAF]         * #calendars
[THYMELEAF]         * #dates
[THYMELEAF]         * #bools
[THYMELEAF]         * #numbers
[THYMELEAF]         * #objects
[THYMELEAF]         * #strings
[THYMELEAF]         * #arrays
[THYMELEAF]         * #lists
[THYMELEAF]         * #sets
[THYMELEAF]         * #maps
[THYMELEAF]         * #aggregates
[THYMELEAF]         * #messages
[THYMELEAF]         * #ids
[THYMELEAF]         * #execInfo
[THYMELEAF]         * #httpServletRequest
[THYMELEAF]         * #httpSession
[THYMELEAF]     * Execution Attributes:
[THYMELEAF]         * "StandardExpressionParser": com.intuit.karate.template.KarateStandardDialect@5df2023c
[THYMELEAF]         * "StandardJavaScriptSerializer": org.thymeleaf.standard.serializer.StandardJavaScriptSerializer@433d93e7
[THYMELEAF]         * "StandardCSSSerializer": org.thymeleaf.standard.serializer.StandardCSSSerializer@87aec6a
[THYMELEAF]         * "StandardVariableExpressionEvaluator": com.intuit.karate.template.KarateStandardDialect@5df2023c
[THYMELEAF]         * "StandardConversionService": org.thymeleaf.standard.expression.StandardConversionService@213012a0
[THYMELEAF] * Dialect [2 of 2]: karate (com.intuit.karate.template.KarateScriptDialect)
[THYMELEAF]     * Prefix: "ka"
[THYMELEAF]     * Processors for Template Mode: HTML
[THYMELEAF]         * Element Tag Processors by [matching element and attribute name] [precedence]:
[THYMELEAF]             * [* {src}] [1000]: com.intuit.karate.template.KaScriptAttrProcessor
[THYMELEAF]         * Element Model Processors by [matching element and attribute name] [precedence]:
[THYMELEAF]             * [{script} {ka:scope,data-ka-scope}] [1000]: com.intuit.karate.template.KaScriptElemProcessor
[THYMELEAF]             * [* {ka:set,data-ka-set}] [1000]: com.intuit.karate.template.KaSetElemProcessor
[THYMELEAF] TEMPLATE ENGINE CONFIGURED OK
12:34:01.232 [main] DEBUG org.thymeleaf.TemplateEngine - [THYMELEAF] TEMPLATE ENGINE INITIALIZED

HTML report: (paste into browser to view) | Karate version: 1.4.1.RC3
file:///Users/app/IdeaProjects/KarateFrameWork/target/karate-reports/karate-summary.html
===================================================================

]]></system-out>
  </testcase>
</testsuite>