<?xml version="1.0" encoding="UTF-8"?>
<testsuite xmlns:xsi="http://www.w3.org/2001/XMLSchema-instance" xsi:noNamespaceSchemaLocation="https://maven.apache.org/surefire/maven-surefire-plugin/xsd/surefire-test-report-3.0.xsd" version="3.0" name="RickAndMorty.RickyMortyTest" time="1.753" tests="2" errors="0" skipped="0" failures="0">
  <properties>
[...]
</properties>
  <testcase name="[1:5] Get Rick name" classname="RickAndMorty/Rick/rick-get" time="0.488">
    <system-out><![CDATA[11:43:22.610 [main] DEBUG org.apache.http.client.protocol.RequestAddCookies - CookieSpec selected: karate
11:43:22.613 [main] DEBUG org.apache.http.client.protocol.RequestAuthCache - Auth cache not set in the context
11:43:22.614 [main] DEBUG com.intuit.karate - request:
1 > GET https://rickandmortyapi.com/api/character/1
1 > Host: rickandmortyapi.com
1 > Connection: Keep-Alive
1 > User-Agent: Apache-HttpClient/4.5.14 (Java/20.0.2)
1 > Accept-Encoding: gzip,deflate


11:43:22.614 [main] DEBUG org.apache.http.impl.conn.PoolingHttpClientConnectionManager - Connection request: [route: {s}->https://rickandmortyapi.com:443][total available: 0; route allocated: 0 of 5; total allocated: 0 of 10]
11:43:22.617 [main] DEBUG org.apache.http.impl.conn.PoolingHttpClientConnectionManager - Connection leased: [id: 0][route: {s}->https://rickandmortyapi.com:443][total available: 0; route allocated: 1 of 5; total allocated: 1 of 10]
11:43:22.617 [main] DEBUG org.apache.http.impl.execchain.MainClientExec - Opening connection {s}->https://rickandmortyapi.com:443
11:43:22.738 [main] DEBUG org.apache.http.impl.conn.DefaultHttpClientConnectionOperator - Connecting to rickandmortyapi.com/18.192.94.96:443
11:43:22.738 [main] DEBUG org.apache.http.conn.ssl.SSLConnectionSocketFactory - Connecting socket to rickandmortyapi.com/18.192.94.96:443 with timeout 30000
11:43:22.800 [main] DEBUG org.apache.http.conn.ssl.SSLConnectionSocketFactory - Enabled protocols: [TLSv1.3, TLSv1.2]
11:43:22.800 [main] DEBUG org.apache.http.conn.ssl.SSLConnectionSocketFactory - Enabled cipher suites:[TLS_AES_256_GCM_SHA384, TLS_AES_128_GCM_SHA256, TLS_CHACHA20_POLY1305_SHA256, TLS_ECDHE_ECDSA_WITH_AES_256_GCM_SHA384, TLS_ECDHE_ECDSA_WITH_AES_128_GCM_SHA256, TLS_ECDHE_ECDSA_WITH_CHACHA20_POLY1305_SHA256, TLS_ECDHE_RSA_WITH_AES_256_GCM_SHA384, TLS_ECDHE_RSA_WITH_CHACHA20_POLY1305_SHA256, TLS_ECDHE_RSA_WITH_AES_128_GCM_SHA256, TLS_DHE_RSA_WITH_AES_256_GCM_SHA384, TLS_DHE_RSA_WITH_CHACHA20_POLY1305_SHA256, TLS_DHE_DSS_WITH_AES_256_GCM_SHA384, TLS_DHE_RSA_WITH_AES_128_GCM_SHA256, TLS_DHE_DSS_WITH_AES_128_GCM_SHA256, TLS_ECDHE_ECDSA_WITH_AES_256_CBC_SHA384, TLS_ECDHE_RSA_WITH_AES_256_CBC_SHA384, TLS_ECDHE_ECDSA_WITH_AES_128_CBC_SHA256, TLS_ECDHE_RSA_WITH_AES_128_CBC_SHA256, TLS_DHE_RSA_WITH_AES_256_CBC_SHA256, TLS_DHE_DSS_WITH_AES_256_CBC_SHA256, TLS_DHE_RSA_WITH_AES_128_CBC_SHA256, TLS_DHE_DSS_WITH_AES_128_CBC_SHA256, TLS_ECDHE_ECDSA_WITH_AES_256_CBC_SHA, TLS_ECDHE_RSA_WITH_AES_256_CBC_SHA, TLS_ECDHE_ECDSA_WITH_AES_128_CBC_SHA, TLS_ECDHE_RSA_WITH_AES_128_CBC_SHA, TLS_DHE_RSA_WITH_AES_256_CBC_SHA, TLS_DHE_DSS_WITH_AES_256_CBC_SHA, TLS_DHE_RSA_WITH_AES_128_CBC_SHA, TLS_DHE_DSS_WITH_AES_128_CBC_SHA, TLS_RSA_WITH_AES_256_GCM_SHA384, TLS_RSA_WITH_AES_128_GCM_SHA256, TLS_RSA_WITH_AES_256_CBC_SHA256, TLS_RSA_WITH_AES_128_CBC_SHA256, TLS_RSA_WITH_AES_256_CBC_SHA, TLS_RSA_WITH_AES_128_CBC_SHA, TLS_EMPTY_RENEGOTIATION_INFO_SCSV]
11:43:22.800 [main] DEBUG org.apache.http.conn.ssl.SSLConnectionSocketFactory - Starting handshake
11:43:22.892 [main] DEBUG org.apache.http.conn.ssl.SSLConnectionSocketFactory - Secure session established
11:43:22.892 [main] DEBUG org.apache.http.conn.ssl.SSLConnectionSocketFactory -  negotiated protocol: TLSv1.3
11:43:22.892 [main] DEBUG org.apache.http.conn.ssl.SSLConnectionSocketFactory -  negotiated cipher suite: TLS_AES_128_GCM_SHA256
11:43:22.892 [main] DEBUG org.apache.http.conn.ssl.SSLConnectionSocketFactory -  peer principal: CN=*.rickandmortyapi.com
11:43:22.892 [main] DEBUG org.apache.http.conn.ssl.SSLConnectionSocketFactory -  peer alternative names: [*.rickandmortyapi.com, rickandmortyapi.com]
11:43:22.892 [main] DEBUG org.apache.http.conn.ssl.SSLConnectionSocketFactory -  issuer principal: CN=R3, O=Let's Encrypt, C=US
11:43:22.894 [main] DEBUG org.apache.http.impl.conn.DefaultHttpClientConnectionOperator - Connection established 192.168.1.19:49995<->18.192.94.96:443
11:43:22.894 [main] DEBUG org.apache.http.impl.conn.DefaultManagedHttpClientConnection - http-outgoing-0: set socket timeout to 30000
11:43:22.894 [main] DEBUG org.apache.http.impl.execchain.MainClientExec - Executing request GET /api/character/1 HTTP/1.1
11:43:22.894 [main] DEBUG org.apache.http.impl.execchain.MainClientExec - Target auth state: UNCHALLENGED
11:43:22.894 [main] DEBUG org.apache.http.impl.execchain.MainClientExec - Proxy auth state: UNCHALLENGED
11:43:22.894 [main] DEBUG org.apache.http.headers - http-outgoing-0 >> GET /api/character/1 HTTP/1.1
11:43:22.894 [main] DEBUG org.apache.http.headers - http-outgoing-0 >> Host: rickandmortyapi.com
11:43:22.894 [main] DEBUG org.apache.http.headers - http-outgoing-0 >> Connection: Keep-Alive
11:43:22.894 [main] DEBUG org.apache.http.headers - http-outgoing-0 >> User-Agent: Apache-HttpClient/4.5.14 (Java/20.0.2)
11:43:22.894 [main] DEBUG org.apache.http.headers - http-outgoing-0 >> Accept-Encoding: gzip,deflate
11:43:22.894 [main] DEBUG org.apache.http.wire - http-outgoing-0 >> "GET /api/character/1 HTTP/1.1[\r][\n]"
11:43:22.895 [main] DEBUG org.apache.http.wire - http-outgoing-0 >> "Host: rickandmortyapi.com[\r][\n]"
11:43:22.895 [main] DEBUG org.apache.http.wire - http-outgoing-0 >> "Connection: Keep-Alive[\r][\n]"
11:43:22.895 [main] DEBUG org.apache.http.wire - http-outgoing-0 >> "User-Agent: Apache-HttpClient/4.5.14 (Java/20.0.2)[\r][\n]"
11:43:22.895 [main] DEBUG org.apache.http.wire - http-outgoing-0 >> "Accept-Encoding: gzip,deflate[\r][\n]"
11:43:22.895 [main] DEBUG org.apache.http.wire - http-outgoing-0 >> "[\r][\n]"
11:43:22.928 [main] DEBUG org.apache.http.wire - http-outgoing-0 << "HTTP/1.1 200 OK[\r][\n]"
11:43:22.928 [main] DEBUG org.apache.http.wire - http-outgoing-0 << "Access-Control-Allow-Origin: *[\r][\n]"
11:43:22.928 [main] DEBUG org.apache.http.wire - http-outgoing-0 << "Age: 103476[\r][\n]"
11:43:22.928 [main] DEBUG org.apache.http.wire - http-outgoing-0 << "Cache-Control: max-age=259200[\r][\n]"
11:43:22.928 [main] DEBUG org.apache.http.wire - http-outgoing-0 << "Content-Encoding: gzip[\r][\n]"
11:43:22.928 [main] DEBUG org.apache.http.wire - http-outgoing-0 << "Content-Length: 403[\r][\n]"
11:43:22.928 [main] DEBUG org.apache.http.wire - http-outgoing-0 << "Content-Type: application/json; charset=utf-8[\r][\n]"
11:43:22.928 [main] DEBUG org.apache.http.wire - http-outgoing-0 << "Date: Sat, 16 Sep 2023 09:43:23 GMT[\r][\n]"
11:43:22.928 [main] DEBUG org.apache.http.wire - http-outgoing-0 << "Etag: W/"a9f-I68Cx5oSPFclkl+Wy2Fr9jNsFS8"[\r][\n]"
11:43:22.928 [main] DEBUG org.apache.http.wire - http-outgoing-0 << "Expires: Mon, 18 Sep 2023 04:58:47 GMT[\r][\n]"
11:43:22.928 [main] DEBUG org.apache.http.wire - http-outgoing-0 << "Server: Netlify[\r][\n]"
11:43:22.928 [main] DEBUG org.apache.http.wire - http-outgoing-0 << "Strict-Transport-Security: max-age=31536000[\r][\n]"
11:43:22.928 [main] DEBUG org.apache.http.wire - http-outgoing-0 << "Vary: Accept-Encoding[\r][\n]"
11:43:22.928 [main] DEBUG org.apache.http.wire - http-outgoing-0 << "X-Nf-Request-Id: 01HAENZ6M03NZD5W9Y5ZZ21ZM8[\r][\n]"
11:43:22.928 [main] DEBUG org.apache.http.wire - http-outgoing-0 << "X-Powered-By: Express[\r][\n]"
11:43:22.928 [main] DEBUG org.apache.http.wire - http-outgoing-0 << "[\r][\n]"
11:43:22.928 [main] DEBUG org.apache.http.wire - http-outgoing-0 << "[0x1f][0x8b][0x8][0x0][0x0][0x0][0x0][0x0][0x0][0x3][0x94][0xd6]OK[0xc3]0[0x18][0x6][0xf0][0xaf]RrR[0xe8][0xd6][0xbe]I[0xba][0xcd][0xde]d[0x8]^[0xbc][0xa8]'[0xc5][0xc3]K[0x1a][0xdb]h[0xff][0x91]f[0x83]9[0xf6][0xdd]M[0xc1][0xa1]7[0xf7]@[0xa1][0xe9][0xcb][0x93]7-?[0xda][0xe6](\%JJE[0xcf][0x9d][0x15][0xa5]xt[0xe6]3y[0xe2][0xde]4[0xf6]K[0xa4]b[\n]"
11:43:22.929 [main] DEBUG org.apache.http.wire - http-outgoing-0 << "[0x1c]vS[0xac][0xdf][0xb6]no[0xe7][0xc2]h[0x8d][0xb3]s[0xe5]~[0xd7]q[0x1f]+[0xe1]0[0xce][0x13][0xe3][0xa8][0xb6]}e}[0x1c]?p;g[0x7][0xef]j[0xd7][0x8b][0xf2]xn~[0xc7]>4[0xc9][0xd5]vAj}[0x1d][0x3];[0xdf][0xc6]j[0x13][0xc2]8[0x95]Y[0xe6][0xe3][0xd2][0xdc]W[0xdd][0xe0][0xc3][0x81]G[0xb7]4C[0x97][0xc5]s[0xd6][0xe][0x86][0x83][0x1b][0xfa][0x8c][0xc4])[0x15][0xe7][0xab]?m[0xb7].pe[0xdb]dxO[0xe6][0xdb][0x9f][0xf0][0xce]j[0xee][0xec]:[0xae][0xed][0x5][0xb3]L[0xc3][0x9e]M[0xb0]>[0xe3]=[0x7][0xf6][0x19]-?F[[0xc7]U[0xed][0xe8][0xa6][0xa1][0x8a]=^[0xff]m[0xf2][0x13][0x8d][0xcf][0x94]^[0x9c][0x95]@V[0x1]Y[\r]d[0xb] [0xbb][0x2][0xb2]k [0xbb][0x1][0xb2]7@[0x96]r$[0x8c][0xc8][0x11]BG[0x88][0x1d]!x[0x84][0xe8][0x11][0xc2]G[0x88][0x1f]![0x80][0x84][0x8]JDPB[0xef][0x1e]"([0x11]A[0x89][0x8]JDP"[0x82][0x12][0x11][0x94][0x88][0xa0]D[0x4][0x15]"[0xa8][0x10]A[0x5]}>[0x11]A[0x85][0x8]*DP![0x82][\n]"
11:43:22.929 [main] DEBUG org.apache.http.wire - http-outgoing-0 << "[0x11]T[0x88][0xa0]B[0x4]5"[0xa8][0x11]A[0x8d][0x8]j[0xe8][0xf][0x88][0x8]jDP#[0x82][0x1a][0x11][0xd4][0x88][0xa0]F[0x4][0xb]D[0xb0] [0xf1]v[0xe9]~[0xeb]w[0xe7]4[0xb3][0x1b]o9[0xd8][0xb8][0xfb][0x14]2[0xa7][0xf5][0x82]h[0x91][0xeb]g[0xda][0x94]:[0x1e][0xab][0xa5],[0xf2][0x17]q[0xfa][0x6][0x0][0x0][0xff][0xff][0x3][0x0][0x89][0xcc][0xd2]8[0x9f][\n]"
11:43:22.929 [main] DEBUG org.apache.http.wire - http-outgoing-0 << "[0x0][0x0]"
11:43:22.929 [main] DEBUG org.apache.http.headers - http-outgoing-0 << HTTP/1.1 200 OK
11:43:22.929 [main] DEBUG org.apache.http.headers - http-outgoing-0 << Access-Control-Allow-Origin: *
11:43:22.930 [main] DEBUG org.apache.http.headers - http-outgoing-0 << Age: 103476
11:43:22.930 [main] DEBUG org.apache.http.headers - http-outgoing-0 << Cache-Control: max-age=259200
11:43:22.930 [main] DEBUG org.apache.http.headers - http-outgoing-0 << Content-Encoding: gzip
11:43:22.930 [main] DEBUG org.apache.http.headers - http-outgoing-0 << Content-Length: 403
11:43:22.930 [main] DEBUG org.apache.http.headers - http-outgoing-0 << Content-Type: application/json; charset=utf-8
11:43:22.930 [main] DEBUG org.apache.http.headers - http-outgoing-0 << Date: Sat, 16 Sep 2023 09:43:23 GMT
11:43:22.930 [main] DEBUG org.apache.http.headers - http-outgoing-0 << Etag: W/"a9f-I68Cx5oSPFclkl+Wy2Fr9jNsFS8"
11:43:22.930 [main] DEBUG org.apache.http.headers - http-outgoing-0 << Expires: Mon, 18 Sep 2023 04:58:47 GMT
11:43:22.930 [main] DEBUG org.apache.http.headers - http-outgoing-0 << Server: Netlify
11:43:22.930 [main] DEBUG org.apache.http.headers - http-outgoing-0 << Strict-Transport-Security: max-age=31536000
11:43:22.930 [main] DEBUG org.apache.http.headers - http-outgoing-0 << Vary: Accept-Encoding
11:43:22.930 [main] DEBUG org.apache.http.headers - http-outgoing-0 << X-Nf-Request-Id: 01HAENZ6M03NZD5W9Y5ZZ21ZM8
11:43:22.930 [main] DEBUG org.apache.http.headers - http-outgoing-0 << X-Powered-By: Express
11:43:22.931 [main] DEBUG org.apache.http.impl.execchain.MainClientExec - Connection can be kept alive indefinitely
11:43:22.932 [main] DEBUG org.apache.http.impl.conn.DefaultManagedHttpClientConnection - http-outgoing-0: Close connection
11:43:22.964 [main] DEBUG org.apache.http.impl.execchain.MainClientExec - Connection discarded
11:43:22.964 [main] DEBUG org.apache.http.impl.conn.PoolingHttpClientConnectionManager - Connection released: [id: 0][route: {s}->https://rickandmortyapi.com:443][total available: 0; route allocated: 0 of 5; total allocated: 0 of 10]
11:43:22.964 [main] DEBUG org.apache.http.impl.conn.PoolingHttpClientConnectionManager - Connection manager is shutting down
11:43:22.964 [main] DEBUG org.apache.http.impl.conn.PoolingHttpClientConnectionManager - Connection manager shut down
11:43:22.965 [main] DEBUG com.intuit.karate - response time in milliseconds: 318
1 < 200
1 < Access-Control-Allow-Origin: *
1 < Age: 103476
1 < Cache-Control: max-age=259200
1 < Content-Type: application/json; charset=utf-8
1 < Date: Sat, 16 Sep 2023 09:43:23 GMT
1 < Etag: W/"a9f-I68Cx5oSPFclkl+Wy2Fr9jNsFS8"
1 < Expires: Mon, 18 Sep 2023 04:58:47 GMT
1 < Server: Netlify
1 < Strict-Transport-Security: max-age=31536000
1 < Vary: Accept-Encoding
1 < X-Nf-Request-Id: 01HAENZ6M03NZD5W9Y5ZZ21ZM8
1 < X-Powered-By: Express
{"id":1,"name":"Rick Sanchez","status":"Alive","species":"Human","type":"","gender":"Male","origin":{"name":"Earth (C-137)","url":"https://rickandmortyapi.com/api/location/1"},"location":{"name":"Citadel of Ricks","url":"https://rickandmortyapi.com/api/location/3"},"image":"https://rickandmortyapi.com/api/character/avatar/1.jpeg","episode":["https://rickandmortyapi.com/api/episode/1","https://rickandmortyapi.com/api/episode/2","https://rickandmortyapi.com/api/episode/3","https://rickandmortyapi.com/api/episode/4","https://rickandmortyapi.com/api/episode/5","https://rickandmortyapi.com/api/episode/6","https://rickandmortyapi.com/api/episode/7","https://rickandmortyapi.com/api/episode/8","https://rickandmortyapi.com/api/episode/9","https://rickandmortyapi.com/api/episode/10","https://rickandmortyapi.com/api/episode/11","https://rickandmortyapi.com/api/episode/12","https://rickandmortyapi.com/api/episode/13","https://rickandmortyapi.com/api/episode/14","https://rickandmortyapi.com/api/episode/15","https://rickandmortyapi.com/api/episode/16","https://rickandmortyapi.com/api/episode/17","https://rickandmortyapi.com/api/episode/18","https://rickandmortyapi.com/api/episode/19","https://rickandmortyapi.com/api/episode/20","https://rickandmortyapi.com/api/episode/21","https://rickandmortyapi.com/api/episode/22","https://rickandmortyapi.com/api/episode/23","https://rickandmortyapi.com/api/episode/24","https://rickandmortyapi.com/api/episode/25","https://rickandmortyapi.com/api/episode/26","https://rickandmortyapi.com/api/episode/27","https://rickandmortyapi.com/api/episode/28","https://rickandmortyapi.com/api/episode/29","https://rickandmortyapi.com/api/episode/30","https://rickandmortyapi.com/api/episode/31","https://rickandmortyapi.com/api/episode/32","https://rickandmortyapi.com/api/episode/33","https://rickandmortyapi.com/api/episode/34","https://rickandmortyapi.com/api/episode/35","https://rickandmortyapi.com/api/episode/36","https://rickandmortyapi.com/api/episode/37","https://rickandmortyapi.com/api/episode/38","https://rickandmortyapi.com/api/episode/39","https://rickandmortyapi.com/api/episode/40","https://rickandmortyapi.com/api/episode/41","https://rickandmortyapi.com/api/episode/42","https://rickandmortyapi.com/api/episode/43","https://rickandmortyapi.com/api/episode/44","https://rickandmortyapi.com/api/episode/45","https://rickandmortyapi.com/api/episode/46","https://rickandmortyapi.com/api/episode/47","https://rickandmortyapi.com/api/episode/48","https://rickandmortyapi.com/api/episode/49","https://rickandmortyapi.com/api/episode/50","https://rickandmortyapi.com/api/episode/51"],"url":"https://rickandmortyapi.com/api/character/1","created":"2017-11-04T18:48:46.250Z"}

11:43:22.991 [main] DEBUG com.jayway.jsonpath.internal.path.CompiledPath - Evaluating path: $['origin']
11:43:22.994 [main] DEBUG com.jayway.jsonpath.internal.path.CompiledPath - Evaluating path: $['name']
11:43:22.997 [main] DEBUG com.jayway.jsonpath.internal.path.CompiledPath - Evaluating path: $['name']
]]></system-out>
  </testcase>
  <testcase name="[2:14] Get Morty name" classname="RickAndMorty/Rick/rick-get" time="0.487">
    <system-out><![CDATA[11:43:23.004 [main] DEBUG org.apache.http.client.protocol.RequestAddCookies - CookieSpec selected: karate
11:43:23.004 [main] DEBUG org.apache.http.client.protocol.RequestAuthCache - Auth cache not set in the context
11:43:23.004 [main] DEBUG com.intuit.karate - request:
1 > GET https://rickandmortyapi.com/api/character/2
1 > Host: rickandmortyapi.com
1 > Connection: Keep-Alive
1 > User-Agent: Apache-HttpClient/4.5.14 (Java/20.0.2)
1 > Accept-Encoding: gzip,deflate


11:43:23.004 [main] DEBUG org.apache.http.impl.conn.PoolingHttpClientConnectionManager - Connection request: [route: {s}->https://rickandmortyapi.com:443][total available: 0; route allocated: 0 of 5; total allocated: 0 of 10]
11:43:23.004 [main] DEBUG org.apache.http.impl.conn.PoolingHttpClientConnectionManager - Connection leased: [id: 1][route: {s}->https://rickandmortyapi.com:443][total available: 0; route allocated: 1 of 5; total allocated: 1 of 10]
11:43:23.004 [main] DEBUG org.apache.http.impl.execchain.MainClientExec - Opening connection {s}->https://rickandmortyapi.com:443
11:43:23.004 [main] DEBUG org.apache.http.impl.conn.DefaultHttpClientConnectionOperator - Connecting to rickandmortyapi.com/18.192.94.96:443
11:43:23.004 [main] DEBUG org.apache.http.conn.ssl.SSLConnectionSocketFactory - Connecting socket to rickandmortyapi.com/18.192.94.96:443 with timeout 30000
11:43:23.040 [main] DEBUG org.apache.http.conn.ssl.SSLConnectionSocketFactory - Enabled protocols: [TLSv1.3, TLSv1.2]
11:43:23.040 [main] DEBUG org.apache.http.conn.ssl.SSLConnectionSocketFactory - Enabled cipher suites:[TLS_AES_256_GCM_SHA384, TLS_AES_128_GCM_SHA256, TLS_CHACHA20_POLY1305_SHA256, TLS_ECDHE_ECDSA_WITH_AES_256_GCM_SHA384, TLS_ECDHE_ECDSA_WITH_AES_128_GCM_SHA256, TLS_ECDHE_ECDSA_WITH_CHACHA20_POLY1305_SHA256, TLS_ECDHE_RSA_WITH_AES_256_GCM_SHA384, TLS_ECDHE_RSA_WITH_CHACHA20_POLY1305_SHA256, TLS_ECDHE_RSA_WITH_AES_128_GCM_SHA256, TLS_DHE_RSA_WITH_AES_256_GCM_SHA384, TLS_DHE_RSA_WITH_CHACHA20_POLY1305_SHA256, TLS_DHE_DSS_WITH_AES_256_GCM_SHA384, TLS_DHE_RSA_WITH_AES_128_GCM_SHA256, TLS_DHE_DSS_WITH_AES_128_GCM_SHA256, TLS_ECDHE_ECDSA_WITH_AES_256_CBC_SHA384, TLS_ECDHE_RSA_WITH_AES_256_CBC_SHA384, TLS_ECDHE_ECDSA_WITH_AES_128_CBC_SHA256, TLS_ECDHE_RSA_WITH_AES_128_CBC_SHA256, TLS_DHE_RSA_WITH_AES_256_CBC_SHA256, TLS_DHE_DSS_WITH_AES_256_CBC_SHA256, TLS_DHE_RSA_WITH_AES_128_CBC_SHA256, TLS_DHE_DSS_WITH_AES_128_CBC_SHA256, TLS_ECDHE_ECDSA_WITH_AES_256_CBC_SHA, TLS_ECDHE_RSA_WITH_AES_256_CBC_SHA, TLS_ECDHE_ECDSA_WITH_AES_128_CBC_SHA, TLS_ECDHE_RSA_WITH_AES_128_CBC_SHA, TLS_DHE_RSA_WITH_AES_256_CBC_SHA, TLS_DHE_DSS_WITH_AES_256_CBC_SHA, TLS_DHE_RSA_WITH_AES_128_CBC_SHA, TLS_DHE_DSS_WITH_AES_128_CBC_SHA, TLS_RSA_WITH_AES_256_GCM_SHA384, TLS_RSA_WITH_AES_128_GCM_SHA256, TLS_RSA_WITH_AES_256_CBC_SHA256, TLS_RSA_WITH_AES_128_CBC_SHA256, TLS_RSA_WITH_AES_256_CBC_SHA, TLS_RSA_WITH_AES_128_CBC_SHA, TLS_EMPTY_RENEGOTIATION_INFO_SCSV]
11:43:23.040 [main] DEBUG org.apache.http.conn.ssl.SSLConnectionSocketFactory - Starting handshake
11:43:23.080 [main] DEBUG org.apache.http.conn.ssl.SSLConnectionSocketFactory - Secure session established
11:43:23.080 [main] DEBUG org.apache.http.conn.ssl.SSLConnectionSocketFactory -  negotiated protocol: TLSv1.3
11:43:23.080 [main] DEBUG org.apache.http.conn.ssl.SSLConnectionSocketFactory -  negotiated cipher suite: TLS_AES_128_GCM_SHA256
11:43:23.080 [main] DEBUG org.apache.http.conn.ssl.SSLConnectionSocketFactory -  peer principal: CN=*.rickandmortyapi.com
11:43:23.081 [main] DEBUG org.apache.http.conn.ssl.SSLConnectionSocketFactory -  peer alternative names: [*.rickandmortyapi.com, rickandmortyapi.com]
11:43:23.081 [main] DEBUG org.apache.http.conn.ssl.SSLConnectionSocketFactory -  issuer principal: CN=R3, O=Let's Encrypt, C=US
11:43:23.081 [main] DEBUG org.apache.http.impl.conn.DefaultHttpClientConnectionOperator - Connection established 192.168.1.19:49996<->18.192.94.96:443
11:43:23.081 [main] DEBUG org.apache.http.impl.conn.DefaultManagedHttpClientConnection - http-outgoing-1: set socket timeout to 30000
11:43:23.081 [main] DEBUG org.apache.http.impl.execchain.MainClientExec - Executing request GET /api/character/2 HTTP/1.1
11:43:23.081 [main] DEBUG org.apache.http.impl.execchain.MainClientExec - Target auth state: UNCHALLENGED
11:43:23.081 [main] DEBUG org.apache.http.impl.execchain.MainClientExec - Proxy auth state: UNCHALLENGED
11:43:23.081 [main] DEBUG org.apache.http.headers - http-outgoing-1 >> GET /api/character/2 HTTP/1.1
11:43:23.081 [main] DEBUG org.apache.http.headers - http-outgoing-1 >> Host: rickandmortyapi.com
11:43:23.081 [main] DEBUG org.apache.http.headers - http-outgoing-1 >> Connection: Keep-Alive
11:43:23.081 [main] DEBUG org.apache.http.headers - http-outgoing-1 >> User-Agent: Apache-HttpClient/4.5.14 (Java/20.0.2)
11:43:23.081 [main] DEBUG org.apache.http.headers - http-outgoing-1 >> Accept-Encoding: gzip,deflate
11:43:23.081 [main] DEBUG org.apache.http.wire - http-outgoing-1 >> "GET /api/character/2 HTTP/1.1[\r][\n]"
11:43:23.081 [main] DEBUG org.apache.http.wire - http-outgoing-1 >> "Host: rickandmortyapi.com[\r][\n]"
11:43:23.081 [main] DEBUG org.apache.http.wire - http-outgoing-1 >> "Connection: Keep-Alive[\r][\n]"
11:43:23.081 [main] DEBUG org.apache.http.wire - http-outgoing-1 >> "User-Agent: Apache-HttpClient/4.5.14 (Java/20.0.2)[\r][\n]"
11:43:23.081 [main] DEBUG org.apache.http.wire - http-outgoing-1 >> "Accept-Encoding: gzip,deflate[\r][\n]"
11:43:23.081 [main] DEBUG org.apache.http.wire - http-outgoing-1 >> "[\r][\n]"
11:43:23.128 [main] DEBUG org.apache.http.wire - http-outgoing-1 << "HTTP/1.1 200 OK[\r][\n]"
11:43:23.128 [main] DEBUG org.apache.http.wire - http-outgoing-1 << "Access-Control-Allow-Origin: *[\r][\n]"
11:43:23.128 [main] DEBUG org.apache.http.wire - http-outgoing-1 << "Age: 64907[\r][\n]"
11:43:23.128 [main] DEBUG org.apache.http.wire - http-outgoing-1 << "Cache-Control: max-age=259200[\r][\n]"
11:43:23.128 [main] DEBUG org.apache.http.wire - http-outgoing-1 << "Content-Encoding: gzip[\r][\n]"
11:43:23.128 [main] DEBUG org.apache.http.wire - http-outgoing-1 << "Content-Length: 418[\r][\n]"
11:43:23.128 [main] DEBUG org.apache.http.wire - http-outgoing-1 << "Content-Type: application/json; charset=utf-8[\r][\n]"
11:43:23.128 [main] DEBUG org.apache.http.wire - http-outgoing-1 << "Date: Sat, 16 Sep 2023 09:43:23 GMT[\r][\n]"
11:43:23.128 [main] DEBUG org.apache.http.wire - http-outgoing-1 << "Etag: W/"a6e-zQHAPIKFfD+Wv+P+4aCju24Mapw"[\r][\n]"
11:43:23.128 [main] DEBUG org.apache.http.wire - http-outgoing-1 << "Expires: Mon, 18 Sep 2023 15:41:36 GMT[\r][\n]"
11:43:23.128 [main] DEBUG org.apache.http.wire - http-outgoing-1 << "Server: Netlify[\r][\n]"
11:43:23.128 [main] DEBUG org.apache.http.wire - http-outgoing-1 << "Strict-Transport-Security: max-age=31536000[\r][\n]"
11:43:23.128 [main] DEBUG org.apache.http.wire - http-outgoing-1 << "Vary: Accept-Encoding[\r][\n]"
11:43:23.128 [main] DEBUG org.apache.http.wire - http-outgoing-1 << "X-Nf-Request-Id: 01HAENZ6SVNE1MD92KWT0NVXMB[\r][\n]"
11:43:23.128 [main] DEBUG org.apache.http.wire - http-outgoing-1 << "X-Powered-By: Express[\r][\n]"
11:43:23.128 [main] DEBUG org.apache.http.wire - http-outgoing-1 << "[\r][\n]"
11:43:23.128 [main] DEBUG org.apache.http.wire - http-outgoing-1 << "[0x1f][0x8b][0x8][0x0][0x0][0x0][0x0][0x0][0x0][0x3][0x94][0xd4]=k[0xc3]0[0x10][0xc6][0xf1][0xaf]b4[0x9b][0xa8][0x92][0xdc]7o[0xa5]K[0x97].[0xed][0xd8][0xe9][0xb0]U[0xe7][0x12][0xeb][0x5]YN[0x9][0xa1][0xdf][0xbd][0x12]4[0xa5][0xd0][0xa1]y[0xa6][0x98][0xe3][0x97][0xc0][0x8f][0xf8]$x[0x14][0xbd]n[0x85]'gE/[0x9e]C[0xca][0xc7][0xe6][0xd5]q[0xde][0x8a]V,[0x99][0xf2][0xba][0x94][0xf1][0xc3][0xcc][0x7][[0x7][0xd1][0xe]l[0xeb][0xe4]iu[0xe4][0xcb]$[0x1f]c[0xdd]+O[0x93][0xf5][0xa3]M[0xf5][0x6][0xcd][0xb5][\r][0x89]'[0xf6][0xa2]?[0x9d]o[0xaf]~[0xef][0xc3]G]Z[0xd3]\w>[1[0x87][0x81]2[0x87][0xdf][0xd9]#g[0x1a][0xed][0xdc][0x84][0xf7][0xe6][0x85][0x87][0xfd][0xf2][0xd3]os[0x8e]K/e*S[0xf2][0xa3][0xab]?[0x95]"o[0x86][0xe0]d[0xf9][0x94][0xe7][[0xd2][0xd4][0xcb][0xec]h[0xb2][0x17]l[\r][J4d[0x9b]$[0x1d](S[0x92]z[0xb3][0x8b]v*[0xdf]j#/a,7[0xde][0xfe]=[0xf2][0x9d]JU[0xd6].m5[0xd0][0x1a][0xa0][0xed][0x80][0xf6][0x1a]ho[0x80][0xf6][0x16]h[0xef][0x80][0xf6][0x1e]h[0xd5][0x15][0x12]#r[\n]"
11:43:23.128 [main] DEBUG org.apache.http.wire - http-outgoing-1 << "[0xa1]S[0x88][0x9d]B[0xf0][0x14][0xa2][0xa7][0x10]>[0x85][0xf8])[0x4]P![0x82][0x1a][0x11][0xd4][0xd0][0xf][0x11][0xd4][0x88][0xa0]F[0x4]5"[0xa8][0x11]A[0x8d][0x8]jDP#[0x82][0x6][0x11]4[0x88][0xa0][0x81]^[0x9f][0x88][0xa0]A[0x4][\r]"h[0x10]A[0x83][0x8][0x1a]D[0xd0] [0x82][0x1d]"[0xd8]![0x82][0xdd][0x1f][0xc1]/[0x0][0x0][0x0][0xff][0xff][0xc2][0xa7][0x98][0xa4][0x1a][0x90][0x94][0x18]4!%[0x6]MH[0x89]A[0x13]Rb[0xd0][0x84][0x94][0x18]4!%[0x6]MI[0x89]ASC[0xa5]Xb[0xdb][[0x88][0x96][0x13](&[0x93][0x8b]R[0x13]KR[0x81][0x8d]I%#[0x3]Cs]CC][0x3][0x93][0x10]C[0xb]+S[0x3]+#C=3S[0xc3]([0xa5]Z[0x0][0x0][0x0][0x0][0xff][0xff][0x3][0x0]{s[0x0][0x98]n[\n]"
11:43:23.128 [main] DEBUG org.apache.http.wire - http-outgoing-1 << "[0x0][0x0]"
11:43:23.128 [main] DEBUG org.apache.http.headers - http-outgoing-1 << HTTP/1.1 200 OK
11:43:23.128 [main] DEBUG org.apache.http.headers - http-outgoing-1 << Access-Control-Allow-Origin: *
11:43:23.128 [main] DEBUG org.apache.http.headers - http-outgoing-1 << Age: 64907
11:43:23.128 [main] DEBUG org.apache.http.headers - http-outgoing-1 << Cache-Control: max-age=259200
11:43:23.128 [main] DEBUG org.apache.http.headers - http-outgoing-1 << Content-Encoding: gzip
11:43:23.128 [main] DEBUG org.apache.http.headers - http-outgoing-1 << Content-Length: 418
11:43:23.128 [main] DEBUG org.apache.http.headers - http-outgoing-1 << Content-Type: application/json; charset=utf-8
11:43:23.128 [main] DEBUG org.apache.http.headers - http-outgoing-1 << Date: Sat, 16 Sep 2023 09:43:23 GMT
11:43:23.128 [main] DEBUG org.apache.http.headers - http-outgoing-1 << Etag: W/"a6e-zQHAPIKFfD+Wv+P+4aCju24Mapw"
11:43:23.128 [main] DEBUG org.apache.http.headers - http-outgoing-1 << Expires: Mon, 18 Sep 2023 15:41:36 GMT
11:43:23.128 [main] DEBUG org.apache.http.headers - http-outgoing-1 << Server: Netlify
11:43:23.128 [main] DEBUG org.apache.http.headers - http-outgoing-1 << Strict-Transport-Security: max-age=31536000
11:43:23.128 [main] DEBUG org.apache.http.headers - http-outgoing-1 << Vary: Accept-Encoding
11:43:23.128 [main] DEBUG org.apache.http.headers - http-outgoing-1 << X-Nf-Request-Id: 01HAENZ6SVNE1MD92KWT0NVXMB
11:43:23.128 [main] DEBUG org.apache.http.headers - http-outgoing-1 << X-Powered-By: Express
11:43:23.128 [main] DEBUG org.apache.http.impl.execchain.MainClientExec - Connection can be kept alive indefinitely
11:43:23.129 [main] DEBUG org.apache.http.impl.conn.DefaultManagedHttpClientConnection - http-outgoing-1: Close connection
11:43:23.162 [main] DEBUG org.apache.http.impl.execchain.MainClientExec - Connection discarded
11:43:23.162 [main] DEBUG org.apache.http.impl.conn.PoolingHttpClientConnectionManager - Connection released: [id: 1][route: {s}->https://rickandmortyapi.com:443][total available: 0; route allocated: 0 of 5; total allocated: 0 of 10]
11:43:23.162 [main] DEBUG org.apache.http.impl.conn.PoolingHttpClientConnectionManager - Connection manager is shutting down
11:43:23.162 [main] DEBUG org.apache.http.impl.conn.PoolingHttpClientConnectionManager - Connection manager shut down
11:43:23.162 [main] DEBUG com.intuit.karate - response time in milliseconds: 125
1 < 200
1 < Access-Control-Allow-Origin: *
1 < Age: 64907
1 < Cache-Control: max-age=259200
1 < Content-Type: application/json; charset=utf-8
1 < Date: Sat, 16 Sep 2023 09:43:23 GMT
1 < Etag: W/"a6e-zQHAPIKFfD+Wv+P+4aCju24Mapw"
1 < Expires: Mon, 18 Sep 2023 15:41:36 GMT
1 < Server: Netlify
1 < Strict-Transport-Security: max-age=31536000
1 < Vary: Accept-Encoding
1 < X-Nf-Request-Id: 01HAENZ6SVNE1MD92KWT0NVXMB
1 < X-Powered-By: Express
{"id":2,"name":"Morty Smith","status":"Alive","species":"Human","type":"","gender":"Male","origin":{"name":"unknown","url":""},"location":{"name":"Citadel of Ricks","url":"https://rickandmortyapi.com/api/location/3"},"image":"https://rickandmortyapi.com/api/character/avatar/2.jpeg","episode":["https://rickandmortyapi.com/api/episode/1","https://rickandmortyapi.com/api/episode/2","https://rickandmortyapi.com/api/episode/3","https://rickandmortyapi.com/api/episode/4","https://rickandmortyapi.com/api/episode/5","https://rickandmortyapi.com/api/episode/6","https://rickandmortyapi.com/api/episode/7","https://rickandmortyapi.com/api/episode/8","https://rickandmortyapi.com/api/episode/9","https://rickandmortyapi.com/api/episode/10","https://rickandmortyapi.com/api/episode/11","https://rickandmortyapi.com/api/episode/12","https://rickandmortyapi.com/api/episode/13","https://rickandmortyapi.com/api/episode/14","https://rickandmortyapi.com/api/episode/15","https://rickandmortyapi.com/api/episode/16","https://rickandmortyapi.com/api/episode/17","https://rickandmortyapi.com/api/episode/18","https://rickandmortyapi.com/api/episode/19","https://rickandmortyapi.com/api/episode/20","https://rickandmortyapi.com/api/episode/21","https://rickandmortyapi.com/api/episode/22","https://rickandmortyapi.com/api/episode/23","https://rickandmortyapi.com/api/episode/24","https://rickandmortyapi.com/api/episode/25","https://rickandmortyapi.com/api/episode/26","https://rickandmortyapi.com/api/episode/27","https://rickandmortyapi.com/api/episode/28","https://rickandmortyapi.com/api/episode/29","https://rickandmortyapi.com/api/episode/30","https://rickandmortyapi.com/api/episode/31","https://rickandmortyapi.com/api/episode/32","https://rickandmortyapi.com/api/episode/33","https://rickandmortyapi.com/api/episode/34","https://rickandmortyapi.com/api/episode/35","https://rickandmortyapi.com/api/episode/36","https://rickandmortyapi.com/api/episode/37","https://rickandmortyapi.com/api/episode/38","https://rickandmortyapi.com/api/episode/39","https://rickandmortyapi.com/api/episode/40","https://rickandmortyapi.com/api/episode/41","https://rickandmortyapi.com/api/episode/42","https://rickandmortyapi.com/api/episode/43","https://rickandmortyapi.com/api/episode/44","https://rickandmortyapi.com/api/episode/45","https://rickandmortyapi.com/api/episode/46","https://rickandmortyapi.com/api/episode/47","https://rickandmortyapi.com/api/episode/48","https://rickandmortyapi.com/api/episode/49","https://rickandmortyapi.com/api/episode/50","https://rickandmortyapi.com/api/episode/51"],"url":"https://rickandmortyapi.com/api/character/2","created":"2017-11-04T18:50:21.651Z"}

11:43:23.164 [main] DEBUG com.jayway.jsonpath.internal.path.CompiledPath - Evaluating path: $['origin']
11:43:23.165 [main] DEBUG com.jayway.jsonpath.internal.path.CompiledPath - Evaluating path: $['name']
11:43:23.165 [main] DEBUG com.jayway.jsonpath.internal.path.CompiledPath - Evaluating path: $['name']
11:43:23.186 [main] DEBUG org.thymeleaf.TemplateEngine - [THYMELEAF] INITIALIZING TEMPLATE ENGINE
11:43:23.246 [main] DEBUG org.thymeleaf.TemplateEngine.CONFIG - Initializing Thymeleaf Template engine configuration...
[THYMELEAF] TEMPLATE ENGINE CONFIGURATION:
[THYMELEAF] * Thymeleaf version: 3.0.14.RELEASE (built 2021-12-08T00:45:29+0000)
[THYMELEAF] * Cache Manager implementation: org.thymeleaf.cache.StandardCacheManager
[THYMELEAF] * Template resolvers:
[THYMELEAF]     * [1] com.intuit.karate.template.ResourceHtmlTemplateResolver
[THYMELEAF] * Message resolvers:
[THYMELEAF]     * org.thymeleaf.messageresolver.StandardMessageResolver
[THYMELEAF] * Link builders:
[THYMELEAF]     * org.thymeleaf.linkbuilder.StandardLinkBuilder
[THYMELEAF] * Dialect [1 of 2]: Standard (com.intuit.karate.template.KarateStandardDialect)
[THYMELEAF]     * Prefix: "th"
[THYMELEAF]     * Processors for Template Mode: HTML
[THYMELEAF]         * Element Tag Processors by [matching element and attribute name] [precedence]:
[THYMELEAF]             * [* {th:include,data-th-include}] [100]: org.thymeleaf.standard.processor.StandardIncludeTagProcessor
[THYMELEAF]             * [* {th:insert,data-th-insert}] [100]: org.thymeleaf.standard.processor.StandardInsertTagProcessor
[THYMELEAF]             * [* {th:replace,data-th-replace}] [100]: org.thymeleaf.standard.processor.StandardReplaceTagProcessor
[THYMELEAF]             * [* {th:substituteby,data-th-substituteby}] [100]: org.thymeleaf.standard.processor.StandardSubstituteByTagProcessor
[THYMELEAF]             * [* {th:each,data-th-each}] [200]: com.intuit.karate.template.KarateEachTagProcessor
[THYMELEAF]             * [* {th:switch,data-th-switch}] [250]: org.thymeleaf.standard.processor.StandardSwitchTagProcessor
[THYMELEAF]             * [* {th:case,data-th-case}] [275]: org.thymeleaf.standard.processor.StandardCaseTagProcessor
[THYMELEAF]             * [* {th:if,data-th-if}] [300]: org.thymeleaf.standard.processor.StandardIfTagProcessor
[THYMELEAF]             * [* {th:unless,data-th-unless}] [400]: org.thymeleaf.standard.processor.StandardUnlessTagProcessor
[THYMELEAF]             * [* {th:object,data-th-object}] [500]: org.thymeleaf.standard.processor.StandardObjectTagProcessor
[THYMELEAF]             * [* {th:with,data-th-with}] [600]: com.intuit.karate.template.KarateWithTagProcessor
[THYMELEAF]             * [* {th:attr,data-th-attr}] [700]: com.intuit.karate.template.KarateAttributeTagProcessor.KarateAttrTagProcessor
[THYMELEAF]             * [* {th:attrappend,data-th-attrappend}] [900]: com.intuit.karate.template.KarateAttributeTagProcessor.KarateAttrappendTagProcessor
[THYMELEAF]             * [* {th:attrprepend,data-th-attrprepend}] [900]: com.intuit.karate.template.KarateAttributeTagProcessor.KarateAttrprependTagProcessor
[THYMELEAF]             * [* {th:alt-title,data-th-alt-title}] [990]: org.thymeleaf.standard.processor.StandardAltTitleTagProcessor
[THYMELEAF]             * [* {th:lang-xmllang,data-th-lang-xmllang}] [990]: org.thymeleaf.standard.processor.StandardLangXmlLangTagProcessor
[THYMELEAF]             * [* {th:action,data-th-action}] [1000]: org.thymeleaf.standard.processor.StandardActionTagProcessor
[THYMELEAF]             * [* {th:ismap,data-th-ismap}] [1000]: org.thymeleaf.standard.processor.StandardConditionalFixedValueTagProcessor
[THYMELEAF]             * [* {th:multiple,data-th-multiple}] [1000]: org.thymeleaf.standard.processor.StandardConditionalFixedValueTagProcessor
[THYMELEAF]             * [* {th:autofocus,data-th-autofocus}] [1000]: org.thymeleaf.standard.processor.StandardConditionalFixedValueTagProcessor
[THYMELEAF]             * [* {th:open,data-th-open}] [1000]: org.thymeleaf.standard.processor.StandardConditionalFixedValueTagProcessor
[THYMELEAF]             * [* {th:default,data-th-default}] [1000]: org.thymeleaf.standard.processor.StandardConditionalFixedValueTagProcessor
[THYMELEAF]             * [* {th:required,data-th-required}] [1000]: org.thymeleaf.standard.processor.StandardConditionalFixedValueTagProcessor
[THYMELEAF]             * [* {th:readonly,data-th-readonly}] [1000]: org.thymeleaf.standard.processor.StandardConditionalFixedValueTagProcessor
[THYMELEAF]             * [* {th:reversed,data-th-reversed}] [1000]: org.thymeleaf.standard.processor.StandardConditionalFixedValueTagProcessor
[THYMELEAF]             * [* {th:scoped,data-th-scoped}] [1000]: org.thymeleaf.standard.processor.StandardConditionalFixedValueTagProcessor
[THYMELEAF]             * [* {th:declare,data-th-declare}] [1000]: org.thymeleaf.standard.processor.StandardConditionalFixedValueTagProcessor
[THYMELEAF]             * [* {th:loop,data-th-loop}] [1000]: org.thymeleaf.standard.processor.StandardConditionalFixedValueTagProcessor
[THYMELEAF]             * [* {th:formnovalidate,data-th-formnovalidate}] [1000]: org.thymeleaf.standard.processor.StandardConditionalFixedValueTagProcessor
[THYMELEAF]             * [* {th:selected,data-th-selected}] [1000]: org.thymeleaf.standard.processor.StandardConditionalFixedValueTagProcessor
[THYMELEAF]             * [* {th:autoplay,data-th-autoplay}] [1000]: org.thymeleaf.standard.processor.StandardConditionalFixedValueTagProcessor
[THYMELEAF]             * [* {th:defer,data-th-defer}] [1000]: org.thymeleaf.standard.processor.StandardConditionalFixedValueTagProcessor
[THYMELEAF]             * [* {th:hidden,data-th-hidden}] [1000]: org.thymeleaf.standard.processor.StandardConditionalFixedValueTagProcessor
[THYMELEAF]             * [* {th:novalidate,data-th-novalidate}] [1000]: org.thymeleaf.standard.processor.StandardConditionalFixedValueTagProcessor
[THYMELEAF]             * [* {th:checked,data-th-checked}] [1000]: org.thymeleaf.standard.processor.StandardConditionalFixedValueTagProcessor
[THYMELEAF]             * [* {th:seamless,data-th-seamless}] [1000]: org.thymeleaf.standard.processor.StandardConditionalFixedValueTagProcessor
[THYMELEAF]             * [* {th:controls,data-th-controls}] [1000]: org.thymeleaf.standard.processor.StandardConditionalFixedValueTagProcessor
[THYMELEAF]             * [* {th:async,data-th-async}] [1000]: org.thymeleaf.standard.processor.StandardConditionalFixedValueTagProcessor
[THYMELEAF]             * [* {th:disabled,data-th-disabled}] [1000]: org.thymeleaf.standard.processor.StandardConditionalFixedValueTagProcessor
[THYMELEAF]             * [* {th:pubdate,data-th-pubdate}] [1000]: org.thymeleaf.standard.processor.StandardConditionalFixedValueTagProcessor
[THYMELEAF]             * [* {th:nowrap,data-th-nowrap}] [1000]: org.thymeleaf.standard.processor.StandardConditionalFixedValueTagProcessor
[THYMELEAF]             * [* {th:onloadedmetadata,data-th-onloadedmetadata}] [1000]: org.thymeleaf.standard.processor.StandardDOMEventAttributeTagProcessor
[THYMELEAF]             * [* {th:onselect,data-th-onselect}] [1000]: org.thymeleaf.standard.processor.StandardDOMEventAttributeTagProcessor
[THYMELEAF]             * [* {th:ondragleave,data-th-ondragleave}] [1000]: org.thymeleaf.standard.processor.StandardDOMEventAttributeTagProcessor
[THYMELEAF]             * [* {th:onmousemove,data-th-onmousemove}] [1000]: org.thymeleaf.standard.processor.StandardDOMEventAttributeTagProcessor
[THYMELEAF]             * [* {th:onreset,data-th-onreset}] [1000]: org.thymeleaf.standard.processor.StandardDOMEventAttributeTagProcessor
[THYMELEAF]             * [* {th:onstalled,data-th-onstalled}] [1000]: org.thymeleaf.standard.processor.StandardDOMEventAttributeTagProcessor
[THYMELEAF]             * [* {th:onkeydown,data-th-onkeydown}] [1000]: org.thymeleaf.standard.processor.StandardDOMEventAttributeTagProcessor
[THYMELEAF]             * [* {th:onratechange,data-th-onratechange}] [1000]: org.thymeleaf.standard.processor.StandardDOMEventAttributeTagProcessor
[THYMELEAF]             * [* {th:onloadstart,data-th-onloadstart}] [1000]: org.thymeleaf.standard.processor.StandardDOMEventAttributeTagProcessor
[THYMELEAF]             * [* {th:onplay,data-th-onplay}] [1000]: org.thymeleaf.standard.processor.StandardDOMEventAttributeTagProcessor
[THYMELEAF]             * [* {th:onchange,data-th-onchange}] [1000]: org.thymeleaf.standard.processor.StandardDOMEventAttributeTagProcessor
[THYMELEAF]             * [* {th:ondragstart,data-th-ondragstart}] [1000]: org.thymeleaf.standard.processor.StandardDOMEventAttributeTagProcessor
[THYMELEAF]             * [* {th:ondblclick,data-th-ondblclick}] [1000]: org.thymeleaf.standard.processor.StandardDOMEventAttributeTagProcessor
[THYMELEAF]             * [* {th:oncanplay,data-th-oncanplay}] [1000]: org.thymeleaf.standard.processor.StandardDOMEventAttributeTagProcessor
[THYMELEAF]             * [* {th:oninvalid,data-th-oninvalid}] [1000]: org.thymeleaf.standard.processor.StandardDOMEventAttributeTagProcessor
[THYMELEAF]             * [* {th:onhashchange,data-th-onhashchange}] [1000]: org.thymeleaf.standard.processor.StandardDOMEventAttributeTagProcessor
[THYMELEAF]             * [* {th:onformchange,data-th-onformchange}] [1000]: org.thymeleaf.standard.processor.StandardDOMEventAttributeTagProcessor
[THYMELEAF]             * [* {th:onundo,data-th-onundo}] [1000]: org.thymeleaf.standard.processor.StandardDOMEventAttributeTagProcessor
[THYMELEAF]             * [* {th:onoffline,data-th-onoffline}] [1000]: org.thymeleaf.standard.processor.StandardDOMEventAttributeTagProcessor
[THYMELEAF]             * [* {th:ondrop,data-th-ondrop}] [1000]: org.thymeleaf.standard.processor.StandardDOMEventAttributeTagProcessor
[THYMELEAF]             * [* {th:onunload,data-th-onunload}] [1000]: org.thymeleaf.standard.processor.StandardDOMEventAttributeTagProcessor
[THYMELEAF]             * [* {th:onabort,data-th-onabort}] [1000]: org.thymeleaf.standard.processor.StandardDOMEventAttributeTagProcessor
[THYMELEAF]             * [* {th:ondragend,data-th-ondragend}] [1000]: org.thymeleaf.standard.processor.StandardDOMEventAttributeTagProcessor
[THYMELEAF]             * [* {th:onemptied,data-th-onemptied}] [1000]: org.thymeleaf.standard.processor.StandardDOMEventAttributeTagProcessor
[THYMELEAF]             * [* {th:onblur,data-th-onblur}] [1000]: org.thymeleaf.standard.processor.StandardDOMEventAttributeTagProcessor
[THYMELEAF]             * [* {th:onshow,data-th-onshow}] [1000]: org.thymeleaf.standard.processor.StandardDOMEventAttributeTagProcessor
[THYMELEAF]             * [* {th:onredo,data-th-onredo}] [1000]: org.thymeleaf.standard.processor.StandardDOMEventAttributeTagProcessor
[THYMELEAF]             * [* {th:onkeyup,data-th-onkeyup}] [1000]: org.thymeleaf.standard.processor.StandardDOMEventAttributeTagProcessor
[THYMELEAF]             * [* {th:ontimeupdate,data-th-ontimeupdate}] [1000]: org.thymeleaf.standard.processor.StandardDOMEventAttributeTagProcessor
[THYMELEAF]             * [* {th:onkeypress,data-th-onkeypress}] [1000]: org.thymeleaf.standard.processor.StandardDOMEventAttributeTagProcessor
[THYMELEAF]             * [* {th:onscroll,data-th-onscroll}] [1000]: org.thymeleaf.standard.processor.StandardDOMEventAttributeTagProcessor
[THYMELEAF]             * [* {th:onpause,data-th-onpause}] [1000]: org.thymeleaf.standard.processor.StandardDOMEventAttributeTagProcessor
[THYMELEAF]             * [* {th:onfocus,data-th-onfocus}] [1000]: org.thymeleaf.standard.processor.StandardDOMEventAttributeTagProcessor
[THYMELEAF]             * [* {th:ondrag,data-th-ondrag}] [1000]: org.thymeleaf.standard.processor.StandardDOMEventAttributeTagProcessor
[THYMELEAF]             * [* {th:onreadystatechange,data-th-onreadystatechange}] [1000]: org.thymeleaf.standard.processor.StandardDOMEventAttributeTagProcessor
[THYMELEAF]             * [* {th:onplaying,data-th-onplaying}] [1000]: org.thymeleaf.standard.processor.StandardDOMEventAttributeTagProcessor
[THYMELEAF]             * [* {th:onerror,data-th-onerror}] [1000]: org.thymeleaf.standard.processor.StandardDOMEventAttributeTagProcessor
[THYMELEAF]             * [* {th:onseeked,data-th-onseeked}] [1000]: org.thymeleaf.standard.processor.StandardDOMEventAttributeTagProcessor
[THYMELEAF]             * [* {th:onpopstate,data-th-onpopstate}] [1000]: org.thymeleaf.standard.processor.StandardDOMEventAttributeTagProcessor
[THYMELEAF]             * [* {th:onmousewheel,data-th-onmousewheel}] [1000]: org.thymeleaf.standard.processor.StandardDOMEventAttributeTagProcessor
[THYMELEAF]             * [* {th:onseeking,data-th-onseeking}] [1000]: org.thymeleaf.standard.processor.StandardDOMEventAttributeTagProcessor
[THYMELEAF]             * [* {th:onclick,data-th-onclick}] [1000]: org.thymeleaf.standard.processor.StandardDOMEventAttributeTagProcessor
[THYMELEAF]             * [* {th:onmousedown,data-th-onmousedown}] [1000]: org.thymeleaf.standard.processor.StandardDOMEventAttributeTagProcessor
[THYMELEAF]             * [* {th:oncanplaythrough,data-th-oncanplaythrough}] [1000]: org.thymeleaf.standard.processor.StandardDOMEventAttributeTagProcessor
[THYMELEAF]             * [* {th:onmouseout,data-th-onmouseout}] [1000]: org.thymeleaf.standard.processor.StandardDOMEventAttributeTagProcessor
[THYMELEAF]             * [* {th:onended,data-th-onended}] [1000]: org.thymeleaf.standard.processor.StandardDOMEventAttributeTagProcessor
[THYMELEAF]             * [* {th:onsubmit,data-th-onsubmit}] [1000]: org.thymeleaf.standard.processor.StandardDOMEventAttributeTagProcessor
[THYMELEAF]             * [* {th:ononline,data-th-ononline}] [1000]: org.thymeleaf.standard.processor.StandardDOMEventAttributeTagProcessor
[THYMELEAF]             * [* {th:onafterprint,data-th-onafterprint}] [1000]: org.thymeleaf.standard.processor.StandardDOMEventAttributeTagProcessor
[THYMELEAF]             * [* {th:onstorage,data-th-onstorage}] [1000]: org.thymeleaf.standard.processor.StandardDOMEventAttributeTagProcessor
[THYMELEAF]             * [* {th:onwaiting,data-th-onwaiting}] [1000]: org.thymeleaf.standard.processor.StandardDOMEventAttributeTagProcessor
[THYMELEAF]             * [* {th:onmessage,data-th-onmessage}] [1000]: org.thymeleaf.standard.processor.StandardDOMEventAttributeTagProcessor
[THYMELEAF]             * [* {th:oncontextmenu,data-th-oncontextmenu}] [1000]: org.thymeleaf.standard.processor.StandardDOMEventAttributeTagProcessor
[THYMELEAF]             * [* {th:onloadeddata,data-th-onloadeddata}] [1000]: org.thymeleaf.standard.processor.StandardDOMEventAttributeTagProcessor
[THYMELEAF]             * [* {th:onvolumechange,data-th-onvolumechange}] [1000]: org.thymeleaf.standard.processor.StandardDOMEventAttributeTagProcessor
[THYMELEAF]             * [* {th:onload,data-th-onload}] [1000]: org.thymeleaf.standard.processor.StandardDOMEventAttributeTagProcessor
[THYMELEAF]             * [* {th:onresize,data-th-onresize}] [1000]: org.thymeleaf.standard.processor.StandardDOMEventAttributeTagProcessor
[THYMELEAF]             * [* {th:onmouseover,data-th-onmouseover}] [1000]: org.thymeleaf.standard.processor.StandardDOMEventAttributeTagProcessor
[THYMELEAF]             * [* {th:onsuspend,data-th-onsuspend}] [1000]: org.thymeleaf.standard.processor.StandardDOMEventAttributeTagProcessor
[THYMELEAF]             * [* {th:onbeforeunload,data-th-onbeforeunload}] [1000]: org.thymeleaf.standard.processor.StandardDOMEventAttributeTagProcessor
[THYMELEAF]             * [* {th:onprogress,data-th-onprogress}] [1000]: org.thymeleaf.standard.processor.StandardDOMEventAttributeTagProcessor
[THYMELEAF]             * [* {th:ondragenter,data-th-ondragenter}] [1000]: org.thymeleaf.standard.processor.StandardDOMEventAttributeTagProcessor
[THYMELEAF]             * [* {th:ondurationchange,data-th-ondurationchange}] [1000]: org.thymeleaf.standard.processor.StandardDOMEventAttributeTagProcessor
[THYMELEAF]             * [* {th:onforminput,data-th-onforminput}] [1000]: org.thymeleaf.standard.processor.StandardDOMEventAttributeTagProcessor
[THYMELEAF]             * [* {th:onmouseup,data-th-onmouseup}] [1000]: org.thymeleaf.standard.processor.StandardDOMEventAttributeTagProcessor
[THYMELEAF]             * [* {th:onbeforeprint,data-th-onbeforeprint}] [1000]: org.thymeleaf.standard.processor.StandardDOMEventAttributeTagProcessor
[THYMELEAF]             * [* {th:oninput,data-th-oninput}] [1000]: org.thymeleaf.standard.processor.StandardDOMEventAttributeTagProcessor
[THYMELEAF]             * [* {th:ondragover,data-th-ondragover}] [1000]: org.thymeleaf.standard.processor.StandardDOMEventAttributeTagProcessor
[THYMELEAF]             * [* {th:href,data-th-href}] [1000]: org.thymeleaf.standard.processor.StandardHrefTagProcessor
[THYMELEAF]             * [* {th:inline,data-th-inline}] [1000]: org.thymeleaf.standard.processor.StandardInlineHTMLTagProcessor
[THYMELEAF]             * [* {th:method,data-th-method}] [1000]: org.thymeleaf.standard.processor.StandardMethodTagProcessor
[THYMELEAF]             * [* {th:name,data-th-name}] [1000]: org.thymeleaf.standard.processor.StandardNonRemovableAttributeTagProcessor
[THYMELEAF]             * [* {th:type,data-th-type}] [1000]: org.thymeleaf.standard.processor.StandardNonRemovableAttributeTagProcessor
[THYMELEAF]             * [* {th:class,data-th-class}] [1000]: org.thymeleaf.standard.processor.StandardRemovableAttributeTagProcessor
[THYMELEAF]             * [* {th:audio,data-th-audio}] [1000]: org.thymeleaf.standard.processor.StandardRemovableAttributeTagProcessor
[THYMELEAF]             * [* {th:dropzone,data-th-dropzone}] [1000]: org.thymeleaf.standard.processor.StandardRemovableAttributeTagProcessor
[THYMELEAF]             * [* {th:hreflang,data-th-hreflang}] [1000]: org.thymeleaf.standard.processor.StandardRemovableAttributeTagProcessor
[THYMELEAF]             * [* {th:abbr,data-th-abbr}] [1000]: org.thymeleaf.standard.processor.StandardRemovableAttributeTagProcessor
[THYMELEAF]             * [* {th:data,data-th-data}] [1000]: org.thymeleaf.standard.processor.StandardRemovableAttributeTagProcessor
[THYMELEAF]             * [* {th:pattern,data-th-pattern}] [1000]: org.thymeleaf.standard.processor.StandardRemovableAttributeTagProcessor
[THYMELEAF]             * [* {th:classid,data-th-classid}] [1000]: org.thymeleaf.standard.processor.StandardRemovableAttributeTagProcessor
[THYMELEAF]             * [* {th:codebase,data-th-codebase}] [1000]: org.thymeleaf.standard.processor.StandardRemovableAttributeTagProcessor
[THYMELEAF]             * [* {th:accept-charset,data-th-accept-charset}] [1000]: org.thymeleaf.standard.processor.StandardRemovableAttributeTagProcessor
[THYMELEAF]             * [* {th:rowspan,data-th-rowspan}] [1000]: org.thymeleaf.standard.processor.StandardRemovableAttributeTagProcessor
[THYMELEAF]             * [* {th:autocomplete,data-th-autocomplete}] [1000]: org.thymeleaf.standard.processor.StandardRemovableAttributeTagProcessor
[THYMELEAF]             * [* {th:rows,data-th-rows}] [1000]: org.thymeleaf.standard.processor.StandardRemovableAttributeTagProcessor
[THYMELEAF]             * [* {th:enctype,data-th-enctype}] [1000]: org.thymeleaf.standard.processor.StandardRemovableAttributeTagProcessor
[THYMELEAF]             * [* {th:cellspacing,data-th-cellspacing}] [1000]: org.thymeleaf.standard.processor.StandardRemovableAttributeTagProcessor
[THYMELEAF]             * [* {th:spellcheck,data-th-spellcheck}] [1000]: org.thymeleaf.standard.processor.StandardRemovableAttributeTagProcessor
[THYMELEAF]             * [* {th:bgcolor,data-th-bgcolor}] [1000]: org.thymeleaf.standard.processor.StandardRemovableAttributeTagProcessor
[THYMELEAF]             * [* {th:formaction,data-th-formaction}] [1000]: org.thymeleaf.standard.processor.StandardRemovableAttributeTagProcessor
[THYMELEAF]             * [* {th:preload,data-th-preload}] [1000]: org.thymeleaf.standard.processor.StandardRemovableAttributeTagProcessor
[THYMELEAF]             * [* {th:title,data-th-title}] [1000]: org.thymeleaf.standard.processor.StandardRemovableAttributeTagProcessor
[THYMELEAF]             * [* {th:optimum,data-th-optimum}] [1000]: org.thymeleaf.standard.processor.StandardRemovableAttributeTagProcessor
[THYMELEAF]             * [* {th:headers,data-th-headers}] [1000]: org.thymeleaf.standard.processor.StandardRemovableAttributeTagProcessor
[THYMELEAF]             * [* {th:cellpadding,data-th-cellpadding}] [1000]: org.thymeleaf.standard.processor.StandardRemovableAttributeTagProcessor
[THYMELEAF]             * [* {th:align,data-th-align}] [1000]: org.thymeleaf.standard.processor.StandardRemovableAttributeTagProcessor
[THYMELEAF]             * [* {th:frame,data-th-frame}] [1000]: org.thymeleaf.standard.processor.StandardRemovableAttributeTagProcessor
[THYMELEAF]             * [* {th:style,data-th-style}] [1000]: org.thymeleaf.standard.processor.StandardRemovableAttributeTagProcessor
[THYMELEAF]             * [* {th:axis,data-th-axis}] [1000]: org.thymeleaf.standard.processor.StandardRemovableAttributeTagProcessor
[THYMELEAF]             * [* {th:max,data-th-max}] [1000]: org.thymeleaf.standard.processor.StandardRemovableAttributeTagProcessor
[THYMELEAF]             * [* {th:step,data-th-step}] [1000]: org.thymeleaf.standard.processor.StandardRemovableAttributeTagProcessor
[THYMELEAF]             * [* {th:cols,data-th-cols}] [1000]: org.thymeleaf.standard.processor.StandardRemovableAttributeTagProcessor
[THYMELEAF]             * [* {th:rev,data-th-rev}] [1000]: org.thymeleaf.standard.processor.StandardRemovableAttributeTagProcessor
[THYMELEAF]             * [* {th:valuetype,data-th-valuetype}] [1000]: org.thymeleaf.standard.processor.StandardRemovableAttributeTagProcessor
[THYMELEAF]             * [* {th:charset,data-th-charset}] [1000]: org.thymeleaf.standard.processor.StandardRemovableAttributeTagProcessor
[THYMELEAF]             * [* {th:summary,data-th-summary}] [1000]: org.thymeleaf.standard.processor.StandardRemovableAttributeTagProcessor
[THYMELEAF]             * [* {th:dir,data-th-dir}] [1000]: org.thymeleaf.standard.processor.StandardRemovableAttributeTagProcessor
[THYMELEAF]             * [* {th:hspace,data-th-hspace}] [1000]: org.thymeleaf.standard.processor.StandardRemovableAttributeTagProcessor
[THYMELEAF]             * [* {th:content,data-th-content}] [1000]: org.thymeleaf.standard.processor.StandardRemovableAttributeTagProcessor
[THYMELEAF]             * [* {th:id,data-th-id}] [1000]: org.thymeleaf.standard.processor.StandardRemovableAttributeTagProcessor
[THYMELEAF]             * [* {th:formenctype,data-th-formenctype}] [1000]: org.thymeleaf.standard.processor.StandardRemovableAttributeTagProcessor
[THYMELEAF]             * [* {th:background,data-th-background}] [1000]: org.thymeleaf.standard.processor.StandardRemovableAttributeTagProcessor
[THYMELEAF]             * [* {th:formmethod,data-th-formmethod}] [1000]: org.thymeleaf.standard.processor.StandardRemovableAttributeTagProcessor
[THYMELEAF]             * [* {th:tabindex,data-th-tabindex}] [1000]: org.thymeleaf.standard.processor.StandardRemovableAttributeTagProcessor
[THYMELEAF]             * [* {th:alt,data-th-alt}] [1000]: org.thymeleaf.standard.processor.StandardRemovableAttributeTagProcessor
[THYMELEAF]             * [* {th:maxlength,data-th-maxlength}] [1000]: org.thymeleaf.standard.processor.StandardRemovableAttributeTagProcessor
[THYMELEAF]             * [* {th:scheme,data-th-scheme}] [1000]: org.thymeleaf.standard.processor.StandardRemovableAttributeTagProcessor
[THYMELEAF]             * [* {th:radiogroup,data-th-radiogroup}] [1000]: org.thymeleaf.standard.processor.StandardRemovableAttributeTagProcessor
[THYMELEAF]             * [* {th:border,data-th-border}] [1000]: org.thymeleaf.standard.processor.StandardRemovableAttributeTagProcessor
[THYMELEAF]             * [* {th:marginwidth,data-th-marginwidth}] [1000]: org.thymeleaf.standard.processor.StandardRemovableAttributeTagProcessor
[THYMELEAF]             * [* {th:rules,data-th-rules}] [1000]: org.thymeleaf.standard.processor.StandardRemovableAttributeTagProcessor
[THYMELEAF]             * [* {th:scope,data-th-scope}] [1000]: org.thymeleaf.standard.processor.StandardRemovableAttributeTagProcessor
[THYMELEAF]             * [* {th:min,data-th-min}] [1000]: org.thymeleaf.standard.processor.StandardRemovableAttributeTagProcessor
[THYMELEAF]             * [* {th:placeholder,data-th-placeholder}] [1000]: org.thymeleaf.standard.processor.StandardRemovableAttributeTagProcessor
[THYMELEAF]             * [* {th:target,data-th-target}] [1000]: org.thymeleaf.standard.processor.StandardRemovableAttributeTagProcessor
[THYMELEAF]             * [* {th:vspace,data-th-vspace}] [1000]: org.thymeleaf.standard.processor.StandardRemovableAttributeTagProcessor
[THYMELEAF]             * [* {th:datetime,data-th-datetime}] [1000]: org.thymeleaf.standard.processor.StandardRemovableAttributeTagProcessor
[THYMELEAF]             * [* {th:sandbox,data-th-sandbox}] [1000]: org.thymeleaf.standard.processor.StandardRemovableAttributeTagProcessor
[THYMELEAF]             * [* {th:draggable,data-th-draggable}] [1000]: org.thymeleaf.standard.processor.StandardRemovableAttributeTagProcessor
[THYMELEAF]             * [* {th:colspan,data-th-colspan}] [1000]: org.thymeleaf.standard.processor.StandardRemovableAttributeTagProcessor
[THYMELEAF]             * [* {th:formtarget,data-th-formtarget}] [1000]: org.thymeleaf.standard.processor.StandardRemovableAttributeTagProcessor
[THYMELEAF]             * [* {th:keytype,data-th-keytype}] [1000]: org.thymeleaf.standard.processor.StandardRemovableAttributeTagProcessor
[THYMELEAF]             * [* {th:accesskey,data-th-accesskey}] [1000]: org.thymeleaf.standard.processor.StandardRemovableAttributeTagProcessor
[THYMELEAF]             * [* {th:width,data-th-width}] [1000]: org.thymeleaf.standard.processor.StandardRemovableAttributeTagProcessor
[THYMELEAF]             * [* {th:height,data-th-height}] [1000]: org.thymeleaf.standard.processor.StandardRemovableAttributeTagProcessor
[THYMELEAF]             * [* {th:form,data-th-form}] [1000]: org.thymeleaf.standard.processor.StandardRemovableAttributeTagProcessor
[THYMELEAF]             * [* {th:cite,data-th-cite}] [1000]: org.thymeleaf.standard.processor.StandardRemovableAttributeTagProcessor
[THYMELEAF]             * [* {th:high,data-th-high}] [1000]: org.thymeleaf.standard.processor.StandardRemovableAttributeTagProcessor
[THYMELEAF]             * [* {th:wrap,data-th-wrap}] [1000]: org.thymeleaf.standard.processor.StandardRemovableAttributeTagProcessor
[THYMELEAF]             * [* {th:icon,data-th-icon}] [1000]: org.thymeleaf.standard.processor.StandardRemovableAttributeTagProcessor
[THYMELEAF]             * [* {th:codetype,data-th-codetype}] [1000]: org.thymeleaf.standard.processor.StandardRemovableAttributeTagProcessor
[THYMELEAF]             * [* {th:size,data-th-size}] [1000]: org.thymeleaf.standard.processor.StandardRemovableAttributeTagProcessor
[THYMELEAF]             * [* {th:low,data-th-low}] [1000]: org.thymeleaf.standard.processor.StandardRemovableAttributeTagProcessor
[THYMELEAF]             * [* {th:lang,data-th-lang}] [1000]: org.thymeleaf.standard.processor.StandardRemovableAttributeTagProcessor
[THYMELEAF]             * [* {th:kind,data-th-kind}] [1000]: org.thymeleaf.standard.processor.StandardRemovableAttributeTagProcessor
[THYMELEAF]             * [* {th:contextmenu,data-th-contextmenu}] [1000]: org.thymeleaf.standard.processor.StandardRemovableAttributeTagProcessor
[THYMELEAF]             * [* {th:media,data-th-media}] [1000]: org.thymeleaf.standard.processor.StandardRemovableAttributeTagProcessor
[THYMELEAF]             * [* {th:start,data-th-start}] [1000]: org.thymeleaf.standard.processor.StandardRemovableAttributeTagProcessor
[THYMELEAF]             * [* {th:archive,data-th-archive}] [1000]: org.thymeleaf.standard.processor.StandardRemovableAttributeTagProcessor
[THYMELEAF]             * [* {th:compact,data-th-compact}] [1000]: org.thymeleaf.standard.processor.StandardRemovableAttributeTagProcessor
[THYMELEAF]             * [* {th:frameborder,data-th-frameborder}] [1000]: org.thymeleaf.standard.processor.StandardRemovableAttributeTagProcessor
[THYMELEAF]             * [* {th:label,data-th-label}] [1000]: org.thymeleaf.standard.processor.StandardRemovableAttributeTagProcessor
[THYMELEAF]             * [* {th:for,data-th-for}] [1000]: org.thymeleaf.standard.processor.StandardRemovableAttributeTagProcessor
[THYMELEAF]             * [* {th:manifest,data-th-manifest}] [1000]: org.thymeleaf.standard.processor.StandardRemovableAttributeTagProcessor
[THYMELEAF]             * [* {th:poster,data-th-poster}] [1000]: org.thymeleaf.standard.processor.StandardRemovableAttributeTagProcessor
[THYMELEAF]             * [* {th:scrolling,data-th-scrolling}] [1000]: org.thymeleaf.standard.processor.StandardRemovableAttributeTagProcessor
[THYMELEAF]             * [* {th:longdesc,data-th-longdesc}] [1000]: org.thymeleaf.standard.processor.StandardRemovableAttributeTagProcessor
[THYMELEAF]             * [* {th:list,data-th-list}] [1000]: org.thymeleaf.standard.processor.StandardRemovableAttributeTagProcessor
[THYMELEAF]             * [* {th:span,data-th-span}] [1000]: org.thymeleaf.standard.processor.StandardRemovableAttributeTagProcessor
[THYMELEAF]             * [* {th:accept,data-th-accept}] [1000]: org.thymeleaf.standard.processor.StandardRemovableAttributeTagProcessor
[THYMELEAF]             * [* {th:usemap,data-th-usemap}] [1000]: org.thymeleaf.standard.processor.StandardRemovableAttributeTagProcessor
[THYMELEAF]             * [* {th:marginheight,data-th-marginheight}] [1000]: org.thymeleaf.standard.processor.StandardRemovableAttributeTagProcessor
[THYMELEAF]             * [* {th:rel,data-th-rel}] [1000]: org.thymeleaf.standard.processor.StandardRemovableAttributeTagProcessor
[THYMELEAF]             * [* {th:challenge,data-th-challenge}] [1000]: org.thymeleaf.standard.processor.StandardRemovableAttributeTagProcessor
[THYMELEAF]             * [* {th:contenteditable,data-th-contenteditable}] [1000]: org.thymeleaf.standard.processor.StandardRemovableAttributeTagProcessor
[THYMELEAF]             * [* {th:standby,data-th-standby}] [1000]: org.thymeleaf.standard.processor.StandardRemovableAttributeTagProcessor
[THYMELEAF]             * [* {th:http-equiv,data-th-http-equiv}] [1000]: org.thymeleaf.standard.processor.StandardRemovableAttributeTagProcessor
[THYMELEAF]             * [* {th:sizes,data-th-sizes}] [1000]: org.thymeleaf.standard.processor.StandardRemovableAttributeTagProcessor
[THYMELEAF]             * [* {th:srclang,data-th-srclang}] [1000]: org.thymeleaf.standard.processor.StandardRemovableAttributeTagProcessor
[THYMELEAF]             * [* {th:src,data-th-src}] [1000]: org.thymeleaf.standard.processor.StandardSrcTagProcessor
[THYMELEAF]             * [* {th:value,data-th-value}] [1000]: org.thymeleaf.standard.processor.StandardValueTagProcessor
[THYMELEAF]             * [* {th:xmlbase,data-th-xmlbase}] [1000]: org.thymeleaf.standard.processor.StandardXmlBaseTagProcessor
[THYMELEAF]             * [* {th:xmllang,data-th-xmllang}] [1000]: org.thymeleaf.standard.processor.StandardXmlLangTagProcessor
[THYMELEAF]             * [* {xmlns:th}] [1000]: org.thymeleaf.standard.processor.StandardXmlNsTagProcessor
[THYMELEAF]             * [* {th:xmlspace,data-th-xmlspace}] [1000]: org.thymeleaf.standard.processor.StandardXmlSpaceTagProcessor
[THYMELEAF]             * [* {th:classappend,data-th-classappend}] [1100]: org.thymeleaf.standard.processor.StandardClassappendTagProcessor
[THYMELEAF]             * [* {th:styleappend,data-th-styleappend}] [1100]: org.thymeleaf.standard.processor.StandardStyleappendTagProcessor
[THYMELEAF]             * [* {th:text,data-th-text}] [1300]: org.thymeleaf.standard.processor.StandardTextTagProcessor
[THYMELEAF]             * [* {th:utext,data-th-utext}] [1400]: org.thymeleaf.standard.processor.StandardUtextTagProcessor
[THYMELEAF]             * [* {th:fragment,data-th-fragment}] [1500]: org.thymeleaf.standard.processor.StandardFragmentTagProcessor
[THYMELEAF]             * [* {th:assert,data-th-assert}] [1550]: org.thymeleaf.standard.processor.StandardAssertTagProcessor
[THYMELEAF]             * [* {th:remove,data-th-remove}] [1600]: org.thymeleaf.standard.processor.StandardRemoveTagProcessor
[THYMELEAF]             * [* {th:ref,data-th-ref}] [10000]: org.thymeleaf.standard.processor.StandardRefAttributeTagProcessor
[THYMELEAF]             * [{th:block,th-block} *] [100000]: org.thymeleaf.standard.processor.StandardBlockTagProcessor
[THYMELEAF]             * [* th:*] [2147483647]: org.thymeleaf.standard.processor.StandardDefaultAttributesTagProcessor
[THYMELEAF]         * Text Processors by [precedence]:
[THYMELEAF]             * [1000]: org.thymeleaf.standard.processor.StandardInliningTextProcessor
[THYMELEAF]         * DOCTYPE Processors by [precedence]:
[THYMELEAF]             * [1000]: org.thymeleaf.standard.processor.StandardTranslationDocTypeProcessor
[THYMELEAF]         * CDATA Section Processors by [precedence]:
[THYMELEAF]             * [1000]: org.thymeleaf.standard.processor.StandardInliningCDATASectionProcessor
[THYMELEAF]         * Comment Processors by [precedence]:
[THYMELEAF]             * [1000]: org.thymeleaf.standard.processor.StandardInliningCommentProcessor
[THYMELEAF]             * [1100]: org.thymeleaf.standard.processor.StandardConditionalCommentProcessor
[THYMELEAF]     * Processors for Template Mode: XML
[THYMELEAF]         * Element Tag Processors by [matching element and attribute name] [precedence]:
[THYMELEAF]             * [* {th:include}] [100]: org.thymeleaf.standard.processor.StandardIncludeTagProcessor
[THYMELEAF]             * [* {th:insert}] [100]: org.thymeleaf.standard.processor.StandardInsertTagProcessor
[THYMELEAF]             * [* {th:replace}] [100]: org.thymeleaf.standard.processor.StandardReplaceTagProcessor
[THYMELEAF]             * [* {th:substituteby}] [100]: org.thymeleaf.standard.processor.StandardSubstituteByTagProcessor
[THYMELEAF]             * [* {th:each}] [200]: com.intuit.karate.template.KarateEachTagProcessor
[THYMELEAF]             * [* {th:switch}] [250]: org.thymeleaf.standard.processor.StandardSwitchTagProcessor
[THYMELEAF]             * [* {th:case}] [275]: org.thymeleaf.standard.processor.StandardCaseTagProcessor
[THYMELEAF]             * [* {th:if}] [300]: org.thymeleaf.standard.processor.StandardIfTagProcessor
[THYMELEAF]             * [* {th:unless}] [400]: org.thymeleaf.standard.processor.StandardUnlessTagProcessor
[THYMELEAF]             * [* {th:object}] [500]: org.thymeleaf.standard.processor.StandardObjectTagProcessor
[THYMELEAF]             * [* {th:with}] [600]: com.intuit.karate.template.KarateWithTagProcessor
[THYMELEAF]             * [* {th:attr}] [700]: com.intuit.karate.template.KarateAttributeTagProcessor.KarateAttrTagProcessor
[THYMELEAF]             * [* {th:attrappend}] [900]: com.intuit.karate.template.KarateAttributeTagProcessor.KarateAttrappendTagProcessor
[THYMELEAF]             * [* {th:attrprepend}] [900]: com.intuit.karate.template.KarateAttributeTagProcessor.KarateAttrprependTagProcessor
[THYMELEAF]             * [* {th:inline}] [1000]: org.thymeleaf.standard.processor.StandardInlineXMLTagProcessor
[THYMELEAF]             * [* {xmlns:th}] [1000]: org.thymeleaf.standard.processor.StandardXmlNsTagProcessor
[THYMELEAF]             * [* {th:text}] [1300]: org.thymeleaf.standard.processor.StandardTextTagProcessor
[THYMELEAF]             * [* {th:utext}] [1400]: org.thymeleaf.standard.processor.StandardUtextTagProcessor
[THYMELEAF]             * [* {th:fragment}] [1500]: org.thymeleaf.standard.processor.StandardFragmentTagProcessor
[THYMELEAF]             * [* {th:assert}] [1550]: org.thymeleaf.standard.processor.StandardAssertTagProcessor
[THYMELEAF]             * [* {th:remove}] [1600]: org.thymeleaf.standard.processor.StandardRemoveTagProcessor
[THYMELEAF]             * [* {th:ref}] [10000]: org.thymeleaf.standard.processor.StandardRefAttributeTagProcessor
[THYMELEAF]             * [{th:block} *] [100000]: org.thymeleaf.standard.processor.StandardBlockTagProcessor
[THYMELEAF]             * [* th:*] [2147483647]: org.thymeleaf.standard.processor.StandardDefaultAttributesTagProcessor
[THYMELEAF]         * Text Processors by [precedence]:
[THYMELEAF]             * [1000]: org.thymeleaf.standard.processor.StandardInliningTextProcessor
[THYMELEAF]         * CDATA Section Processors by [precedence]:
[THYMELEAF]             * [1000]: org.thymeleaf.standard.processor.StandardInliningCDATASectionProcessor
[THYMELEAF]         * Comment Processors by [precedence]:
[THYMELEAF]             * [1000]: org.thymeleaf.standard.processor.StandardInliningCommentProcessor
[THYMELEAF]     * Processors for Template Mode: TEXT
[THYMELEAF]         * Element Tag Processors by [matching element and attribute name] [precedence]:
[THYMELEAF]             * [* {th:insert}] [100]: org.thymeleaf.standard.processor.StandardInsertTagProcessor
[THYMELEAF]             * [* {th:replace}] [100]: org.thymeleaf.standard.processor.StandardReplaceTagProcessor
[THYMELEAF]             * [* {th:each}] [200]: com.intuit.karate.template.KarateEachTagProcessor
[THYMELEAF]             * [* {th:switch}] [250]: org.thymeleaf.standard.processor.StandardSwitchTagProcessor
[THYMELEAF]             * [* {th:case}] [275]: org.thymeleaf.standard.processor.StandardCaseTagProcessor
[THYMELEAF]             * [* {th:if}] [300]: org.thymeleaf.standard.processor.StandardIfTagProcessor
[THYMELEAF]             * [* {th:unless}] [400]: org.thymeleaf.standard.processor.StandardUnlessTagProcessor
[THYMELEAF]             * [* {th:object}] [500]: org.thymeleaf.standard.processor.StandardObjectTagProcessor
[THYMELEAF]             * [* {th:with}] [600]: com.intuit.karate.template.KarateWithTagProcessor
[THYMELEAF]             * [* {th:inline}] [1000]: org.thymeleaf.standard.processor.StandardInlineTextualTagProcessor
[THYMELEAF]             * [* {th:text}] [1300]: org.thymeleaf.standard.processor.StandardTextTagProcessor
[THYMELEAF]             * [* {th:utext}] [1400]: org.thymeleaf.standard.processor.StandardUtextTagProcessor
[THYMELEAF]             * [* {th:assert}] [1550]: org.thymeleaf.standard.processor.StandardAssertTagProcessor
[THYMELEAF]             * [* {th:remove}] [1600]: org.thymeleaf.standard.processor.StandardRemoveTagProcessor
[THYMELEAF]             * [{th:block} *] [100000]: org.thymeleaf.standard.processor.StandardBlockTagProcessor
[THYMELEAF]             * [* 100000] [org.thymeleaf.standard.processor.StandardBlockTagProcessor]: {}
[THYMELEAF]         * Text Processors by [precedence]:
[THYMELEAF]             * [1000]: org.thymeleaf.standard.processor.StandardInliningTextProcessor
[THYMELEAF]     * Processors for Template Mode: JAVASCRIPT
[THYMELEAF]         * Element Tag Processors by [matching element and attribute name] [precedence]:
[THYMELEAF]             * [* {th:insert}] [100]: org.thymeleaf.standard.processor.StandardInsertTagProcessor
[THYMELEAF]             * [* {th:replace}] [100]: org.thymeleaf.standard.processor.StandardReplaceTagProcessor
[THYMELEAF]             * [* {th:each}] [200]: com.intuit.karate.template.KarateEachTagProcessor
[THYMELEAF]             * [* {th:switch}] [250]: org.thymeleaf.standard.processor.StandardSwitchTagProcessor
[THYMELEAF]             * [* {th:case}] [275]: org.thymeleaf.standard.processor.StandardCaseTagProcessor
[THYMELEAF]             * [* {th:if}] [300]: org.thymeleaf.standard.processor.StandardIfTagProcessor
[THYMELEAF]             * [* {th:unless}] [400]: org.thymeleaf.standard.processor.StandardUnlessTagProcessor
[THYMELEAF]             * [* {th:object}] [500]: org.thymeleaf.standard.processor.StandardObjectTagProcessor
[THYMELEAF]             * [* {th:with}] [600]: com.intuit.karate.template.KarateWithTagProcessor
[THYMELEAF]             * [* {th:inline}] [1000]: org.thymeleaf.standard.processor.StandardInlineTextualTagProcessor
[THYMELEAF]             * [* {th:text}] [1300]: org.thymeleaf.standard.processor.StandardTextTagProcessor
[THYMELEAF]             * [* {th:utext}] [1400]: org.thymeleaf.standard.processor.StandardUtextTagProcessor
[THYMELEAF]             * [* {th:assert}] [1550]: org.thymeleaf.standard.processor.StandardAssertTagProcessor
[THYMELEAF]             * [* {th:remove}] [1600]: org.thymeleaf.standard.processor.StandardRemoveTagProcessor
[THYMELEAF]             * [{th:block} *] [100000]: org.thymeleaf.standard.processor.StandardBlockTagProcessor
[THYMELEAF]             * [* 100000] [org.thymeleaf.standard.processor.StandardBlockTagProcessor]: {}
[THYMELEAF]         * Text Processors by [precedence]:
[THYMELEAF]             * [1000]: org.thymeleaf.standard.processor.StandardInliningTextProcessor
[THYMELEAF]     * Processors for Template Mode: CSS
[THYMELEAF]         * Element Tag Processors by [matching element and attribute name] [precedence]:
[THYMELEAF]             * [* {th:insert}] [100]: org.thymeleaf.standard.processor.StandardInsertTagProcessor
[THYMELEAF]             * [* {th:replace}] [100]: org.thymeleaf.standard.processor.StandardReplaceTagProcessor
[THYMELEAF]             * [* {th:each}] [200]: com.intuit.karate.template.KarateEachTagProcessor
[THYMELEAF]             * [* {th:switch}] [250]: org.thymeleaf.standard.processor.StandardSwitchTagProcessor
[THYMELEAF]             * [* {th:case}] [275]: org.thymeleaf.standard.processor.StandardCaseTagProcessor
[THYMELEAF]             * [* {th:if}] [300]: org.thymeleaf.standard.processor.StandardIfTagProcessor
[THYMELEAF]             * [* {th:unless}] [400]: org.thymeleaf.standard.processor.StandardUnlessTagProcessor
[THYMELEAF]             * [* {th:object}] [500]: org.thymeleaf.standard.processor.StandardObjectTagProcessor
[THYMELEAF]             * [* {th:with}] [600]: com.intuit.karate.template.KarateWithTagProcessor
[THYMELEAF]             * [* {th:inline}] [1000]: org.thymeleaf.standard.processor.StandardInlineTextualTagProcessor
[THYMELEAF]             * [* {th:text}] [1300]: org.thymeleaf.standard.processor.StandardTextTagProcessor
[THYMELEAF]             * [* {th:utext}] [1400]: org.thymeleaf.standard.processor.StandardUtextTagProcessor
[THYMELEAF]             * [* {th:assert}] [1550]: org.thymeleaf.standard.processor.StandardAssertTagProcessor
[THYMELEAF]             * [* {th:remove}] [1600]: org.thymeleaf.standard.processor.StandardRemoveTagProcessor
[THYMELEAF]             * [* 100000] [org.thymeleaf.standard.processor.StandardBlockTagProcessor]: {}
[THYMELEAF]             * [{th:block} *] [100000]: org.thymeleaf.standard.processor.StandardBlockTagProcessor
[THYMELEAF]         * Text Processors by [precedence]:
[THYMELEAF]             * [1000]: org.thymeleaf.standard.processor.StandardInliningTextProcessor
[THYMELEAF]     * Expression Objects:
[THYMELEAF]         * #ctx
[THYMELEAF]         * #root
[THYMELEAF]         * #vars
[THYMELEAF]         * #object
[THYMELEAF]         * #locale
[THYMELEAF]         * #request
[THYMELEAF]         * #response
[THYMELEAF]         * #session
[THYMELEAF]         * #servletContext
[THYMELEAF]         * #conversions
[THYMELEAF]         * #uris
[THYMELEAF]         * #calendars
[THYMELEAF]         * #dates
[THYMELEAF]         * #bools
[THYMELEAF]         * #numbers
[THYMELEAF]         * #objects
[THYMELEAF]         * #strings
[THYMELEAF]         * #arrays
[THYMELEAF]         * #lists
[THYMELEAF]         * #sets
[THYMELEAF]         * #maps
[THYMELEAF]         * #aggregates
[THYMELEAF]         * #messages
[THYMELEAF]         * #ids
[THYMELEAF]         * #execInfo
[THYMELEAF]         * #httpServletRequest
[THYMELEAF]         * #httpSession
[THYMELEAF]     * Execution Attributes:
[THYMELEAF]         * "StandardExpressionParser": com.intuit.karate.template.KarateStandardDialect@3dc40ab9
[THYMELEAF]         * "StandardJavaScriptSerializer": org.thymeleaf.standard.serializer.StandardJavaScriptSerializer@16d0e521
[THYMELEAF]         * "StandardCSSSerializer": org.thymeleaf.standard.serializer.StandardCSSSerializer@634ca3e7
[THYMELEAF]         * "StandardVariableExpressionEvaluator": com.intuit.karate.template.KarateStandardDialect@3dc40ab9
[THYMELEAF]         * "StandardConversionService": org.thymeleaf.standard.expression.StandardConversionService@ab4aa5e
[THYMELEAF] * Dialect [2 of 2]: karate (com.intuit.karate.template.KarateScriptDialect)
[THYMELEAF]     * Prefix: "ka"
[THYMELEAF]     * Processors for Template Mode: HTML
[THYMELEAF]         * Element Tag Processors by [matching element and attribute name] [precedence]:
[THYMELEAF]             * [* {src}] [1000]: com.intuit.karate.template.KaScriptAttrProcessor
[THYMELEAF]         * Element Model Processors by [matching element and attribute name] [precedence]:
[THYMELEAF]             * [{script} {ka:scope,data-ka-scope}] [1000]: com.intuit.karate.template.KaScriptElemProcessor
[THYMELEAF]             * [* {ka:set,data-ka-set}] [1000]: com.intuit.karate.template.KaSetElemProcessor
[THYMELEAF] TEMPLATE ENGINE CONFIGURED OK
11:43:23.247 [main] DEBUG org.thymeleaf.TemplateEngine - [THYMELEAF] TEMPLATE ENGINE INITIALIZED
---------------------------------------------------------
feature: classpath:RickAndMorty/Rick/rick-get.feature
scenarios:  2 | passed:  2 | failed:  0 | time: 0,6317
---------------------------------------------------------

Karate version: 1.4.0
======================================================
elapsed:   1,44 | threads:    1 | thread time: 0,63 
features:     1 | skipped:    0 | efficiency: 0,44
scenarios:    2 | passed:     2 | failed: 0
======================================================
11:43:23.434 [main] DEBUG org.thymeleaf.TemplateEngine - [THYMELEAF] INITIALIZING TEMPLATE ENGINE
11:43:23.445 [main] DEBUG org.thymeleaf.TemplateEngine.CONFIG - Initializing Thymeleaf Template engine configuration...
[THYMELEAF] TEMPLATE ENGINE CONFIGURATION:
[THYMELEAF] * Thymeleaf version: 3.0.14.RELEASE (built 2021-12-08T00:45:29+0000)
[THYMELEAF] * Cache Manager implementation: org.thymeleaf.cache.StandardCacheManager
[THYMELEAF] * Template resolvers:
[THYMELEAF]     * [1] com.intuit.karate.template.ResourceHtmlTemplateResolver
[THYMELEAF] * Message resolvers:
[THYMELEAF]     * org.thymeleaf.messageresolver.StandardMessageResolver
[THYMELEAF] * Link builders:
[THYMELEAF]     * org.thymeleaf.linkbuilder.StandardLinkBuilder
[THYMELEAF] * Dialect [1 of 2]: Standard (com.intuit.karate.template.KarateStandardDialect)
[THYMELEAF]     * Prefix: "th"
[THYMELEAF]     * Processors for Template Mode: HTML
[THYMELEAF]         * Element Tag Processors by [matching element and attribute name] [precedence]:
[THYMELEAF]             * [* {th:include,data-th-include}] [100]: org.thymeleaf.standard.processor.StandardIncludeTagProcessor
[THYMELEAF]             * [* {th:insert,data-th-insert}] [100]: org.thymeleaf.standard.processor.StandardInsertTagProcessor
[THYMELEAF]             * [* {th:replace,data-th-replace}] [100]: org.thymeleaf.standard.processor.StandardReplaceTagProcessor
[THYMELEAF]             * [* {th:substituteby,data-th-substituteby}] [100]: org.thymeleaf.standard.processor.StandardSubstituteByTagProcessor
[THYMELEAF]             * [* {th:each,data-th-each}] [200]: com.intuit.karate.template.KarateEachTagProcessor
[THYMELEAF]             * [* {th:switch,data-th-switch}] [250]: org.thymeleaf.standard.processor.StandardSwitchTagProcessor
[THYMELEAF]             * [* {th:case,data-th-case}] [275]: org.thymeleaf.standard.processor.StandardCaseTagProcessor
[THYMELEAF]             * [* {th:if,data-th-if}] [300]: org.thymeleaf.standard.processor.StandardIfTagProcessor
[THYMELEAF]             * [* {th:unless,data-th-unless}] [400]: org.thymeleaf.standard.processor.StandardUnlessTagProcessor
[THYMELEAF]             * [* {th:object,data-th-object}] [500]: org.thymeleaf.standard.processor.StandardObjectTagProcessor
[THYMELEAF]             * [* {th:with,data-th-with}] [600]: com.intuit.karate.template.KarateWithTagProcessor
[THYMELEAF]             * [* {th:attr,data-th-attr}] [700]: com.intuit.karate.template.KarateAttributeTagProcessor.KarateAttrTagProcessor
[THYMELEAF]             * [* {th:attrappend,data-th-attrappend}] [900]: com.intuit.karate.template.KarateAttributeTagProcessor.KarateAttrappendTagProcessor
[THYMELEAF]             * [* {th:attrprepend,data-th-attrprepend}] [900]: com.intuit.karate.template.KarateAttributeTagProcessor.KarateAttrprependTagProcessor
[THYMELEAF]             * [* {th:alt-title,data-th-alt-title}] [990]: org.thymeleaf.standard.processor.StandardAltTitleTagProcessor
[THYMELEAF]             * [* {th:lang-xmllang,data-th-lang-xmllang}] [990]: org.thymeleaf.standard.processor.StandardLangXmlLangTagProcessor
[THYMELEAF]             * [* {th:action,data-th-action}] [1000]: org.thymeleaf.standard.processor.StandardActionTagProcessor
[THYMELEAF]             * [* {th:disabled,data-th-disabled}] [1000]: org.thymeleaf.standard.processor.StandardConditionalFixedValueTagProcessor
[THYMELEAF]             * [* {th:seamless,data-th-seamless}] [1000]: org.thymeleaf.standard.processor.StandardConditionalFixedValueTagProcessor
[THYMELEAF]             * [* {th:autofocus,data-th-autofocus}] [1000]: org.thymeleaf.standard.processor.StandardConditionalFixedValueTagProcessor
[THYMELEAF]             * [* {th:open,data-th-open}] [1000]: org.thymeleaf.standard.processor.StandardConditionalFixedValueTagProcessor
[THYMELEAF]             * [* {th:required,data-th-required}] [1000]: org.thymeleaf.standard.processor.StandardConditionalFixedValueTagProcessor
[THYMELEAF]             * [* {th:declare,data-th-declare}] [1000]: org.thymeleaf.standard.processor.StandardConditionalFixedValueTagProcessor
[...]
[THYMELEAF]             * [* {th:abbr,data-th-abbr}] [1000]: org.thymeleaf.standard.processor.StandardRemovableAttributeTagProcessor
[THYMELEAF]             * [* {th:keytype,data-th-keytype}] [1000]: org.thymeleaf.standard.processor.StandardRemovableAttributeTagProcessor
[THYMELEAF]             * [* {th:enctype,data-th-enctype}] [1000]: org.thymeleaf.standard.processor.StandardRemovableAttributeTagProcessor
[THYMELEAF]             * [* {th:wrap,data-th-wrap}] [1000]: org.thymeleaf.standard.processor.StandardRemovableAttributeTagProcessor
[THYMELEAF]             * [* {th:min,data-th-min}] [1000]: org.thymeleaf.standard.processor.StandardRemovableAttributeTagProcessor
[THYMELEAF]             * [* {th:codebase,data-th-codebase}] [1000]: org.thymeleaf.standard.processor.StandardRemovableAttributeTagProcessor
[THYMELEAF]             * [* {th:autocomplete,data-th-autocomplete}] [1000]: org.thymeleaf.standard.processor.StandardRemovableAttributeTagProcessor
[THYMELEAF]             * [* {th:sandbox,data-th-sandbox}] [1000]: org.thymeleaf.standard.processor.StandardRemovableAttributeTagProcessor
[THYMELEAF]             * [* {th:http-equiv,data-th-http-equiv}] [1000]: org.thymeleaf.standard.processor.StandardRemovableAttributeTagProcessor
[THYMELEAF]             * [* {th:maxlength,data-th-maxlength}] [1000]: org.thymeleaf.standard.processor.StandardRemovableAttributeTagProcessor
[THYMELEAF]             * [* {th:rel,data-th-rel}] [1000]: org.thymeleaf.standard.processor.StandardRemovableAttributeTagProcessor
[THYMELEAF]             * [* {th:hspace,data-th-hspace}] [1000]: org.thymeleaf.standard.processor.StandardRemovableAttributeTagProcessor
[THYMELEAF]             * [* {th:draggable,data-th-draggable}] [1000]: org.thymeleaf.standard.processor.StandardRemovableAttributeTagProcessor
[THYMELEAF]             * [* {th:high,data-th-high}] [1000]: org.thymeleaf.standard.processor.StandardRemovableAttributeTagProcessor
[THYMELEAF]             * [* {th:classid,data-th-classid}] [1000]: org.thymeleaf.standard.processor.StandardRemovableAttributeTagProcessor
[THYMELEAF]             * [* {th:span,data-th-span}] [1000]: org.thymeleaf.standard.processor.StandardRemovableAttributeTagProcessor
[THYMELEAF]             * [* {th:background,data-th-background}] [1000]: org.thymeleaf.standard.processor.StandardRemovableAttributeTagProcessor
[THYMELEAF]             * [* {th:pattern,data-th-pattern}] [1000]: org.thymeleaf.standard.processor.StandardRemovableAttributeTagProcessor
[THYMELEAF]             * [* {th:accept-charset,data-th-accept-charset}] [1000]: org.thymeleaf.standard.processor.StandardRemovableAttributeTagProcessor
[THYMELEAF]             * [* {th:width,data-th-width}] [1000]: org.thymeleaf.standard.processor.StandardRemovableAttributeTagProcessor
[THYMELEAF]             * [* {th:rev,data-th-rev}] [1000]: org.thymeleaf.standard.processor.StandardRemovableAttributeTagProcessor
[THYMELEAF]             * [* {th:poster,data-th-poster}] [1000]: org.thymeleaf.standard.processor.StandardRemovableAttributeTagProcessor
[THYMELEAF]             * [* {th:rowspan,data-th-rowspan}] [1000]: org.thymeleaf.standard.processor.StandardRemovableAttributeTagProcessor
[THYMELEAF]             * [* {th:codetype,data-th-codetype}] [1000]: org.thymeleaf.standard.processor.StandardRemovableAttributeTagProcessor
[THYMELEAF]             * [* {th:formaction,data-th-formaction}] [1000]: org.thymeleaf.standard.processor.StandardRemovableAttributeTagProcessor
[THYMELEAF]             * [* {th:style,data-th-style}] [1000]: org.thymeleaf.standard.processor.StandardRemovableAttributeTagProcessor
[THYMELEAF]             * [* {th:scope,data-th-scope}] [1000]: org.thymeleaf.standard.processor.StandardRemovableAttributeTagProcessor
[THYMELEAF]             * [* {th:start,data-th-start}] [1000]: org.thymeleaf.standard.processor.StandardRemovableAttributeTagProcessor
[THYMELEAF]             * [* {th:marginheight,data-th-marginheight}] [1000]: org.thymeleaf.standard.processor.StandardRemovableAttributeTagProcessor
[THYMELEAF]             * [* {th:rules,data-th-rules}] [1000]: org.thymeleaf.standard.processor.StandardRemovableAttributeTagProcessor
[THYMELEAF]             * [* {th:icon,data-th-icon}] [1000]: org.thymeleaf.standard.processor.StandardRemovableAttributeTagProcessor
[THYMELEAF]             * [* {th:datetime,data-th-datetime}] [1000]: org.thymeleaf.standard.processor.StandardRemovableAttributeTagProcessor
[THYMELEAF]             * [* {th:border,data-th-border}] [1000]: org.thymeleaf.standard.processor.StandardRemovableAttributeTagProcessor
[THYMELEAF]             * [* {th:bgcolor,data-th-bgcolor}] [1000]: org.thymeleaf.standard.processor.StandardRemovableAttributeTagProcessor
[THYMELEAF]             * [* {th:kind,data-th-kind}] [1000]: org.thymeleaf.standard.processor.StandardRemovableAttributeTagProcessor
[THYMELEAF]             * [* {th:align,data-th-align}] [1000]: org.thymeleaf.standard.processor.StandardRemovableAttributeTagProcessor
[THYMELEAF]             * [* {th:size,data-th-size}] [1000]: org.thymeleaf.standard.processor.StandardRemovableAttributeTagProcessor
[THYMELEAF]             * [* {th:dropzone,data-th-dropzone}] [1000]: org.thymeleaf.standard.processor.StandardRemovableAttributeTagProcessor
[THYMELEAF]             * [* {th:src,data-th-src}] [1000]: org.thymeleaf.standard.processor.StandardSrcTagProcessor
[THYMELEAF]             * [* {th:value,data-th-value}] [1000]: org.thymeleaf.standard.processor.StandardValueTagProcessor
[THYMELEAF]             * [* {th:xmlbase,data-th-xmlbase}] [1000]: org.thymeleaf.standard.processor.StandardXmlBaseTagProcessor
[THYMELEAF]             * [* {th:xmllang,data-th-xmllang}] [1000]: org.thymeleaf.standard.processor.StandardXmlLangTagProcessor
[THYMELEAF]             * [* {xmlns:th}] [1000]: org.thymeleaf.standard.processor.StandardXmlNsTagProcessor
[THYMELEAF]             * [* {th:xmlspace,data-th-xmlspace}] [1000]: org.thymeleaf.standard.processor.StandardXmlSpaceTagProcessor
[THYMELEAF]             * [* {th:classappend,data-th-classappend}] [1100]: org.thymeleaf.standard.processor.StandardClassappendTagProcessor
[THYMELEAF]             * [* {th:styleappend,data-th-styleappend}] [1100]: org.thymeleaf.standard.processor.StandardStyleappendTagProcessor
[THYMELEAF]             * [* {th:text,data-th-text}] [1300]: org.thymeleaf.standard.processor.StandardTextTagProcessor
[THYMELEAF]             * [* {th:utext,data-th-utext}] [1400]: org.thymeleaf.standard.processor.StandardUtextTagProcessor
[THYMELEAF]             * [* {th:fragment,data-th-fragment}] [1500]: org.thymeleaf.standard.processor.StandardFragmentTagProcessor
[THYMELEAF]             * [* {th:assert,data-th-assert}] [1550]: org.thymeleaf.standard.processor.StandardAssertTagProcessor
[THYMELEAF]             * [* {th:remove,data-th-remove}] [1600]: org.thymeleaf.standard.processor.StandardRemoveTagProcessor
[THYMELEAF]             * [* {th:ref,data-th-ref}] [10000]: org.thymeleaf.standard.processor.StandardRefAttributeTagProcessor
[THYMELEAF]             * [{th:block,th-block} *] [100000]: org.thymeleaf.standard.processor.StandardBlockTagProcessor
[THYMELEAF]             * [* th:*] [2147483647]: org.thymeleaf.standard.processor.StandardDefaultAttributesTagProcessor
[THYMELEAF]         * Text Processors by [precedence]:
[THYMELEAF]             * [1000]: org.thymeleaf.standard.processor.StandardInliningTextProcessor
[THYMELEAF]         * DOCTYPE Processors by [precedence]:
[THYMELEAF]             * [1000]: org.thymeleaf.standard.processor.StandardTranslationDocTypeProcessor
[THYMELEAF]         * CDATA Section Processors by [precedence]:
[THYMELEAF]             * [1000]: org.thymeleaf.standard.processor.StandardInliningCDATASectionProcessor
[THYMELEAF]         * Comment Processors by [precedence]:
[THYMELEAF]             * [1000]: org.thymeleaf.standard.processor.StandardInliningCommentProcessor
[THYMELEAF]             * [1100]: org.thymeleaf.standard.processor.StandardConditionalCommentProcessor
[THYMELEAF]     * Processors for Template Mode: XML
[THYMELEAF]         * Element Tag Processors by [matching element and attribute name] [precedence]:
[THYMELEAF]             * [* {th:include}] [100]: org.thymeleaf.standard.processor.StandardIncludeTagProcessor
[THYMELEAF]             * [* {th:insert}] [100]: org.thymeleaf.standard.processor.StandardInsertTagProcessor
[THYMELEAF]             * [* {th:replace}] [100]: org.thymeleaf.standard.processor.StandardReplaceTagProcessor
[THYMELEAF]             * [* {th:substituteby}] [100]: org.thymeleaf.standard.processor.StandardSubstituteByTagProcessor
[THYMELEAF]             * [* {th:each}] [200]: com.intuit.karate.template.KarateEachTagProcessor
[THYMELEAF]             * [* {th:switch}] [250]: org.thymeleaf.standard.processor.StandardSwitchTagProcessor
[THYMELEAF]             * [* {th:case}] [275]: org.thymeleaf.standard.processor.StandardCaseTagProcessor
[THYMELEAF]             * [* {th:if}] [300]: org.thymeleaf.standard.processor.StandardIfTagProcessor
[THYMELEAF]             * [* {th:unless}] [400]: org.thymeleaf.standard.processor.StandardUnlessTagProcessor
[THYMELEAF]             * [* {th:object}] [500]: org.thymeleaf.standard.processor.StandardObjectTagProcessor
[THYMELEAF]             * [* {th:with}] [600]: com.intuit.karate.template.KarateWithTagProcessor
[THYMELEAF]             * [* {th:attr}] [700]: com.intuit.karate.template.KarateAttributeTagProcessor.KarateAttrTagProcessor
[THYMELEAF]             * [* {th:attrappend}] [900]: com.intuit.karate.template.KarateAttributeTagProcessor.KarateAttrappendTagProcessor
[THYMELEAF]             * [* {th:attrprepend}] [900]: com.intuit.karate.template.KarateAttributeTagProcessor.KarateAttrprependTagProcessor
[THYMELEAF]             * [* {th:inline}] [1000]: org.thymeleaf.standard.processor.StandardInlineXMLTagProcessor
[THYMELEAF]             * [* {xmlns:th}] [1000]: org.thymeleaf.standard.processor.StandardXmlNsTagProcessor
[THYMELEAF]             * [* {th:text}] [1300]: org.thymeleaf.standard.processor.StandardTextTagProcessor
[THYMELEAF]             * [* {th:utext}] [1400]: org.thymeleaf.standard.processor.StandardUtextTagProcessor
[THYMELEAF]             * [* {th:fragment}] [1500]: org.thymeleaf.standard.processor.StandardFragmentTagProcessor
[THYMELEAF]             * [* {th:assert}] [1550]: org.thymeleaf.standard.processor.StandardAssertTagProcessor
[THYMELEAF]             * [* {th:remove}] [1600]: org.thymeleaf.standard.processor.StandardRemoveTagProcessor
[THYMELEAF]             * [* {th:ref}] [10000]: org.thymeleaf.standard.processor.StandardRefAttributeTagProcessor
[THYMELEAF]             * [{th:block} *] [100000]: org.thymeleaf.standard.processor.StandardBlockTagProcessor
[THYMELEAF]             * [* th:*] [2147483647]: org.thymeleaf.standard.processor.StandardDefaultAttributesTagProcessor
[THYMELEAF]         * Text Processors by [precedence]:
[THYMELEAF]             * [1000]: org.thymeleaf.standard.processor.StandardInliningTextProcessor
[THYMELEAF]         * CDATA Section Processors by [precedence]:
[THYMELEAF]             * [1000]: org.thymeleaf.standard.processor.StandardInliningCDATASectionProcessor
[THYMELEAF]         * Comment Processors by [precedence]:
[THYMELEAF]             * [1000]: org.thymeleaf.standard.processor.StandardInliningCommentProcessor
[THYMELEAF]     * Processors for Template Mode: TEXT
[THYMELEAF]         * Element Tag Processors by [matching element and attribute name] [precedence]:
[THYMELEAF]             * [* {th:insert}] [100]: org.thymeleaf.standard.processor.StandardInsertTagProcessor
[THYMELEAF]             * [* {th:replace}] [100]: org.thymeleaf.standard.processor.StandardReplaceTagProcessor
[THYMELEAF]             * [* {th:each}] [200]: com.intuit.karate.template.KarateEachTagProcessor
[THYMELEAF]             * [* {th:switch}] [250]: org.thymeleaf.standard.processor.StandardSwitchTagProcessor
[THYMELEAF]             * [* {th:case}] [275]: org.thymeleaf.standard.processor.StandardCaseTagProcessor
[THYMELEAF]             * [* {th:if}] [300]: org.thymeleaf.standard.processor.StandardIfTagProcessor
[THYMELEAF]             * [* {th:unless}] [400]: org.thymeleaf.standard.processor.StandardUnlessTagProcessor
[THYMELEAF]             * [* {th:object}] [500]: org.thymeleaf.standard.processor.StandardObjectTagProcessor
[THYMELEAF]             * [* {th:with}] [600]: com.intuit.karate.template.KarateWithTagProcessor
[THYMELEAF]             * [* {th:inline}] [1000]: org.thymeleaf.standard.processor.StandardInlineTextualTagProcessor
[THYMELEAF]             * [* {th:text}] [1300]: org.thymeleaf.standard.processor.StandardTextTagProcessor
[THYMELEAF]             * [* {th:utext}] [1400]: org.thymeleaf.standard.processor.StandardUtextTagProcessor
[THYMELEAF]             * [* {th:assert}] [1550]: org.thymeleaf.standard.processor.StandardAssertTagProcessor
[THYMELEAF]             * [* {th:remove}] [1600]: org.thymeleaf.standard.processor.StandardRemoveTagProcessor
[THYMELEAF]             * [* 100000] [org.thymeleaf.standard.processor.StandardBlockTagProcessor]: {}
[THYMELEAF]             * [{th:block} *] [100000]: org.thymeleaf.standard.processor.StandardBlockTagProcessor
[THYMELEAF]         * Text Processors by [precedence]:
[THYMELEAF]             * [1000]: org.thymeleaf.standard.processor.StandardInliningTextProcessor
[THYMELEAF]     * Processors for Template Mode: JAVASCRIPT
[THYMELEAF]         * Element Tag Processors by [matching element and attribute name] [precedence]:
[THYMELEAF]             * [* {th:insert}] [100]: org.thymeleaf.standard.processor.StandardInsertTagProcessor
[THYMELEAF]             * [* {th:replace}] [100]: org.thymeleaf.standard.processor.StandardReplaceTagProcessor
[THYMELEAF]             * [* {th:each}] [200]: com.intuit.karate.template.KarateEachTagProcessor
[THYMELEAF]             * [* {th:switch}] [250]: org.thymeleaf.standard.processor.StandardSwitchTagProcessor
[THYMELEAF]             * [* {th:case}] [275]: org.thymeleaf.standard.processor.StandardCaseTagProcessor
[THYMELEAF]             * [* {th:if}] [300]: org.thymeleaf.standard.processor.StandardIfTagProcessor
[THYMELEAF]             * [* {th:unless}] [400]: org.thymeleaf.standard.processor.StandardUnlessTagProcessor
[THYMELEAF]             * [* {th:object}] [500]: org.thymeleaf.standard.processor.StandardObjectTagProcessor
[THYMELEAF]             * [* {th:with}] [600]: com.intuit.karate.template.KarateWithTagProcessor
[THYMELEAF]             * [* {th:inline}] [1000]: org.thymeleaf.standard.processor.StandardInlineTextualTagProcessor
[THYMELEAF]             * [* {th:text}] [1300]: org.thymeleaf.standard.processor.StandardTextTagProcessor
[THYMELEAF]             * [* {th:utext}] [1400]: org.thymeleaf.standard.processor.StandardUtextTagProcessor
[THYMELEAF]             * [* {th:assert}] [1550]: org.thymeleaf.standard.processor.StandardAssertTagProcessor
[THYMELEAF]             * [* {th:remove}] [1600]: org.thymeleaf.standard.processor.StandardRemoveTagProcessor
[THYMELEAF]             * [{th:block} *] [100000]: org.thymeleaf.standard.processor.StandardBlockTagProcessor
[THYMELEAF]             * [* 100000] [org.thymeleaf.standard.processor.StandardBlockTagProcessor]: {}
[THYMELEAF]         * Text Processors by [precedence]:
[THYMELEAF]             * [1000]: org.thymeleaf.standard.processor.StandardInliningTextProcessor
[THYMELEAF]     * Processors for Template Mode: CSS
[THYMELEAF]         * Element Tag Processors by [matching element and attribute name] [precedence]:
[THYMELEAF]             * [* {th:insert}] [100]: org.thymeleaf.standard.processor.StandardInsertTagProcessor
[THYMELEAF]             * [* {th:replace}] [100]: org.thymeleaf.standard.processor.StandardReplaceTagProcessor
[THYMELEAF]             * [* {th:each}] [200]: com.intuit.karate.template.KarateEachTagProcessor
[THYMELEAF]             * [* {th:switch}] [250]: org.thymeleaf.standard.processor.StandardSwitchTagProcessor
[THYMELEAF]             * [* {th:case}] [275]: org.thymeleaf.standard.processor.StandardCaseTagProcessor
[THYMELEAF]             * [* {th:if}] [300]: org.thymeleaf.standard.processor.StandardIfTagProcessor
[THYMELEAF]             * [* {th:unless}] [400]: org.thymeleaf.standard.processor.StandardUnlessTagProcessor
[THYMELEAF]             * [* {th:object}] [500]: org.thymeleaf.standard.processor.StandardObjectTagProcessor
[THYMELEAF]             * [* {th:with}] [600]: com.intuit.karate.template.KarateWithTagProcessor
[THYMELEAF]             * [* {th:inline}] [1000]: org.thymeleaf.standard.processor.StandardInlineTextualTagProcessor
[THYMELEAF]             * [* {th:text}] [1300]: org.thymeleaf.standard.processor.StandardTextTagProcessor
[THYMELEAF]             * [* {th:utext}] [1400]: org.thymeleaf.standard.processor.StandardUtextTagProcessor
[THYMELEAF]             * [* {th:assert}] [1550]: org.thymeleaf.standard.processor.StandardAssertTagProcessor
[THYMELEAF]             * [* {th:remove}] [1600]: org.thymeleaf.standard.processor.StandardRemoveTagProcessor
[THYMELEAF]             * [* 100000] [org.thymeleaf.standard.processor.StandardBlockTagProcessor]: {}
[THYMELEAF]             * [{th:block} *] [100000]: org.thymeleaf.standard.processor.StandardBlockTagProcessor
[THYMELEAF]         * Text Processors by [precedence]:
[THYMELEAF]             * [1000]: org.thymeleaf.standard.processor.StandardInliningTextProcessor
[THYMELEAF]     * Expression Objects:
[THYMELEAF]         * #ctx
[THYMELEAF]         * #root
[THYMELEAF]         * #vars
[THYMELEAF]         * #object
[THYMELEAF]         * #locale
[THYMELEAF]         * #request
[THYMELEAF]         * #response
[THYMELEAF]         * #session
[THYMELEAF]         * #servletContext
[THYMELEAF]         * #conversions
[THYMELEAF]         * #uris
[THYMELEAF]         * #calendars
[THYMELEAF]         * #dates
[THYMELEAF]         * #bools
[THYMELEAF]         * #numbers
[THYMELEAF]         * #objects
[THYMELEAF]         * #strings
[THYMELEAF]         * #arrays
[THYMELEAF]         * #lists
[THYMELEAF]         * #sets
[THYMELEAF]         * #maps
[THYMELEAF]         * #aggregates
[THYMELEAF]         * #messages
[THYMELEAF]         * #ids
[THYMELEAF]         * #execInfo
[THYMELEAF]         * #httpServletRequest
[THYMELEAF]         * #httpSession
[THYMELEAF]     * Execution Attributes:
[THYMELEAF]         * "StandardExpressionParser": com.intuit.karate.template.KarateStandardDialect@1d637673
[THYMELEAF]         * "StandardJavaScriptSerializer": org.thymeleaf.standard.serializer.StandardJavaScriptSerializer@68a5aadd
[THYMELEAF]         * "StandardCSSSerializer": org.thymeleaf.standard.serializer.StandardCSSSerializer@1c2096c6
[THYMELEAF]         * "StandardVariableExpressionEvaluator": com.intuit.karate.template.KarateStandardDialect@1d637673
[THYMELEAF]         * "StandardConversionService": org.thymeleaf.standard.expression.StandardConversionService@1a89414e
[THYMELEAF] * Dialect [2 of 2]: karate (com.intuit.karate.template.KarateScriptDialect)
[THYMELEAF]     * Prefix: "ka"
[THYMELEAF]     * Processors for Template Mode: HTML
[THYMELEAF]         * Element Tag Processors by [matching element and attribute name] [precedence]:
[THYMELEAF]             * [* {src}] [1000]: com.intuit.karate.template.KaScriptAttrProcessor
[THYMELEAF]         * Element Model Processors by [matching element and attribute name] [precedence]:
[THYMELEAF]             * [{script} {ka:scope,data-ka-scope}] [1000]: com.intuit.karate.template.KaScriptElemProcessor
[THYMELEAF]             * [* {ka:set,data-ka-set}] [1000]: com.intuit.karate.template.KaSetElemProcessor
[THYMELEAF] TEMPLATE ENGINE CONFIGURED OK
11:43:23.477 [main] DEBUG org.thymeleaf.TemplateEngine - [THYMELEAF] TEMPLATE ENGINE INITIALIZED

HTML report: (paste into browser to view) | Karate version: 1.4.0
file:///Users/app/IdeaProjects/KarateFrameWork/target/karate-reports/karate-summary.html
===================================================================

]]></system-out>
  </testcase>
</testsuite>